s 1300567553.121 _0 JNRQ 42 255 0d51a416 12319 localhost
r 1300567553.122 localhost_12311 HLLO 38 1 f8bc6441 12311 localhost
r 1300567553.159 localhost_12311 JNRS 62 1 b143e115 51a41603 259 12311 localhost
r 1300567553.159 localhost_12311 JNRS 62 1 00000000 51a41661 71265 12313 localhost
r 1300567553.159 localhost_12311 JNRS 62 1 00000000 51a41600 0 12318 localhost
r 1300567553.159 localhost_12311 JNRS 62 1 00000000 51a4167a 3131247994 12312 localhost
r 1300567559.123 localhost_12318 HLLO 38 1 bdcf3a69 12318 localhost
r 1300567559.124 localhost_12311 HLLO 38 1 e2af6c62 12311 localhost
r 1300567564.234 localhost_12311 KPAV 27 49 c6c11a19 
r 1300567566.565 localhost_12318 KPAV 27 49 87cdbf20 
s 1300567567.126 localhost_12311 KPAV 27 49 86068ddf 
s 1300567567.126 localhost_12311 KPAV 27 49 86068ddf 
r 1300567570.235 localhost_12311 KPAV 27 49 af8410fe 
r 1300567574.566 localhost_12318 KPAV 27 49 3121efe5 
s 1300567575.127 localhost_12311 KPAV 27 49 b663240e 
s 1300567575.127 localhost_12311 KPAV 27 49 b663240e 
r 1300567576.236 localhost_12311 KPAV 27 49 6db64d96 
r 1300567582.237 localhost_12311 KPAV 27 49 debe10a9 
r 1300567582.570 localhost_12318 KPAV 27 49 90974912 
s 1300567583.128 localhost_12311 KPAV 27 49 9b051095 
s 1300567583.128 localhost_12311 KPAV 27 49 9b051095 
r 1300567588.238 localhost_12311 KPAV 27 49 76ad55b0 
r 1300567590.572 localhost_12318 KPAV 27 49 aade0375 
s 1300567591.130 localhost_12318 KPAV 27 49 afa5a805 
s 1300567591.130 localhost_12318 KPAV 27 49 afa5a805 
r 1300567594.239 localhost_12311 KPAV 27 49 c86e95d3 
r 1300567598.574 localhost_12318 KPAV 27 49 66da48c5 
s 1300567599.132 localhost_12311 KPAV 27 49 c0efa49e 
s 1300567599.132 localhost_12311 KPAV 27 49 c0efa49e 
r 1300567600.240 localhost_12311 KPAV 27 49 aca1581f 
r 1300567606.241 localhost_12311 KPAV 27 49 a5e6075b 
r 1300567606.575 localhost_12318 KPAV 27 49 71d879aa 
s 1300567607.133 localhost_12311 KPAV 27 49 9503c341 
s 1300567607.133 localhost_12311 KPAV 27 49 9503c341 
r 1300567612.242 localhost_12311 KPAV 27 49 0c780408 
r 1300567614.577 localhost_12318 KPAV 27 49 002b7dbd 
s 1300567615.134 localhost_12318 KPAV 27 49 1c845f5d 
s 1300567615.134 localhost_12311 KPAV 27 49 a1959ffd 
r 1300567616.274 localhost_12311 NTFY 28 1 47c5f961 1
r 1300567622.579 localhost_12318 KPAV 27 49 0aa26de2 
s 1300567623.136 localhost_12318 KPAV 27 49 19b3f44e 
r 1300567630.580 localhost_12318 KPAV 27 49 1b4d6d23 
s 1300567631.138 localhost_12318 KPAV 27 49 86f529ee 
r 1300567638.583 localhost_12318 KPAV 27 49 dafe2e6e 
s 1300567639.139 localhost_12318 KPAV 27 49 91699b2d 
r 1300567646.584 localhost_12318 KPAV 27 49 e599901c 
s 1300567647.141 localhost_12318 KPAV 27 49 2b9ce7de 
r 1300567654.586 localhost_12318 KPAV 27 49 45aaa875 
s 1300567655.142 localhost_12318 KPAV 27 49 9715ef10 
r 1300568317.431 localhost_12311 HLLO 38 1 8fb73408 12311 localhost
r 1300568317.431 localhost_12318 HLLO 38 1 793c794b 12318 localhost
r 1300568322.646 localhost_12311 KPAV 27 49 a766a556 
r 1300568325.340 localhost_12318 KPAV 27 49 8df800aa 
s 1300568325.432 localhost_12318 KPAV 27 49 f71c9a9b 
s 1300568325.432 localhost_12318 KPAV 27 49 f71c9a9b 
r 1300568328.647 localhost_12311 KPAV 27 49 a7785ede 
r 1300568333.342 localhost_12318 KPAV 27 49 d7d85c2e 
s 1300568333.433 localhost_12311 KPAV 27 49 0c822aa7 
s 1300568333.433 localhost_12311 KPAV 27 49 0c822aa7 
r 1300568334.648 localhost_12311 KPAV 27 49 d38c88a9 
r 1300568338.524 localhost_12318 NTFY 28 1 40730544 1
r 1300568340.649 localhost_12311 KPAV 27 49 6a4e79a2 
s 1300568341.435 localhost_12311 KPAV 27 49 47354e4d 
r 1300568346.650 localhost_12311 KPAV 27 49 da496a8e 
r 1300568348.584 localhost_12311 NTFY 28 1 cdf73c6f 1
r 1300570728.501 localhost_12311 HLLO 38 1 75c15fdb 12311 localhost
r 1300570728.501 localhost_12318 HLLO 38 1 007b6a36 12318 localhost
r 1300570734.194 localhost_12311 KPAV 27 49 9a169890 
r 1300570735.903 localhost_12318 KPAV 27 49 bc876770 
s 1300570736.502 localhost_12318 KPAV 27 49 f71e88de 
s 1300570736.502 localhost_12311 KPAV 27 49 b7650a2f 
r 1300570740.195 localhost_12311 KPAV 27 49 03689e0f 
r 1300570743.905 localhost_12318 KPAV 27 49 0b6fcb17 
s 1300570744.504 localhost_12318 KPAV 27 49 40502026 
s 1300570744.504 localhost_12311 KPAV 27 49 73b98901 
r 1300570744.724 localhost_12318 STRQ 28 20 8ba31b9d 1
s 1300570744.724 localhost_12318 STRS 90 1 86801ed8 
f 1300570744.724 localhost_12311 STRQ 28 19 8ba31b9d 1
r 1300570744.725 localhost_12311 STRQ 28 255 dc0e2bd6 1
s 1300570744.725 localhost_12311 STRS 90 1 2c8f3084 
f 1300570744.725 localhost_12318 STRQ 28 254 dc0e2bd6 1
r 1300570744.763 localhost_12318 STRQ 28 20 509cc100 1
r 1300570744.763 localhost_12318 STRS 105 1 e4503571 
s 1300570744.763 localhost_12318 STRS 90 1 e5b01bf0 
f 1300570744.763 localhost_12311 STRQ 28 19 509cc100 1
f 1300570744.763 localhost_12311 STRS 105 1 00000000 
s 1300570744.805 localhost_12318 STRS 90 1 921efc7c 
s 1300570744.805 localhost_12318 STRS 90 1 921efc7c 
f 1300570744.805 localhost_12311 STRQ 28 19 90155913 1
f 1300570744.806 localhost_12311 STRS 105 1 00000000 
f 1300570744.883 localhost_12311 STRS 90 1 00000000 
f 1300570744.883 localhost_12311 STRS 90 1 00000000 
r 1300570750.197 localhost_12311 KPAV 27 49 43eee236 
r 1300570751.906 localhost_12318 KPAV 27 49 883a0820 
s 1300570752.505 localhost_12318 KPAV 27 49 e827fc0e 
s 1300570752.505 localhost_12311 KPAV 27 49 d1b4a737 
r 1300570756.198 localhost_12311 KPAV 27 49 e78d1973 
r 1300570759.908 localhost_12318 KPAV 27 49 e0b67844 
s 1300570760.507 localhost_12318 KPAV 27 49 aea11dba 
s 1300570760.507 localhost_12311 KPAV 27 49 ad2bad6d 
r 1300570762.199 localhost_12311 KPAV 27 49 8969229b 
r 1300570767.909 localhost_12318 KPAV 27 49 d3303813 
r 1300570768.201 localhost_12311 KPAV 27 49 22a277f6 
s 1300570768.509 localhost_12318 KPAV 27 49 af4635b7 
s 1300570768.509 localhost_12311 KPAV 27 49 8e6aa463 
r 1300570774.202 localhost_12311 KPAV 27 49 9526043f 
r 1300570775.911 localhost_12318 KPAV 27 49 2448fcba 
s 1300570776.511 localhost_12318 KPAV 27 49 4d9414ac 
s 1300570776.511 localhost_12311 KPAV 27 49 8d89a4cb 
r 1300570780.204 localhost_12311 KPAV 27 49 b1dbb243 
r 1300570783.913 localhost_12318 KPAV 27 49 16751761 
s 1300570784.512 localhost_12318 KPAV 27 49 c0a72e6e 
s 1300570784.512 localhost_12311 KPAV 27 49 4f41ed84 
r 1300570786.205 localhost_12311 KPAV 27 49 01f532a3 
r 1300570791.914 localhost_12318 KPAV 27 49 0a5ee216 
r 1300570792.206 localhost_12311 KPAV 27 49 15121fda 
s 1300570792.514 localhost_12318 KPAV 27 49 b0de9953 
s 1300570792.514 localhost_12311 KPAV 27 49 4000926f 
r 1300570798.207 localhost_12311 KPAV 27 49 8798c3cb 
r 1300570799.915 localhost_12318 KPAV 27 49 31021616 
s 1300570800.516 localhost_12318 KPAV 27 49 dce7c518 
s 1300570800.516 localhost_12311 KPAV 27 49 e6083c19 
r 1300570804.209 localhost_12311 KPAV 27 49 049ddeb0 
r 1300570807.917 localhost_12318 KPAV 27 49 3784f77a 
s 1300570808.518 localhost_12318 KPAV 27 49 9b6571cf 
s 1300570808.518 localhost_12311 KPAV 27 49 9c22651a 
r 1300570810.209 localhost_12311 KPAV 27 49 59039eb9 
r 1300570815.918 localhost_12318 KPAV 27 49 906ad599 
r 1300570816.211 localhost_12311 KPAV 27 49 421e0946 
s 1300570816.519 localhost_12318 KPAV 27 49 d9ddbdea 
s 1300570816.519 localhost_12311 KPAV 27 49 d4f4e439 
r 1300570822.213 localhost_12311 KPAV 27 49 22073211 
r 1300570823.919 localhost_12318 KPAV 27 49 1ce6e74d 
s 1300570824.521 localhost_12318 KPAV 27 49 acd63de1 
s 1300570824.521 localhost_12311 KPAV 27 49 63aca71b 
r 1300570828.214 localhost_12311 KPAV 27 49 240142ff 
s 1300570831.763 localhost_12318 STRQ 28 255 7b0b6b1f 1
s 1300570831.763 localhost_12311 STRQ 28 255 0961edd3 1
r 1300570831.766 localhost_12311 STRS 120 1 b80275f6 
r 1300570831.766 localhost_12311 STRQ 28 19 7b0b6b1f 1
r 1300570831.766 localhost_12311 STRS 90 1 00000000 
r 1300570831.766 localhost_12311 STRS 105 1 00000000 
r 1300570831.767 localhost_12318 STRS 105 1 afa9d0d3 
r 1300570831.767 localhost_12318 STRQ 28 20 0961edd3 1
r 1300570831.767 localhost_12318 STRS 120 1 00000000 
r 1300570831.806 localhost_12318 STRS 105 1 00000000 
r 1300570831.806 localhost_12311 STRS 105 1 00000000 
r 1300570831.806 localhost_12318 STRS 90 1 00000000 
r 1300570837.216 localhost_12311 KPAV 27 49 1eb6b4c1 
r 1300570838.923 localhost_12318 KPAV 27 49 6da0fa11 
s 1300570839.524 localhost_12318 KPAV 27 49 a46fc4f6 
s 1300570839.524 localhost_12311 KPAV 27 49 3e5c9ad6 
r 1300570843.217 localhost_12311 KPAV 27 49 f18a332b 
r 1300570846.924 localhost_12318 KPAV 27 49 2146f171 
s 1300570847.526 localhost_12318 KPAV 27 49 14e416a5 
s 1300570847.526 localhost_12311 KPAV 27 49 01624032 
r 1300570849.218 localhost_12311 KPAV 27 49 6dadd854 
r 1300570854.925 localhost_12318 KPAV 27 49 2604500e 
r 1300570855.219 localhost_12311 KPAV 27 49 1662207f 
s 1300570855.527 localhost_12318 KPAV 27 49 ca3cd58f 
s 1300570855.527 localhost_12311 KPAV 27 49 5d4b403e 
r 1300570861.220 localhost_12311 KPAV 27 49 ceef9999 
r 1300570862.927 localhost_12318 KPAV 27 49 eae5c106 
s 1300570863.528 localhost_12318 KPAV 27 49 bf844194 
s 1300570863.528 localhost_12311 KPAV 27 49 8b6b03d9 
r 1300570867.221 localhost_12311 KPAV 27 49 4cc3246b 
r 1300570870.928 localhost_12318 KPAV 27 49 6ecf99ac 
s 1300570871.530 localhost_12318 KPAV 27 49 87a03e9f 
s 1300570871.530 localhost_12311 KPAV 27 49 704eafc8 
r 1300570873.223 localhost_12311 KPAV 27 49 864f2f8e 
r 1300570878.931 localhost_12318 KPAV 27 49 e34e5a2b 
r 1300570879.224 localhost_12311 KPAV 27 49 727f1b3b 
s 1300570879.532 localhost_12318 KPAV 27 49 ac9cfa4d 
s 1300570879.532 localhost_12311 KPAV 27 49 12645371 
r 1300570885.225 localhost_12311 KPAV 27 49 fa5f9b8b 
r 1300570886.932 localhost_12318 KPAV 27 49 1b6fdb14 
s 1300570887.534 localhost_12318 KPAV 27 49 e6fa4d3f 
s 1300570887.534 localhost_12311 KPAV 27 49 9970f086 
r 1300570891.226 localhost_12311 KPAV 27 49 4ef50e07 
r 1300570894.934 localhost_12318 KPAV 27 49 dbaf6696 
s 1300570895.535 localhost_12318 KPAV 27 49 3f841089 
s 1300570895.535 localhost_12311 KPAV 27 49 a4ee9fe1 
r 1300570897.228 localhost_12311 KPAV 27 49 e6167904 
r 1300570902.935 localhost_12318 KPAV 27 49 b0036352 
r 1300570903.229 localhost_12311 KPAV 27 49 198b6bea 
s 1300570903.537 localhost_12318 KPAV 27 49 da498396 
s 1300570903.537 localhost_12311 KPAV 27 49 605ae23e 
r 1300570909.231 localhost_12311 KPAV 27 49 e7f9b7fc 
r 1300570910.937 localhost_12318 KPAV 27 49 fd6e90bf 
s 1300570911.539 localhost_12318 KPAV 27 49 95c30242 
s 1300570911.539 localhost_12311 KPAV 27 49 eb1d023b 
r 1300570915.232 localhost_12311 KPAV 27 49 b5a191d2 
r 1300570918.939 localhost_12318 KPAV 27 49 1673bf6f 
s 1300570919.541 localhost_12318 KPAV 27 49 32ef8c8a 
s 1300570919.541 localhost_12311 KPAV 27 49 da5746da 
r 1300570921.233 localhost_12311 KPAV 27 49 5a39ca0b 
r 1300659872.204 localhost_12318 HLLO 38 1 1df3f2ee 12318 localhost
f 1300659876.079 localhost_12318 STRQ 28 255 39f7ce65 1
r 1300659876.116 localhost_12318 STRS 105 1 1c232de7 
r 1300659876.116 localhost_12318 STRS 105 1 00000000 
r 1300659876.116 localhost_12318 STRS 105 1 00000000 
r 1300659876.116 localhost_12318 STRS 90 1 00000000 
r 1300659891.300 localhost_12318 STRQ 28 20 5497c473 1
s 1300659891.300 localhost_12318 STRS 75 1 3265ab3a 
r 1300661225.128 localhost_12318 HLLO 38 1 2413bacc 12318 localhost
r 1300661659.362 localhost_12318 HLLO 38 1 f0c6e224 12318 localhost
r 1300661730.714 localhost_12318 HLLO 38 1 88b89682 12318 localhost
r 1300661788.702 localhost_12318 HLLO 38 1 321b80cc 12318 localhost
s 1300662604.839 _0 JNRQ 42 255 5d69d5f8 12319 localhost
r 1300662604.839 localhost_12311 HLLO 38 1 798aea29 12311 localhost
r 1300662604.839 localhost_12311 JNRS 62 1 f7f133ac 69d5f803 259 12311 localhost
r 1300662604.878 localhost_12311 JNRS 62 1 6c686f73 69d5f861 71265 12313 localhost
r 1300662604.878 localhost_12311 JNRS 62 1 6c686f73 69d5f87a 3131247994 12312 localhost
r 1300662645.146 localhost_12318 HLLO 38 1 55aa69f8 12318 localhost
s 1300662650.970 localhost_12318 NTFY 28 1 f0aefd03 1
r 1300662777.162 localhost_12318 HLLO 38 1 fbdbf4a5 12318 localhost
s 1300662783.476 localhost_12318 NTFY 28 1 45ee7708 1
r 1300663456.642 localhost_12318 HLLO 38 1 383d47ab 12318 localhost
r 1300663890.746 localhost_12318 HLLO 38 1 3a333f37 12318 localhost
r 1300663893.939 localhost_12318 STRQ 28 20 8a0e5c8c 1
s 1300663893.939 localhost_12318 STRS 75 1 6352fd98 
s 1300663900.146 localhost_12318 NTFY 28 1 66ca11d6 1
r 1300664132.053 localhost_12318 HLLO 38 1 ce367efc 12318 localhost
r 1300664136.737 localhost_12318 STRQ 28 20 6b3160a9 1
s 1300664136.738 localhost_12318 STRS 75 1 02f8ba71 
r 1300664160.242 localhost_12318 HLLO 38 1 69cbb8f8 12318 localhost
r 1300664204.004 localhost_12318 HLLO 38 1 7d794050 12318 localhost
f 1300664208.788 localhost_12318 STRQ 28 255 8c41ccf3 1
r 1300664208.830 localhost_12318 STRS 105 1 7b90d2d7 
r 1300664208.830 localhost_12318 STRS 105 1 6c686f73 
r 1300664208.831 localhost_12318 STRS 90 1 00000000 
r 1300664230.145 localhost_12318 HLLO 38 1 9300baf2 12318 localhost
s 1300664234.707 localhost_12318 NTFY 28 1 026fe910 1
r 1300664359.223 localhost_12318 HLLO 38 1 6e805b9f 12318 localhost
s 1300664362.877 _0 NTFY 28 1 0f1ce122 1
r 1300664521.602 localhost_12318 HLLO 38 1 6afbdedb 12318 localhost
s 1300664530.120 localhost_12318 NTFY 28 1 62314cc8 1
r 1300664846.643 localhost_12318 HLLO 38 1 e93d561e 12318 localhost
s 1300664849.287 localhost_12318 NTFY 28 1 fa78940a 1
r 1300665124.971 localhost_12318 HLLO 38 1 3174ac88 12318 localhost
r 1300666188.393 localhost_12318 HLLO 38 1 d6a6ca13 12318 localhost
r 1300666269.322 localhost_12318 HLLO 38 1 720fe2fe 12318 localhost
s 1300666285.560 _0 NTFY 28 1 b1a7436e 1
