localhost:12318 has no file
localhost:12312 has 3 files
[metadata]
FileName=test3.png
FileSize=268263
SHA1=162301aa07a36d1744897f3c062ce24b5b9070b9
Nonce=6fc0fce4e018d8cee8d1be8afc2663a28d4511ec
Keywords=format png test3 not text file
Bit-vector=0004000000000000000000000000020080000000000000080000000000000000000004000000000000000000000000000000000000000000000800000000000000000000020000000000000000000000000000000000000000000000000000000000000000020000000010010100000000000000000000000000000800000000
[metadata]
FileName=test2.txt
FileSize=30
SHA1=2389454054835ce3f9516a3930623bf7e351cf74
Nonce=e7449d2819d9548b35bb7f47b8f6ab3cb7d3b959
Keywords=format txt again test2 creation
Bit-vector=0000000000000000000000000000000000000004080000000000000082000000000000000000000000000000000000000000000000000000000800000000000000000000020000000000000000000000000000000000000000000800000000001000800000000000000000000000000000000000001000000000000000000000
[metadata]
FileName=test1.txt
FileSize=30
SHA1=beed3bc373ccd7054fb7745a83e64db0b266e7f7
Nonce=872cc94fc19b29742e54c51e5d6b881f65656b14
Keywords=format txt test1 my created
Bit-vector=0000000000000000000000000000000800000000000000000000000002000000000000040000000000001000000000000000000000000000000800000000000000000000020000000000000000000400000010000000000000000000000000000000000000000000000000000000000000000000001008000000000000000000
localhost:12311 has 3 files
[metadata]
FileName=test3.png
FileSize=268263
SHA1=162301aa07a36d1744897f3c062ce24b5b9070b9
Nonce=6fc0fce4e018d8cee8d1be8afc2663a28d4511ec
Keywords=format png test3 not text file
Bit-vector=0004000000000000000000000000020080000000000000080000000000000000000004000000000000000000000000000000000000000000000800000000000000000000020000000000000000000000000000000000000000000000000000000000000000020000000010010100000000000000000000000000000800000000
[metadata]
FileName=test2.txt
FileSize=30
SHA1=2389454054835ce3f9516a3930623bf7e351cf74
Nonce=e7449d2819d9548b35bb7f47b8f6ab3cb7d3b959
Keywords=format txt again test2 creation
Bit-vector=0000000000000000000000000000000000000004080000000000000082000000000000000000000000000000000000000000000000000000000800000000000000000000020000000000000000000000000000000000000000000800000000001000800000000000000000000000000000000000001000000000000000000000
[metadata]
FileName=test1.txt
FileSize=30
SHA1=beed3bc373ccd7054fb7745a83e64db0b266e7f7
Nonce=872cc94fc19b29742e54c51e5d6b881f65656b14
Keywords=format txt test1 my created
Bit-vector=0000000000000000000000000000000800000000000000000000000002000000000000040000000000001000000000000000000000000000000800000000000000000000020000000000000000000400000010000000000000000000000000000000000000000000000000000000000000000000001008000000000000000000
