// 1303472250.902 : Logging Started
s 1303472251.903 localhost_12311 HLLO 38 1 00000000 12312 localhost
r 1303472252.903 localhost_12311 HLLO 38 1 00000000 12311 localhost
r 1303472253.470 localhost_12313 HLLO 38 1 00000000 12313 localhost
s 1303472254.470 localhost_12313 HLLO 38 1 00000000 12312 localhost
r 1303472273.236 localhost_12311 KPAV 27 1 00000000 
s 1303472273.905 localhost_12311 KPAV 27 1 00000000 
s 1303472274.905 localhost_12313 KPAV 27 1 00000000 
r 1303472276.473 localhost_12313 KPAV 27 1 00000000 
r 1303472283.768 localhost_12313 SHRQ 40 255 5da0c120 filename faceFoto.jpg
f 1303472283.768 localhost_12311 SHRQ 40 254 5da0c120 filename faceFoto.jpgg
// 1303472332.921 : Logging Started
s 1303472332.922 localhost_12313 HLLO 38 1 00000000 12312 localhost
s 1303472333.922 localhost_12311 HLLO 38 1 00000000 12312 localhost
r 1303472333.922 localhost_12313 HLLO 38 1 00000000 12313 localhost
r 1303472334.923 localhost_12311 HLLO 38 1 00000000 12311 localhost
r 1303472354.485 localhost_12313 KPAV 27 1 00000000 
r 1303472355.772 localhost_12311 KPAV 27 1 00000000 
s 1303472355.925 localhost_12313 KPAV 27 1 00000000 
s 1303472355.926 localhost_12311 KPAV 27 1 00000000 
r 1303472375.489 localhost_12313 KPAV 27 1 00000000 
r 1303472376.774 localhost_12311 KPAV 27 1 00000000 
s 1303472376.928 localhost_12311 KPAV 27 1 00000000 
s 1303472376.928 localhost_12313 KPAV 27 1 00000000 
r 1303472396.491 localhost_12313 KPAV 27 1 00000000 
r 1303472397.776 localhost_12311 KPAV 27 1 00000000 
s 1303472397.930 localhost_12313 KPAV 27 1 00000000 
s 1303472397.930 localhost_12311 KPAV 27 1 00000000 
r 1303472417.494 localhost_12313 KPAV 27 1 00000000 
r 1303472418.778 localhost_12311 KPAV 27 1 00000000 
s 1303472418.932 localhost_12311 KPAV 27 1 00000000 
s 1303472418.932 localhost_12313 KPAV 27 1 00000000 
r 1303472438.497 localhost_12313 KPAV 27 1 00000000 
r 1303472439.782 localhost_12311 KPAV 27 1 00000000 
s 1303472439.934 localhost_12311 KPAV 27 1 00000000 
s 1303472439.934 localhost_12313 KPAV 27 1 00000000 
r 1303472459.500 localhost_12313 KPAV 27 1 00000000 
r 1303472460.785 localhost_12311 KPAV 27 1 00000000 
s 1303472460.936 localhost_12313 KPAV 27 1 00000000 
s 1303472460.937 localhost_12311 KPAV 27 1 00000000 
// 1303472879.444 : Logging Started
r 1303472879.525 localhost_12311 HLLO 38 1 00000000 12311 localhost
s 1303472880.525 localhost_12311 HLLO 38 1 00000000 12312 localhost
r 1303472881.013 localhost_12313 HLLO 38 1 00000000 12313 localhost
s 1303472882.013 localhost_12313 HLLO 38 1 00000000 12312 localhost
// 1303472972.144 : Logging Started
s 1303472973.145 localhost_12311 HLLO 38 1 00000000 12312 localhost
r 1303472973.776 localhost_12313 HLLO 38 1 00000000 12313 localhost
r 1303472974.146 localhost_12311 HLLO 38 1 00000000 12311 localhost
s 1303472974.775 localhost_12313 HLLO 38 1 00000000 12312 localhost
// 1303473278.193 : Logging Started
s 1303473279.193 localhost_12311 HLLO 38 1 00000000 12312 localhost
r 1303473280.194 localhost_12311 HLLO 38 1 00000000 12311 localhost
r 1303473284.526 localhost_12313 HLLO 38 1 00000000 12313 localhost
s 1303473285.526 localhost_12313 HLLO 38 1 00000000 12312 localhost
