// 1302680222.908 : Logging Started
//Initiating the Join process, since Init_Neighbor file not present
s 1302680223.909 localhost_12311 JNRQ 42 20 00000000 12318 localhost
r 1302680224.909 localhost_12311 JNRS 62 1 00000000 00000000 259 12311 localhost
r 1302680224.910 localhost_12312 JNRS 62 1 00000000 00000000 -1163719302 12312 localhost
//Failed to locate Init Neighbor number of nodes
// 1302680252.214 : Logging Started
s 1302680252.216 localhost_12311 HLLO 38 1 00000000 12318 localhost
r 1302680253.216 localhost_12311 HLLO 38 1 00000000 12311 localhost
s 1302680268.380 localhost_12311 STRQ 28 20 7d75a6b8 neighbors
r 1302680268.381 localhost_12311 STRS 90 1 00000000 7d75a6b8
r 1302680268.381 localhost_12311 STRS 75 1 00000000 7d75a6b8
s 1302680278.440 localhost_12311 NTFY 28 1 00000000 1
// 1302680279.441 : Logging Stopped
// 1302680363.167 : Logging Started
s 1302680363.168 localhost_12311 HLLO 38 1 00000000 12318 localhost
r 1302680364.169 localhost_12311 HLLO 38 1 00000000 12311 localhost
s 1302680378.530 localhost_12311 SHRQ 37 20 b617e72a 
r 1302680378.531 localhost_12311 SHRS 512 1 00000000 
r 1302680378.531 localhost_12311 SHRS 512 1 00000000 
r 1302680399.467 localhost_12311 KPAV 27 1 00000000 
r 1302680420.470 localhost_12311 KPAV 27 1 00000000 
// 1302680538.560 : Logging Stopped
// 1302680538.560 : Logging Started
//Initiating the Join process, since Init_Neighbor file not present
s 1302680538.560 localhost_12311 JNRQ 42 20 00000000 12318 localhost
r 1302680539.561 localhost_12311 JNRS 62 1 00000000 00000000 259 12311 localhost
r 1302680539.561 localhost_12312 JNRS 62 1 00000000 00000000 -1163719302 12312 localhost
//Failed to locate Init Neighbor number of nodes
// 1302688817.378 : Logging Started
//Initiating the Join process, since Init_Neighbor file not present
s 1302688818.379 localhost_12311 JNRQ 42 20 00000000 12318 localhost
r 1302688819.380 localhost_12311 JNRS 62 1 00000000 00000000 259 12311 localhost
r 1302688819.380 localhost_12312 JNRS 62 1 00000000 00000000 -1163719302 12312 localhost
//Failed to locate Init Neighbor number of nodes
// 1302688826.278 : Logging Started
//Initiating the Join process, since Init_Neighbor file not present
s 1302688827.279 localhost_12311 JNRQ 42 20 00000000 12318 localhost
//Failed to locate Init Neighbor number of nodes
// 1302689379.508 : Logging Started
//Initiating the Join process, since Init_Neighbor file not present
s 1302689380.510 localhost_12311 JNRQ 42 20 00000000 12318 localhost
r 1302689381.510 localhost_12311 JNRS 62 1 00000000 00000000 259 12311 localhost
r 1302689381.510 localhost_12312 JNRS 62 1 00000000 00000000 -1163719302 12312 localhost
//Failed to locate Init Neighbor number of nodes
// 1302689404.323 : Logging Started
s 1302689404.324 localhost_12311 HLLO 38 1 00000000 12318 localhost
r 1302689405.324 localhost_12311 HLLO 38 1 00000000 12311 localhost
r 1302689425.410 localhost_12311 KPAV 27 1 00000000 
s 1302689440.829 localhost_12311 SHRQ 37 20 c0f41d5e 
r 1302689440.830 localhost_12311 SHRS 511 1 00000000 
r 1302689440.830 localhost_12311 SHRS 511 1 00000000 
r 1302689461.416 localhost_12311 KPAV 27 1 00000000 
r 1302689482.418 localhost_12311 KPAV 27 1 00000000 
// 1302689643.368 : Logging Started
s 1302689643.370 localhost_12311 HLLO 38 1 00000000 12318 localhost
r 1302689644.370 localhost_12311 HLLO 38 1 00000000 12311 localhost
s 1302689656.232 localhost_12311 SHRQ 37 20 20be1d35 
r 1302689656.233 localhost_12311 SHRS 511 1 00000000 
r 1302689656.234 localhost_12311 SHRS 511 1 00000000 
r 1302689676.645 localhost_12311 KPAV 27 1 00000000 
r 1302689697.648 localhost_12311 KPAV 27 1 00000000 
// 1302690343.721 : Logging Stopped
// 1302690343.721 : Logging Started
//Initiating the Join process, since Init_Neighbor file not present
s 1302690343.722 localhost_12311 JNRQ 42 20 00000000 12318 localhost
r 1302690344.722 localhost_12311 JNRS 62 1 00000000 00000000 259 12311 localhost
r 1302690344.722 localhost_12312 JNRS 62 1 00000000 00000000 -1163719302 12312 localhost
//Failed to locate Init Neighbor number of nodes
// 1302690500.734 : Logging Started
s 1302690500.735 localhost_12311 HLLO 38 1 00000000 12318 localhost
r 1302690501.736 localhost_12311 HLLO 38 1 00000000 12311 localhost
s 1302690508.233 localhost_12311 SHRQ 37 20 ab6f6ae8 
// 1302690652.901 : Logging Started
s 1302690652.918 localhost_12311 HLLO 38 1 00000000 12318 localhost
r 1302690653.917 localhost_12311 HLLO 38 1 00000000 12311 localhost
s 1302690661.409 localhost_12311 SHRQ 37 20 f173b558 
r 1302690661.411 localhost_12311 SHRS 511 1 00000000 
r 1302690661.411 localhost_12311 SHRS 511 1 00000000 
r 1302690682.384 localhost_12311 KPAV 27 1 00000000 
r 1302690703.386 localhost_12311 KPAV 27 1 00000000 
// 1302690737.674 : Logging Started
s 1302690737.675 localhost_12311 HLLO 38 1 00000000 12318 localhost
r 1302690738.676 localhost_12311 HLLO 38 1 00000000 12311 localhost
s 1302690746.552 localhost_12311 SHRQ 37 20 df2dd8ac 
r 1302690746.553 localhost_12311 SHRS 511 1 00000000 
r 1302690746.554 localhost_12311 SHRS 511 1 00000000 
r 1302690767.172 localhost_12311 KPAV 27 1 00000000 
r 1302690788.175 localhost_12311 KPAV 27 1 00000000 
// 1302691068.638 : Logging Stopped
// 1302691068.639 : Logging Started
//Initiating the Join process, since Init_Neighbor file not present
s 1302691068.639 localhost_12311 JNRQ 42 20 00000000 12318 localhost
r 1302691069.640 localhost_12311 JNRS 62 1 00000000 00000000 259 12311 localhost
r 1302691069.640 localhost_12312 JNRS 62 1 00000000 00000000 -1163719302 12312 localhost
//Failed to locate Init Neighbor number of nodes
// 1302691479.714 : Logging Started
s 1302691479.715 localhost_12311 HLLO 38 1 00000000 12318 localhost
r 1302691480.715 localhost_12311 HLLO 38 1 00000000 12311 localhost
s 1302691497.929 localhost_12311 SHRQ 37 20 dcf42588 
r 1302691497.931 localhost_12311 SHRS 511 1 00000000 
r 1302691497.931 localhost_12311 SHRS 511 1 00000000 
r 1302691518.371 localhost_12311 KPAV 27 1 00000000 
r 1302691539.374 localhost_12311 KPAV 27 1 00000000 
// 1302691617.398 : Logging Started
s 1302691617.400 localhost_12311 HLLO 38 1 00000000 12318 localhost
r 1302691618.400 localhost_12311 HLLO 38 1 00000000 12311 localhost
s 1302691627.239 localhost_12311 SHRQ 37 20 8f7e62df 
r 1302691627.240 localhost_12311 SHRS 511 1 00000000 
r 1302691627.241 localhost_12311 SHRS 511 1 00000000 
r 1302691648.122 localhost_12311 KPAV 27 1 00000000 
r 1302691669.124 localhost_12311 KPAV 27 1 00000000 
// 1302691902.753 : Logging Stopped
// 1302691902.754 : Logging Started
//Initiating the Join process, since Init_Neighbor file not present
s 1302691902.754 localhost_12311 JNRQ 42 20 00000000 12318 localhost
r 1302691903.754 localhost_12311 JNRS 62 1 00000000 00000000 259 12311 localhost
r 1302691903.754 localhost_12312 JNRS 62 1 00000000 00000000 -1163719302 12312 localhost
//Failed to locate Init Neighbor number of nodes
// 1302725241.227 : Logging Started
s 1302725241.243 localhost_12311 HLLO 38 1 00000000 12318 localhost
r 1302725242.243 localhost_12311 HLLO 38 1 00000000 12311 localhost
s 1302725251.658 localhost_12311 SHRQ 37 20 2089eca9 
r 1302725251.932 localhost_12311 SHRS 511 1 00000000 
r 1302725252.005 localhost_12311 SHRS 511 1 00000000 
r 1302725272.266 localhost_12311 KPAV 27 1 00000000 
r 1302725290.608 localhost_12311 SHRQ 37 254 6db6706d 
r 1302725311.272 localhost_12311 KPAV 27 1 00000000 
// 1302725631.569 : Logging Started
s 1302725631.571 localhost_12311 HLLO 38 1 00000000 12318 localhost
r 1302725632.570 localhost_12311 HLLO 38 1 00000000 12311 localhost
s 1302725637.757 localhost_12311 SHRQ 37 20 3184af64 
r 1302725637.757 localhost_12311 SHRS 511 1 00000000 
r 1302725637.758 localhost_12311 SHRS 511 1 00000000 
s 1302725644.497 localhost_12311 SHRQ 39 20 b3b7796a 
r 1302725658.692 localhost_12311 KPAV 27 1 00000000 
r 1302725679.695 localhost_12311 KPAV 27 1 00000000 
r 1302725700.698 localhost_12311 KPAV 27 1 00000000 
// 1302726020.271 : Logging Started
s 1302726020.273 localhost_12311 HLLO 38 1 00000000 12318 localhost
r 1302726021.273 localhost_12311 HLLO 38 1 00000000 12311 localhost
r 1302726029.308 localhost_12311 SHRQ 37 254 fc908bd9 
r 1302726050.057 localhost_12311 KPAV 27 1 00000000 
s 1302726055.847 localhost_12311 SHRQ 37 20 77977965 
r 1302726055.847 localhost_12311 SHRS 511 1 00000000 
r 1302726055.847 localhost_12311 SHRS 511 1 00000000 
r 1302726067.436 localhost_12311 SHRQ 37 254 cf0e3eef 
r 1302726088.062 localhost_12311 KPAV 27 1 00000000 
r 1302726109.065 localhost_12311 KPAV 27 1 00000000 
// 1302726720.772 : Logging Started
s 1302726720.773 localhost_12311 HLLO 38 1 00000000 12318 localhost
r 1302726721.773 localhost_12311 HLLO 38 1 00000000 12311 localhost
s 1302726727.108 localhost_12311 SHRQ 37 20 0e5a2c75 
r 1302726727.109 localhost_12311 SHRS 511 1 00000000 
r 1302726727.153 localhost_12311 SHRS 511 1 00000000 
// 1302741713.750 : Logging Started
s 1302741713.776 localhost_12311 HLLO 38 1 00000000 12318 localhost
r 1302741714.776 localhost_12311 HLLO 38 1 00000000 12311 localhost
r 1302741729.726 localhost_12311 STRQ 28 254 cd8ffd59 files
s 1302741729.726 localhost_12311 STRS 60 1 00000000 cd8ffd59
r 1302741750.364 localhost_12311 KPAV 27 1 00000000 
r 1302741771.368 localhost_12311 KPAV 27 1 00000000 
// 1302741817.222 : Logging Stopped
// 1302741817.222 : Logging Started
//Initiating the Join process, since Init_Neighbor file not present
//NO Beacon Node is up, shuting down
// 1302741934.599 : Logging Started
//Initiating the Join process, since Init_Neighbor file not present
s 1302741934.600 localhost_12311 JNRQ 42 20 00000000 12318 localhost
r 1302741935.600 localhost_12311 JNRS 62 1 00000000 00000000 259 12311 localhost
r 1302741935.600 localhost_12312 JNRS 62 1 00000000 00000000 -1163719302 12312 localhost
//Failed to locate Init Neighbor number of nodes
// 1302741946.578 : Logging Started
s 1302741946.579 localhost_12311 HLLO 38 1 00000000 12318 localhost
r 1302741947.579 localhost_12311 HLLO 38 1 00000000 12311 localhost
r 1302741955.234 localhost_12311 STRQ 28 254 8560d66b files
s 1302741955.234 localhost_12311 STRS 60 1 00000000 8560d66b
r 1302741975.542 localhost_12311 KPAV 27 1 00000000 
r 1302741996.545 localhost_12311 KPAV 27 1 00000000 
// 1302742005.662 : Logging Stopped
// 1302742013.500 : Logging Started
s 1302742013.502 localhost_12311 HLLO 38 1 00000000 12318 localhost
r 1302742014.502 localhost_12311 HLLO 38 1 00000000 12311 localhost
r 1302742020.674 localhost_12311 STRQ 28 254 ab33e223 files
s 1302742020.674 localhost_12311 STRS 60 1 00000000 ab33e223
r 1302742041.382 localhost_12311 KPAV 27 1 00000000 
r 1302742062.385 localhost_12311 KPAV 27 1 00000000 
// 1302742130.645 : Logging Stopped
// 1302742130.645 : Logging Started
//Initiating the Join process, since Init_Neighbor file not present
//NO Beacon Node is up, shuting down
// 1302742259.738 : Logging Started
s 1302742259.739 localhost_12311 HLLO 38 1 00000000 12318 localhost
r 1302742260.739 localhost_12311 HLLO 38 1 00000000 12311 localhost
r 1302742268.606 localhost_12311 STRQ 28 254 5bdde104 files
s 1302742268.606 localhost_12311 STRS 60 1 00000000 5bdde104
r 1302742289.133 localhost_12311 KPAV 27 1 00000000 
r 1302742310.137 localhost_12311 KPAV 27 1 00000000 
// 1302742748.287 : Logging Started
s 1302742748.288 localhost_12311 HLLO 38 1 00000000 12318 localhost
r 1302742749.288 localhost_12311 HLLO 38 1 00000000 12311 localhost
r 1302742754.823 localhost_12311 STRQ 28 254 a4e6eee3 files
s 1302742754.823 localhost_12311 STRS 60 1 00000000 a4e6eee3
r 1302742775.194 localhost_12311 KPAV 27 1 00000000 
// 1302769816.847 : Logging Started
s 1302769816.849 localhost_12311 HLLO 38 1 00000000 12318 localhost
r 1302769817.849 localhost_12311 HLLO 38 1 00000000 12311 localhost
r 1302769838.725 localhost_12311 KPAV 27 1 00000000 
r 1302769859.729 localhost_12311 KPAV 27 1 00000000 
// 1302769942.917 : Logging Started
s 1302769942.918 localhost_12311 HLLO 38 1 00000000 12318 localhost
r 1302769943.998 localhost_12311 HLLO 38 1 00000000 12311 localhost
r 1302769964.120 localhost_12311 KPAV 27 1 00000000 
r 1302769985.123 localhost_12311 KPAV 27 1 00000000 
// 1302770291.824 : Logging Started
s 1302770291.826 localhost_12311 HLLO 38 1 00000000 12318 localhost
r 1302770292.826 localhost_12311 HLLO 38 1 00000000 12311 localhost
r 1302770312.841 localhost_12311 KPAV 27 1 00000000 
r 1302770333.844 localhost_12311 KPAV 27 1 00000000 
// 1302770635.813 : Logging Started
s 1302770635.815 localhost_12311 HLLO 38 1 00000000 12318 localhost
r 1302770636.815 localhost_12311 HLLO 38 1 00000000 12311 localhost
s 1302770653.700 localhost_12311 STRQ 28 20 c79020d7 files
// 1302770723.590 : Logging Stopped
// 1302770723.590 : Logging Started
//Initiating the Join process, since Init_Neighbor file not present
//NO Beacon Node is up, shuting down
