s 1300567515.552 _0 JNRQ 42 20 bc0b43a7 12318 localhost
r 1300567515.552 localhost_12311 HLLO 38 1 f7a40867 12311 localhost
r 1300567515.586 localhost_12311 JNRS 62 1 bc63b176 0b43a703 259 12311 localhost
r 1300567515.586 localhost_12311 JNRS 62 1 00000000 0b43a77a 3131247994 12312 localhost
r 1300567515.586 localhost_12311 JNRS 62 1 6c686f73 0b43a761 71265 12313 localhost
r 1300567521.555 localhost_12311 HLLO 38 1 190659f7 12311 localhost
r 1300567521.555 localhost_12313 HLLO 38 1 ec8440fb 12313 localhost
r 1300567526.946 localhost_12313 KPAV 27 49 a3813399 
r 1300567527.226 localhost_12311 KPAV 27 49 f58bf8f7 
s 1300567529.557 localhost_12311 KPAV 27 49 220538e0 
s 1300567529.557 localhost_12311 KPAV 27 49 220538e0 
r 1300567532.947 localhost_12313 KPAV 27 49 093a40c8 
r 1300567533.227 localhost_12311 KPAV 27 49 5e88c5de 
s 1300567537.558 localhost_12313 KPAV 27 49 04b9d656 
s 1300567537.559 localhost_12311 KPAV 27 49 aad59712 
r 1300567538.948 localhost_12313 KPAV 27 49 d4c82cf1 
r 1300567539.228 localhost_12311 KPAV 27 49 8a50a525 
r 1300567544.949 localhost_12313 KPAV 27 49 5404a18d 
r 1300567545.229 localhost_12311 KPAV 27 49 5169e432 
s 1300567545.560 localhost_12313 KPAV 27 49 68bc70a9 
s 1300567545.560 localhost_12311 KPAV 27 49 27771ae5 
r 1300567550.951 localhost_12313 KPAV 27 49 6e3751ca 
r 1300567551.231 localhost_12311 KPAV 27 49 925f0fd7 
r 1300567553.121 localhost_12311 JNRQ 42 254 0d51a416 12319 localhost
f 1300567553.121 localhost_12313 JNRQ 42 20 0d51a416 12319 localhost
r 1300567553.122 localhost_12313 JNRQ 42 253 0d51a416 12319 localhost
s 1300567553.122 localhost_12311 JNRS 62 1 d5d06170 51a41600 0 12318 localhost
r 1300567558.232 localhost_12311 KPAV 27 49 d5cac3da 
r 1300567559.126 localhost_12319 HLLO 38 1 f4ecb955 12319 localhost
s 1300567560.563 localhost_12311 KPAV 27 49 038dbf94 
r 1300567564.234 localhost_12311 KPAV 27 49 307f680a 
s 1300567566.565 localhost_12319 KPAV 27 49 87cdbf20 
r 1300567567.126 localhost_12319 KPAV 27 49 4fa36a0e 
s 1300567568.565 localhost_12311 KPAV 27 49 04e354ca 
r 1300567570.235 localhost_12311 KPAV 27 49 d7238918 
s 1300567574.566 localhost_12319 KPAV 27 49 3121efe5 
r 1300567575.127 localhost_12319 KPAV 27 49 fa2d93da 
r 1300567576.236 localhost_12311 KPAV 27 49 9bd3773f 
s 1300567576.566 localhost_12311 KPAV 27 49 de7a59e1 
r 1300567582.238 localhost_12311 KPAV 27 49 395bf85d 
s 1300567582.570 localhost_12319 KPAV 27 49 90974912 
r 1300567583.128 localhost_12319 KPAV 27 49 edd7b356 
s 1300567584.571 localhost_12311 KPAV 27 49 4876fb8b 
r 1300567588.238 localhost_12311 KPAV 27 49 b1ded7d6 
s 1300567590.572 localhost_12319 KPAV 27 49 aade0375 
r 1300567591.130 localhost_12319 KPAV 27 49 717ed705 
s 1300567592.573 localhost_12311 KPAV 27 49 ac960087 
r 1300567594.239 localhost_12311 KPAV 27 49 45206b1c 
s 1300567598.574 localhost_12319 KPAV 27 49 66da48c5 
r 1300567599.132 localhost_12319 KPAV 27 49 a50c40e9 
r 1300567600.240 localhost_12311 KPAV 27 49 f745407d 
s 1300567600.574 localhost_12311 KPAV 27 49 251c19e6 
r 1300567606.241 localhost_12311 KPAV 27 49 e1d4408c 
s 1300567606.575 localhost_12319 KPAV 27 49 71d879aa 
r 1300567607.133 localhost_12319 KPAV 27 49 07fb5367 
s 1300567608.576 localhost_12311 KPAV 27 49 3f082bf8 
r 1300567612.243 localhost_12311 KPAV 27 49 8206e45b 
s 1300567614.577 localhost_12319 KPAV 27 49 002b7dbd 
r 1300567615.134 localhost_12319 KPAV 27 49 1c845f5d 
r 1300567616.273 localhost_12311 NTFY 28 1 ac9009e1 1
s 1300567622.579 localhost_12319 KPAV 27 49 0aa26de2 
r 1300567623.136 localhost_12319 KPAV 27 49 19b3f44e 
s 1300567630.580 localhost_12319 KPAV 27 49 1b4d6d23 
r 1300567631.138 localhost_12319 KPAV 27 49 86f529ee 
s 1300567638.583 localhost_12319 KPAV 27 49 dafe2e6e 
r 1300567639.139 localhost_12319 KPAV 27 49 91699b2d 
s 1300567646.584 localhost_12319 KPAV 27 49 e599901c 
r 1300567647.141 localhost_12319 KPAV 27 49 2b9ce7de 
s 1300567654.586 localhost_12319 KPAV 27 49 45aaa875 
r 1300567655.142 localhost_12319 KPAV 27 49 9715ef10 
r 1300568248.763 localhost_12313 HLLO 38 1 28dc3a7b 12313 localhost
r 1300568248.763 localhost_12311 HLLO 38 1 f796ca91 12311 localhost
r 1300568253.813 localhost_12313 KPAV 27 49 876c6482 
r 1300568303.335 localhost_12311 HLLO 38 1 f00471c3 12311 localhost
r 1300568303.336 localhost_12313 HLLO 38 1 4703c642 12313 localhost
r 1300568308.643 localhost_12311 KPAV 27 49 bd779644 
r 1300568308.674 localhost_12313 KPAV 27 49 9bbc1449 
s 1300568311.338 localhost_12311 KPAV 27 49 7e436c60 
s 1300568311.338 localhost_12311 KPAV 27 49 7e436c60 
r 1300568314.644 localhost_12311 KPAV 27 49 9e98a98f 
r 1300568314.675 localhost_12313 KPAV 27 49 a212f5df 
r 1300568317.430 localhost_12319 HLLO 38 1 768f357c 12319 localhost
s 1300568319.339 localhost_12313 KPAV 27 49 5b4bb7af 
s 1300568319.339 localhost_12311 KPAV 27 49 bc134c8d 
r 1300568320.645 localhost_12311 KPAV 27 49 91cc1e8b 
r 1300568320.676 localhost_12313 KPAV 27 49 3a0566c2 
s 1300568325.340 localhost_12319 KPAV 27 49 8df800aa 
r 1300568325.432 localhost_12319 KPAV 27 49 f71c9a9b 
r 1300568326.646 localhost_12311 KPAV 27 49 64b05c9a 
r 1300568326.677 localhost_12313 KPAV 27 49 13a2ca53 
s 1300568327.341 localhost_12311 KPAV 27 49 3209 
s 1300568327.341 localhost_12311 KPAV 27 49 3209 
r 1300568332.648 localhost_12311 KPAV 27 49 199b5ae8 
r 1300568332.678 localhost_12313 KPAV 27 49 d6239240 
s 1300568333.342 localhost_12319 KPAV 27 49 d7d85c2e 
r 1300568333.434 localhost_12319 KPAV 27 49 84f8e64a 
s 1300568335.343 localhost_12313 KPAV 27 49 b3d63f68 
s 1300568335.343 localhost_12313 KPAV 27 49 b3d63f68 
s 1300568338.523 localhost_12313 NTFY 28 1 c827df60 1
s 1300568338.524 localhost_12319 NTFY 28 1 40730544 1
s 1300568338.524 localhost_12311 NTFY 28 1 59df3dec 1
r 1300570724.901 localhost_12311 HLLO 38 1 618a8eaf 12311 localhost
r 1300570724.901 localhost_12313 HLLO 38 1 ed53a522 12313 localhost
r 1300570728.500 localhost_12319 HLLO 38 1 d77cbda1 12319 localhost
r 1300570730.193 localhost_12311 KPAV 27 49 0b67dbd9 
r 1300570730.374 localhost_12313 KPAV 27 49 e440eb87 
s 1300570732.903 localhost_12313 KPAV 27 49 a795a00f 
s 1300570732.903 localhost_12313 KPAV 27 49 a795a00f 
s 1300570735.903 localhost_12319 KPAV 27 49 bc876770 
r 1300570736.194 localhost_12311 KPAV 27 49 0037ebfe 
r 1300570736.376 localhost_12313 KPAV 27 49 8ca5d3cc 
r 1300570736.502 localhost_12319 KPAV 27 49 f71e88de 
s 1300570740.904 localhost_12313 KPAV 27 49 bd6377ee 
s 1300570740.904 localhost_12313 KPAV 27 49 bd6377ee 
r 1300570742.195 localhost_12311 KPAV 27 49 ab16ab08 
r 1300570742.377 localhost_12313 KPAV 27 49 4084c1ac 
s 1300570743.905 localhost_12319 KPAV 27 49 0b6fcb17 
r 1300570744.504 localhost_12319 KPAV 27 49 40502026 
r 1300570744.724 localhost_12311 STRQ 28 255 8ba31b9d 1
f 1300570744.724 localhost_12319 STRQ 28 20 8ba31b9d 1
s 1300570744.724 localhost_12311 STRS 105 1 585fac30 
f 1300570744.724 localhost_12313 STRQ 28 20 8ba31b9d 1
r 1300570744.725 localhost_12313 STRQ 28 253 509cc100 1
f 1300570744.725 localhost_12319 STRQ 28 20 509cc100 1
f 1300570744.725 localhost_12311 STRQ 28 20 509cc100 1
r 1300570744.726 localhost_12319 STRS 90 1 86801ed8 
r 1300570744.726 localhost_12319 STRQ 28 254 dc0e2bd6 1
f 1300570744.726 localhost_12311 STRS 90 1 00000000 
s 1300570744.726 localhost_12311 STRQ 28 20 dc0e2bd6 
f 1300570744.726 localhost_12313 STRQ 28 20 dc0e2bd6 1
f 1300570744.726 localhost_12313 STRQ 28 20 dc0e2bd6 1
r 1300570744.764 localhost_12319 STRS 90 1 e5b01bf0 
f 1300570744.764 localhost_12313 STRS 90 1 00000000 
r 1300570744.764 localhost_12313 STRS 105 1 7136d26a 
r 1300570744.764 localhost_12313 STRQ 28 254 90155913 1
s 1300570744.764 localhost_12313 STRS 105 1 75c05cc7 
f 1300570744.764 localhost_12311 STRQ 28 20 90155913 1
f 1300570744.764 localhost_12311 STRS 105 1 00000000 1
f 1300570744.764 localhost_12311 STRQ 28 20 90155913 1
r 1300570744.765 localhost_12313 STRS 105 1 1206ee3c 
f 1300570744.765 localhost_12311 STRS 90 1 00000000 
f 1300570744.765 localhost_12311 STRS 90 1 00000000 
f 1300570744.765 localhost_12311 STRS 90 1 00000000 
f 1300570744.843 localhost_12319 STRS 90 1 00000000 
f 1300570744.843 localhost_12319 STRS 90 1 00000000 
f 1300570744.843 localhost_12319 STRS 90 1 00000000 
f 1300570744.843 localhost_12319 STRS 90 1 00000000 
r 1300570750.197 localhost_12311 KPAV 27 49 05b4e095 
r 1300570750.379 localhost_12313 KPAV 27 49 0a84b1dd 
s 1300570751.906 localhost_12319 KPAV 27 49 883a0820 
s 1300570751.906 localhost_12313 KPAV 27 49 f76f57b8 
s 1300570751.906 localhost_12311 KPAV 27 49 b1f241f6 
r 1300570752.505 localhost_12319 KPAV 27 49 e827fc0e 
r 1300570756.198 localhost_12311 KPAV 27 49 fcd9622c 
r 1300570756.380 localhost_12313 KPAV 27 49 dffcad5b 
s 1300570759.908 localhost_12319 KPAV 27 49 e0b67844 
s 1300570759.908 localhost_12313 KPAV 27 49 5dad8aac 
s 1300570759.908 localhost_12311 KPAV 27 49 d8abb8e5 
r 1300570760.507 localhost_12319 KPAV 27 49 aea11dba 
r 1300570762.199 localhost_12311 KPAV 27 49 5ad54540 
r 1300570762.381 localhost_12313 KPAV 27 49 5ee7a459 
s 1300570767.909 localhost_12311 KPAV 27 49 bc048fe2 
s 1300570767.909 localhost_12313 KPAV 27 49 c0374d89 
s 1300570767.909 localhost_12313 KPAV 27 49 c0374d89 
r 1300570768.201 localhost_12311 KPAV 27 49 4d836b22 
r 1300570768.382 localhost_12313 KPAV 27 49 57fa660e 
r 1300570768.509 localhost_12319 KPAV 27 49 af4635b7 
r 1300570774.203 localhost_12311 KPAV 27 49 36f94f69 
r 1300570774.384 localhost_12313 KPAV 27 49 69e1bacd 
s 1300570775.911 localhost_12313 KPAV 27 49 b23dcd7f 
s 1300570775.911 localhost_12311 KPAV 27 49 ecf25724 
r 1300570776.511 localhost_12319 KPAV 27 49 4d9414ac 
r 1300570780.204 localhost_12311 KPAV 27 49 0bc4ff52 
r 1300570780.385 localhost_12313 KPAV 27 49 c3873519 
s 1300570783.912 localhost_12313 KPAV 27 49 bdce8ed5 
s 1300570783.912 localhost_12313 KPAV 27 49 bdce8ed5 
s 1300570783.913 localhost_12319 KPAV 27 49 16751761 
r 1300570784.512 localhost_12319 KPAV 27 49 c0a72e6e 
r 1300570786.205 localhost_12311 KPAV 27 49 9ba99b73 
r 1300570786.387 localhost_12313 KPAV 27 49 427400ab 
s 1300570791.914 localhost_12319 KPAV 27 49 0a5ee216 
s 1300570791.914 localhost_12311 KPAV 27 49 aab9da25 
s 1300570791.914 localhost_12311 KPAV 27 49 aab9da25 
r 1300570792.207 localhost_12311 KPAV 27 49 99bd8fcc 
r 1300570792.388 localhost_12313 KPAV 27 49 b7e149c7 
r 1300570792.514 localhost_12319 KPAV 27 49 b0de9953 
r 1300570798.208 localhost_12311 KPAV 27 49 084a8c6f 
r 1300570798.390 localhost_12313 KPAV 27 49 831406d9 
s 1300570799.915 localhost_12319 KPAV 27 49 31021616 
s 1300570799.915 localhost_12313 KPAV 27 49 1e322893 
s 1300570799.915 localhost_12311 KPAV 27 49 fc87a03a 
r 1300570800.516 localhost_12319 KPAV 27 49 dce7c518 
r 1300570804.209 localhost_12311 KPAV 27 49 58061356 
r 1300570804.391 localhost_12313 KPAV 27 49 a2026992 
s 1300570807.917 localhost_12319 KPAV 27 49 3784f77a 
s 1300570807.917 localhost_12313 KPAV 27 49 68b69ed2 
s 1300570807.917 localhost_12311 KPAV 27 49 54465097 
r 1300570808.518 localhost_12319 KPAV 27 49 9b6571cf 
r 1300570810.210 localhost_12311 KPAV 27 49 1f49e6d1 
r 1300570810.392 localhost_12313 KPAV 27 49 84db54bd 
s 1300570815.918 localhost_12319 KPAV 27 49 906ad599 
s 1300570815.918 localhost_12313 KPAV 27 49 0b34d9aa 
s 1300570815.918 localhost_12311 KPAV 27 49 59815906 
r 1300570816.211 localhost_12311 KPAV 27 49 181b1048 
r 1300570816.394 localhost_12313 KPAV 27 49 5a9bfb0b 
r 1300570816.519 localhost_12319 KPAV 27 49 d9ddbdea 
r 1300570822.213 localhost_12311 KPAV 27 49 8f2ab707 
r 1300570822.395 localhost_12313 KPAV 27 49 e1a215a3 
s 1300570823.919 localhost_12319 KPAV 27 49 1ce6e74d 
s 1300570823.919 localhost_12313 KPAV 27 49 3f6e3cde 
s 1300570823.919 localhost_12311 KPAV 27 49 6159f17f 
r 1300570824.521 localhost_12319 KPAV 27 49 acd63de1 
r 1300570828.214 localhost_12311 KPAV 27 49 e3b70043 
r 1300570828.396 localhost_12313 KPAV 27 49 88ebd5bb 
s 1300570831.764 localhost_12319 STRS 105 1 afa9d0d3 
s 1300570831.764 localhost_12319 STRS 105 1 afa9d0d3 
f 1300570831.764 localhost_12311 STRQ 28 20 7b0b6b1f 1
r 1300570831.764 localhost_12311 STRQ 28 254 0961edd3 1
r 1300570831.765 localhost_12313 STRQ 28 253 0961edd3 1
r 1300570831.765 localhost_12313 STRQ 28 253 0961edd3 1
s 1300570831.765 localhost_12311 STRS 105 1 25fc15f8 
f 1300570831.765 localhost_12313 STRQ 28 20 0961edd3 1
f 1300570831.765 localhost_12319 STRQ 28 20 0961edd3 1
r 1300570831.765 localhost_12311 STRS 120 1 53175517 
f 1300570831.766 localhost_12319 STRS 120 1 00000000 
r 1300570831.806 localhost_12313 STRS 105 1 0635ff2e 
f 1300570831.806 localhost_12319 STRS 105 1 00000000 
r 1300570831.806 localhost_12311 STRS 90 1 00000000 
f 1300570831.806 localhost_12319 STRS 90 1 00000000 
r 1300570837.216 localhost_12311 KPAV 27 49 8c412dc3 
r 1300570837.399 localhost_12313 KPAV 27 49 915471bd 
s 1300570838.923 localhost_12313 KPAV 27 49 0ae08f41 
s 1300570838.923 localhost_12319 KPAV 27 49 6da0fa11 
s 1300570838.923 localhost_12319 KPAV 27 49 6da0fa11 
r 1300570839.524 localhost_12319 KPAV 27 49 a46fc4f6 
r 1300570843.217 localhost_12311 KPAV 27 49 11ab3d3a 
r 1300570843.400 localhost_12313 KPAV 27 49 ba4c9afd 
s 1300570846.924 localhost_12313 KPAV 27 49 44403d19 
s 1300570846.924 localhost_12311 KPAV 27 49 ffba5745 
s 1300570846.924 localhost_12311 KPAV 27 49 ffba5745 
r 1300570847.526 localhost_12319 KPAV 27 49 14e416a5 
r 1300570849.218 localhost_12311 KPAV 27 49 bdd5c754 
r 1300570849.402 localhost_12313 KPAV 27 49 6595a0a7 
s 1300570854.925 localhost_12313 KPAV 27 49 3ed6e31d 
s 1300570854.925 localhost_12311 KPAV 27 49 8d0c0b57 
s 1300570854.925 localhost_12311 KPAV 27 49 8d0c0b57 
r 1300570855.219 localhost_12311 KPAV 27 49 b71abba6 
r 1300570855.403 localhost_12313 KPAV 27 49 bb593834 
r 1300570855.527 localhost_12319 KPAV 27 49 ca3cd58f 
r 1300570861.220 localhost_12311 KPAV 27 49 cbb6612a 
r 1300570861.404 localhost_12313 KPAV 27 49 372dfb65 
s 1300570862.927 localhost_12319 KPAV 27 49 eae5c106 
s 1300570862.927 localhost_12311 KPAV 27 49 311863e7 
s 1300570862.927 localhost_12311 KPAV 27 49 311863e7 
r 1300570863.528 localhost_12319 KPAV 27 49 bf844194 
r 1300570867.222 localhost_12311 KPAV 27 49 cb6b3734 
r 1300570867.406 localhost_12313 KPAV 27 49 cac08312 
s 1300570870.928 localhost_12311 KPAV 27 49 5f119788 
s 1300570870.928 localhost_12313 KPAV 27 49 4d172f66 
s 1300570870.928 localhost_12313 KPAV 27 49 4d172f66 
r 1300570871.530 localhost_12319 KPAV 27 49 87a03e9f 
r 1300570873.223 localhost_12311 KPAV 27 49 1c7eeafd 
r 1300570873.407 localhost_12313 KPAV 27 49 a7361da8 
s 1300570878.930 localhost_12313 KPAV 27 49 bdb1610f 
s 1300570878.930 localhost_12311 KPAV 27 49 0f8f5e33 
s 1300570878.931 localhost_12319 KPAV 27 49 e34e5a2b 
r 1300570879.224 localhost_12311 KPAV 27 49 5b0e16f9 
r 1300570879.408 localhost_12313 KPAV 27 49 f1a58a6e 
r 1300570879.532 localhost_12319 KPAV 27 49 ac9cfa4d 
r 1300570885.225 localhost_12311 KPAV 27 49 44aa563f 
r 1300570885.410 localhost_12313 KPAV 27 49 046c1763 
s 1300570886.932 localhost_12319 KPAV 27 49 1b6fdb14 
s 1300570886.932 localhost_12311 KPAV 27 49 d09621b1 
s 1300570886.932 localhost_12311 KPAV 27 49 d09621b1 
r 1300570887.534 localhost_12319 KPAV 27 49 e6fa4d3f 
r 1300570891.226 localhost_12311 KPAV 27 49 079b39da 
r 1300570891.411 localhost_12313 KPAV 27 49 9b153994 
s 1300570894.934 localhost_12313 KPAV 27 49 869d38cd 
s 1300570894.934 localhost_12311 KPAV 27 49 813d0ba8 
s 1300570894.934 localhost_12311 KPAV 27 49 813d0ba8 
r 1300570895.535 localhost_12319 KPAV 27 49 3f841089 
r 1300570897.228 localhost_12311 KPAV 27 49 e1a44d27 
r 1300570897.413 localhost_12313 KPAV 27 49 0f2cb06f 
s 1300570902.935 localhost_12313 KPAV 27 49 44036352 
s 1300570902.935 localhost_12311 KPAV 27 49 468d7fad 
s 1300570902.935 localhost_12311 KPAV 27 49 468d7fad 
r 1300570903.229 localhost_12311 KPAV 27 49 daf49859 
r 1300570903.415 localhost_12313 KPAV 27 49 f3ed41ec 
r 1300570903.537 localhost_12319 KPAV 27 49 da498396 
r 1300570909.231 localhost_12311 KPAV 27 49 f544523f 
r 1300570909.416 localhost_12313 KPAV 27 49 3f0efa99 
s 1300570910.937 localhost_12319 KPAV 27 49 fd6e90bf 
s 1300570910.937 localhost_12313 KPAV 27 49 1d063de9 
s 1300570910.937 localhost_12311 KPAV 27 49 a40d48fa 
r 1300570911.539 localhost_12319 KPAV 27 49 95c30242 
r 1300570915.232 localhost_12311 KPAV 27 49 d2ad8226 
r 1300570915.418 localhost_12313 KPAV 27 49 0365d042 
s 1300570918.939 localhost_12319 KPAV 27 49 1673bf6f 
s 1300570918.939 localhost_12313 KPAV 27 49 65364b60 
s 1300570918.939 localhost_12311 KPAV 27 49 2a955fbc 
r 1300570919.541 localhost_12319 KPAV 27 49 32ef8c8a 
r 1300570921.233 localhost_12311 KPAV 27 49 6f03fdb1 
r 1300570921.419 localhost_12313 KPAV 27 49 231936a2 
s 1300570926.941 localhost_12313 KPAV 27 49 7ec44119 
s 1300570926.941 localhost_12311 KPAV 27 49 d3ec1dc3 
r 1300570927.235 localhost_12311 KPAV 27 49 79778b44 
r 1300570927.421 localhost_12313 KPAV 27 49 68c43de0 
r 1300570933.235 localhost_12311 KPAV 27 49 8d248135 
r 1300570933.422 localhost_12313 KPAV 27 49 d6d12219 
s 1300570934.942 localhost_12313 KPAV 27 49 b715f33b 
s 1300570934.942 localhost_12311 KPAV 27 49 ca2f4215 
r 1300570939.236 localhost_12311 KPAV 27 49 1d4430ae 
r 1300570939.424 localhost_12313 KPAV 27 49 07fdffde 
s 1300570942.944 localhost_12313 KPAV 27 49 b8c8144f 
s 1300570942.944 localhost_12311 KPAV 27 49 2e0abf2b 
r 1300570945.238 localhost_12311 KPAV 27 49 f6bcd355 
r 1300570945.425 localhost_12313 KPAV 27 49 eaa59bed 
s 1300570950.945 localhost_12313 KPAV 27 49 b8e6e8b7 
s 1300570950.945 localhost_12311 KPAV 27 49 71a6a463 
r 1300570951.239 localhost_12311 KPAV 27 49 4416c012 
r 1300570951.427 localhost_12313 KPAV 27 49 2b67ec81 
r 1300570957.240 localhost_12311 KPAV 27 49 010e4138 
r 1300570957.428 localhost_12313 KPAV 27 49 f88f0187 
s 1300570958.947 localhost_12313 KPAV 27 49 acabadd1 
s 1300570958.947 localhost_12311 KPAV 27 49 ceb21bed 
r 1300570959.784 localhost_12313 STRQ 28 254 2cfe58f2 1
f 1300570959.784 localhost_12311 STRQ 28 20 2cfe58f2 1
r 1300570959.785 localhost_12311 STRQ 28 255 6dc935f6 1
r 1300570959.785 localhost_12311 STRQ 28 255 6dc935f6 1
f 1300570959.785 localhost_12313 STRQ 28 20 6dc935f6 1
s 1300570959.785 localhost_12311 STRS 90 1 7f94df4c 
r 1300570959.826 localhost_12313 STRQ 28 253 91412be5 1
f 1300570959.826 localhost_12313 STRQ 28 20 91412be5 1
s 1300570959.826 localhost_12313 STRS 90 1 fdb080e6 
s 1300570959.826 localhost_12313 STRS 90 1 fdb080e6 
f 1300570959.826 localhost_12311 STRS 105 1 00000000 
r 1300570959.865 localhost_12313 STRS 90 1 00000000 
f 1300570959.865 localhost_12311 STRS 90 1 00000000 
r 1300570965.242 localhost_12311 KPAV 27 49 09b1be0b 
r 1300570965.430 localhost_12313 KPAV 27 49 09e297e6 
s 1300570966.949 localhost_12313 KPAV 27 49 4ab1486d 
s 1300570966.949 localhost_12311 KPAV 27 49 d9417202 
r 1300570971.243 localhost_12311 KPAV 27 49 4c26aba1 
r 1300570971.432 localhost_12313 KPAV 27 49 80588f12 
s 1300570974.950 localhost_12313 KPAV 27 49 5b2a038b 
s 1300570974.951 localhost_12311 KPAV 27 49 51adb113 
r 1300570977.244 localhost_12311 KPAV 27 49 e956d2ad 
r 1300570977.433 localhost_12313 KPAV 27 49 6486f31a 
s 1300570982.952 localhost_12313 KPAV 27 49 253e70ee 
s 1300570982.952 localhost_12311 KPAV 27 49 7acbd9ad 
r 1300570983.245 localhost_12311 KPAV 27 49 4fb88cfb 
r 1300570983.434 localhost_12313 KPAV 27 49 32f1bd07 
r 1300570989.246 localhost_12311 KPAV 27 49 01ee6a14 
r 1300570989.436 localhost_12313 KPAV 27 49 8c50d6d1 
s 1300570990.954 localhost_12313 KPAV 27 49 8086d1a2 
s 1300570990.954 localhost_12311 KPAV 27 49 79868ff9 
r 1300570995.247 localhost_12311 KPAV 27 49 76237411 
r 1300570995.437 localhost_12313 KPAV 27 49 173ad66a 
s 1300570998.955 localhost_12313 KPAV 27 49 ec8f74fa 
s 1300570998.956 localhost_12311 KPAV 27 49 1fa837f6 
r 1300571001.248 localhost_12311 KPAV 27 49 6e236108 
r 1300571001.439 localhost_12313 KPAV 27 49 c1920bc0 
s 1300571006.957 localhost_12313 KPAV 27 49 520719e0 
s 1300571006.957 localhost_12311 KPAV 27 49 817154c8 
r 1300571007.250 localhost_12311 KPAV 27 49 fa5f6969 
r 1300571007.440 localhost_12313 KPAV 27 49 0a639acc 
r 1300571013.251 localhost_12311 KPAV 27 49 15ac01d6 
r 1300571013.442 localhost_12313 KPAV 27 49 cabf0e65 
s 1300571014.959 localhost_12313 KPAV 27 49 781aa4a7 
s 1300571014.959 localhost_12311 KPAV 27 49 034d3c50 
r 1300571019.252 localhost_12311 KPAV 27 49 5f475af2 
r 1300571019.444 localhost_12313 KPAV 27 49 223535da 
s 1300571022.960 localhost_12313 KPAV 27 49 07d8ce46 
s 1300571022.960 localhost_12311 KPAV 27 49 eaf173b1 
r 1300571025.253 localhost_12311 KPAV 27 49 9adc1db0 
r 1300571025.445 localhost_12313 KPAV 27 49 47e4f44a 
s 1300571030.962 localhost_12313 KPAV 27 49 f96330fb 
s 1300571030.962 localhost_12311 KPAV 27 49 2c0724d1 
r 1300571031.255 localhost_12311 KPAV 27 49 8b7a5e06 
r 1300571031.446 localhost_12313 KPAV 27 49 89be6626 
r 1300571037.256 localhost_12311 KPAV 27 49 884719a5 
r 1300571037.447 localhost_12313 KPAV 27 49 3484d18e 
s 1300571038.964 localhost_12313 KPAV 27 49 588d9a0d 
s 1300571038.964 localhost_12311 KPAV 27 49 29eb3361 
r 1300571043.257 localhost_12311 KPAV 27 49 7dd0e4da 
r 1300571043.449 localhost_12313 KPAV 27 49 60d623f3 
s 1300571046.965 localhost_12313 KPAV 27 49 31e128b7 
s 1300571046.965 localhost_12311 KPAV 27 49 300733cf 
r 1300571049.258 localhost_12311 KPAV 27 49 686d6b98 
r 1300571049.450 localhost_12313 KPAV 27 49 3ba6295d 
s 1300571054.967 localhost_12313 KPAV 27 49 6e1f6308 
s 1300571054.967 localhost_12311 KPAV 27 49 f6afda57 
r 1300571055.259 localhost_12311 KPAV 27 49 cf6da79d 
r 1300571055.451 localhost_12313 KPAV 27 49 d2e2a04e 
r 1300571061.260 localhost_12311 KPAV 27 49 456497eb 
r 1300571061.453 localhost_12313 KPAV 27 49 3aa9f368 
s 1300571062.968 localhost_12313 KPAV 27 49 681273c7 
s 1300571062.968 localhost_12311 KPAV 27 49 90a047c4 
r 1300571067.262 localhost_12311 KPAV 27 49 beedbf61 
r 1300571067.454 localhost_12313 KPAV 27 49 6e83fe19 
s 1300571070.970 localhost_12313 KPAV 27 49 8f5af4ca 
s 1300571070.970 localhost_12311 KPAV 27 49 0a2f15dc 
r 1300571073.263 localhost_12311 KPAV 27 49 b692f307 
r 1300571073.455 localhost_12313 KPAV 27 49 764d4ccb 
s 1300571078.971 localhost_12313 KPAV 27 49 5bbd1cb8 
s 1300571078.972 localhost_12311 KPAV 27 49 be226e76 
r 1300571079.264 localhost_12311 KPAV 27 49 201467b6 
r 1300571079.457 localhost_12313 KPAV 27 49 ef9d6b5e 
r 1300571085.265 localhost_12311 KPAV 27 49 a8e67232 
r 1300571085.458 localhost_12313 KPAV 27 49 7a438f85 
s 1300571086.973 localhost_12313 KPAV 27 49 0049e1ab 
s 1300571086.973 localhost_12311 KPAV 27 49 d557b333 
r 1300571091.266 localhost_12311 KPAV 27 49 03505217 
r 1300571091.459 localhost_12313 KPAV 27 49 b869c329 
s 1300571094.974 localhost_12313 KPAV 27 49 54e73907 
s 1300571094.975 localhost_12311 KPAV 27 49 71afffdf 
r 1300571097.268 localhost_12311 KPAV 27 49 5993dea3 
r 1300571097.461 localhost_12313 KPAV 27 49 8565de92 
s 1300571102.976 localhost_12313 KPAV 27 49 de9d08bd 
s 1300571102.976 localhost_12311 KPAV 27 49 bbe7b6cd 
r 1300571103.269 localhost_12311 KPAV 27 49 ba3e5cf5 
r 1300571103.462 localhost_12313 KPAV 27 49 f0b2f83f 
r 1300571109.270 localhost_12311 KPAV 27 49 32f9608b 
r 1300571109.463 localhost_12313 KPAV 27 49 0030e637 
s 1300571110.977 localhost_12313 KPAV 27 49 479e9934 
s 1300571110.978 localhost_12311 KPAV 27 49 3f2123d1 
r 1300571115.272 localhost_12311 KPAV 27 49 9cee2345 
r 1300571115.464 localhost_12313 KPAV 27 49 b7e458a5 
s 1300571118.979 localhost_12313 KPAV 27 49 f2f7d221 
s 1300571118.979 localhost_12311 KPAV 27 49 5c12c0e7 
r 1300571121.273 localhost_12311 KPAV 27 49 d7740328 
r 1300571121.466 localhost_12313 KPAV 27 49 ce8bddfa 
s 1300571126.980 localhost_12313 KPAV 27 49 e30f3a0b 
s 1300571126.980 localhost_12311 KPAV 27 49 ea14ad36 
r 1300571127.274 localhost_12311 KPAV 27 49 3eee11de 
r 1300571127.467 localhost_12313 KPAV 27 49 2906cb2e 
r 1300571133.275 localhost_12311 KPAV 27 49 2bfd2b5a 
r 1300571133.468 localhost_12313 KPAV 27 49 4c719b78 
s 1300571134.983 localhost_12313 KPAV 27 49 80b1b251 
s 1300571134.983 localhost_12311 KPAV 27 49 56a80ca9 
r 1300571139.277 localhost_12311 KPAV 27 49 dda955f7 
r 1300571139.470 localhost_12313 KPAV 27 49 a8c7e7e6 
s 1300571142.985 localhost_12313 KPAV 27 49 6d07e02a 
s 1300571142.985 localhost_12313 KPAV 27 49 6d07e02a 
r 1300571145.278 localhost_12311 KPAV 27 49 3944fa18 
r 1300571145.471 localhost_12313 KPAV 27 49 60f21439 
s 1300571150.986 localhost_12311 KPAV 27 49 198b30ff 
s 1300571150.986 localhost_12311 KPAV 27 49 198b30ff 
r 1300571151.279 localhost_12311 KPAV 27 49 92650d28 
r 1300571151.472 localhost_12313 KPAV 27 49 96cd3cac 
r 1300571157.280 localhost_12311 KPAV 27 49 4bde6978 
r 1300571157.473 localhost_12313 KPAV 27 49 84171186 
s 1300571158.988 localhost_12311 KPAV 27 49 870583c1 
s 1300571158.988 localhost_12311 KPAV 27 49 870583c1 
r 1300571163.282 localhost_12311 KPAV 27 49 19d32aca 
r 1300571163.474 localhost_12313 KPAV 27 49 fce1136d 
s 1300571166.990 localhost_12311 KPAV 27 49 363edce9 
s 1300571166.990 localhost_12311 KPAV 27 49 363edce9 
r 1300571169.283 localhost_12311 KPAV 27 49 2709fb96 
r 1300571169.476 localhost_12313 KPAV 27 49 2c1c4c93 
r 1300571170.106 localhost_12311 NTFY 28 1 d840bffe 1
s 1300571174.991 localhost_12313 KPAV 27 49 ec3b8d62 
r 1300571175.478 localhost_12313 KPAV 27 49 964e4eb5 
