// 1302581450.674 : Logging Started
r 1302581452.051 localhost_12312 HLLO 38 1 7140125c 12312 localhost
s 1302581453.052 localhost_12312 HLLO 38 1 2f2c9368 12311 localhost
r 1302581462.114 localhost_12312 νσ 37 255 6c852015 
s 1302581462.114 localhost_12312 ώlσ 518 1 d6f91f63 
// 1302581701.713 : Logging Started
r 1302581702.993 localhost_12312 HLLO 38 1 c23958a3 12312 localhost
s 1302581703.994 localhost_12312 HLLO 38 1 6716d919 12311 localhost
r 1302581709.325 localhost_12312 νσ 37 255 ed70e722 
s 1302581709.325 localhost_12312 ώlσ 518 1 83ef4e25 
// 1302581819.136 : Logging Started
r 1302581820.460 localhost_12312 HLLO 38 1 6a36f25a 12312 localhost
s 1302581821.461 localhost_12312 HLLO 38 1 751c8562 12311 localhost
// 1302581835.175 : Logging Started
r 1302581835.819 localhost_12312 HLLO 38 1 60c6517f 12312 localhost
s 1302581836.821 localhost_12312 HLLO 38 1 b84adfec 12311 localhost
r 1302581843.635 localhost_12312 >mυ 37 255 6430bc7a 
s 1302581843.635 localhost_12312 ώlσ 518 1 0fb3a542 
// 1302581932.562 : Logging Started
r 1302581933.851 localhost_12312 HLLO 38 1 90082e07 12312 localhost
s 1302581934.852 localhost_12312 HLLO 38 1 7cd61530 12311 localhost
r 1302581948.056 localhost_12312 νσ 37 255 1fe82c58 
s 1302581948.056 localhost_12312 ώlσ 518 1 47c8436a 
// 1302582419.084 : Logging Started
r 1302582421.402 localhost_12312 HLLO 38 1 ddde5f6a 12312 localhost
s 1302582422.404 localhost_12312 HLLO 38 1 77c1180c 12311 localhost
r 1302582437.935 localhost_12312 νσ 37 255 fc8c2036 
s 1302582437.935 localhost_12312 ώlσ 518 1 0d197ea6 
// 1302582540.969 : Logging Started
s 1302582540.983 localhost_12312 HLLO 38 1 47b816b3 12311 localhost
r 1302582541.983 localhost_12312 HLLO 38 1 f87f1d18 12312 localhost
s 1302582562.978 localhost_12312 KPAV 27 1 5ea6d8d4 
r 1302582562.980 localhost_12312 KPAV 27 1 6577d68a 
s 1302582583.981 localhost_12312 KPAV 27 1 d631fa87 
r 1302582583.983 localhost_12312 KPAV 27 1 62841398 
s 1302582604.984 localhost_12312 KPAV 27 1 54cb4082 
r 1302582604.985 localhost_12312 KPAV 27 1 00cfb7bf 
// 1302583293.320 : Logging Started
s 1302583293.335 localhost_12312 HLLO 38 1 0dfa3709 12311 localhost
r 1302583294.334 localhost_12312 HLLO 38 1 a9083e47 12312 localhost
r 1302583310.133 localhost_12312 >mυ 37 255 43edea6c 
s 1302583310.134 localhost_12312 .ντ 518 1 ecaf8957 
// 1302583833.645 : Logging Started
s 1302583833.678 localhost_12312 HLLO 38 1 bfb09d45 12311 localhost
r 1302583834.677 localhost_12312 HLLO 38 1 4b956fac 12312 localhost
r 1302583843.172 localhost_12312 >mυ 37 255 f376f2da 
s 1302583843.173 localhost_12312 .ντ 518 1 03f46f4e 
// 1302583906.469 : Logging Started
s 1302583906.489 localhost_12312 HLLO 38 1 e6df3b04 12311 localhost
r 1302583907.487 localhost_12312 HLLO 38 1 bd3c5237 12312 localhost
r 1302583920.272 localhost_12312 >mυ 37 255 d667eb8b 
s 1302583920.272 localhost_12312 .ντ 518 1 524612ad 
// 1302584115.556 : Logging Started
s 1302584115.575 localhost_12312 HLLO 38 1 e827a2f6 12311 localhost
r 1302584116.573 localhost_12312 HLLO 38 1 5b5f91fb 12312 localhost
r 1302584127.336 localhost_12312 >mυ 37 255 69dcad67 
s 1302584127.336 localhost_12312 .ντ 518 1 1fa82971 
// 1302584297.072 : Logging Started
s 1302584297.086 localhost_12312 HLLO 38 1 4ac0abd6 12311 localhost
r 1302584298.085 localhost_12312 HLLO 38 1 4dfad6cb 12312 localhost
r 1302584308.346 localhost_12312 >mυ 37 255 a126d62a 
s 1302584319.081 localhost_12312 KPAV 27 1 f6fe004d 
r 1302584328.973 localhost_12312 KPAV 27 1 49045516 
s 1302584340.084 localhost_12312 KPAV 27 1 dcecdd0b 
r 1302584349.975 localhost_12312 KPAV 27 1 adb98820 
s 1302584361.086 localhost_12312 KPAV 27 1 62eaa22e 
r 1302584370.978 localhost_12312 KPAV 27 1 7d147bf5 
s 1302584382.089 localhost_12312 KPAV 27 1 89e2b132 
r 1302584391.981 localhost_12312 KPAV 27 1 2ec806b8 
s 1302584403.092 localhost_12312 KPAV 27 1 063800ff 
r 1302584412.984 localhost_12312 KPAV 27 1 08c79d64 
s 1302584424.095 localhost_12312 KPAV 27 1 c98ebb11 
r 1302584433.986 localhost_12312 KPAV 27 1 a3c59d60 
s 1302584445.097 localhost_12312 KPAV 27 1 affb5908 
r 1302584454.989 localhost_12312 KPAV 27 1 c68a279c 
s 1302584466.100 localhost_12312 KPAV 27 1 54a0f30c 
r 1302584475.992 localhost_12312 KPAV 27 1 821bd8a2 
s 1302584487.103 localhost_12312 KPAV 27 1 f52b2af4 
r 1302584496.994 localhost_12312 KPAV 27 1 9c1957d9 
s 1302584508.106 localhost_12312 KPAV 27 1 4a90f5eb 
r 1302584517.997 localhost_12312 KPAV 27 1 ec18db4e 
s 1302584529.108 localhost_12312 KPAV 27 1 c3eb3a72 
r 1302584539.000 localhost_12312 KPAV 27 1 c6a3b3de 
s 1302584550.111 localhost_12312 KPAV 27 1 979f9a20 
r 1302584560.002 localhost_12312 KPAV 27 1 fe70b6f4 
s 1302584571.114 localhost_12312 KPAV 27 1 4303d284 
r 1302584581.005 localhost_12312 KPAV 27 1 1d58d99c 
// 1302584592.007 : Logging Started
s 1302584592.035 localhost_12312 HLLO 38 1 bd0b76d2 12311 localhost
r 1302584593.033 localhost_12312 HLLO 38 1 267003a9 12312 localhost
r 1302584613.833 localhost_12312 KPAV 27 1 f52f5710 
s 1302584614.019 localhost_12312 KPAV 27 1 669d1a48 
r 1302584634.835 localhost_12312 KPAV 27 1 baada118 
s 1302584635.022 localhost_12312 KPAV 27 1 9c052de0 
r 1302584655.838 localhost_12312 KPAV 27 1 411d28ae 
s 1302584656.025 localhost_12312 KPAV 27 1 e185f040 
r 1302584676.841 localhost_12312 KPAV 27 1 7bcf0c5f 
s 1302584677.028 localhost_12312 KPAV 27 1 cfdbe19a 
r 1302584688.582 localhost_12312 >mυ 37 255 341e3db4 
s 1302584698.030 localhost_12312 KPAV 27 1 fb73c3e5 
r 1302584708.845 localhost_12312 KPAV 27 1 06ecd5a0 
s 1302584719.033 localhost_12312 KPAV 27 1 f321c8c7 
r 1302584729.848 localhost_12312 KPAV 27 1 d1dd17e9 
s 1302584740.036 localhost_12312 KPAV 27 1 5d81dd3d 
// 1302584757.422 : Logging Started
s 1302584757.441 localhost_12312 HLLO 38 1 f52f183b 12311 localhost
r 1302584758.439 localhost_12312 HLLO 38 1 2444b415 12312 localhost
r 1302584764.254 localhost_12312 >mυ 37 255 034cf15f 
s 1302584779.432 localhost_12312 KPAV 27 1 7f0fb8c9 
r 1302584784.472 localhost_12312 KPAV 27 1 ef8ba956 
s 1302584800.434 localhost_12312 KPAV 27 1 e1d59947 
r 1302584805.475 localhost_12312 KPAV 27 1 ce47256a 
s 1302584821.437 localhost_12312 KPAV 27 1 0abf3bd7 
r 1302584826.477 localhost_12312 KPAV 27 1 219a2477 
s 1302584842.439 localhost_12312 KPAV 27 1 c2bf6a06 
r 1302584847.481 localhost_12312 KPAV 27 1 13b16a9b 
s 1302584863.442 localhost_12312 KPAV 27 1 04c11999 
r 1302584868.484 localhost_12312 KPAV 27 1 e5420b71 
s 1302584884.445 localhost_12312 KPAV 27 1 eb103ea9 
r 1302584889.487 localhost_12312 KPAV 27 1 abb5bafe 
s 1302584905.447 localhost_12312 KPAV 27 1 ebc88943 
r 1302584910.490 localhost_12312 KPAV 27 1 70c1f195 
s 1302584926.450 localhost_12312 KPAV 27 1 765b295d 
r 1302584931.492 localhost_12312 KPAV 27 1 1b780bf1 
s 1302584947.452 localhost_12312 KPAV 27 1 d0e923f1 
r 1302584952.495 localhost_12312 KPAV 27 1 d06752b4 
s 1302584968.455 localhost_12312 KPAV 27 1 18a9fbaf 
r 1302584973.497 localhost_12312 KPAV 27 1 8e7340a2 
s 1302584989.458 localhost_12312 KPAV 27 1 3de576ff 
r 1302584994.500 localhost_12312 KPAV 27 1 ca472e63 
s 1302585010.460 localhost_12312 KPAV 27 1 75f92693 
r 1302585015.503 localhost_12312 KPAV 27 1 16bcf757 
s 1302585031.463 localhost_12312 KPAV 27 1 439feaa6 
r 1302585036.505 localhost_12312 KPAV 27 1 3713ca41 
s 1302585052.465 localhost_12312 KPAV 27 1 7c9516b0 
r 1302585057.508 localhost_12312 KPAV 27 1 f42b8f86 
s 1302585073.468 localhost_12312 KPAV 27 1 ddd1f364 
r 1302585078.511 localhost_12312 KPAV 27 1 c1db3b69 
s 1302585094.471 localhost_12312 KPAV 27 1 4ed728b2 
r 1302585099.514 localhost_12312 KPAV 27 1 cef32bc2 
s 1302585115.473 localhost_12312 KPAV 27 1 839726d8 
r 1302585120.517 localhost_12312 KPAV 27 1 f4e5cdfc 
s 1302585136.476 localhost_12312 KPAV 27 1 5c0bb4d5 
// 1302585150.317 : Logging Started
s 1302585150.331 localhost_12312 HLLO 38 1 ddc878fc 12311 localhost
r 1302585151.331 localhost_12312 HLLO 38 1 9fa1a834 12312 localhost
r 1302585159.674 localhost_12312 >mυ 37 255 e0fb6856 
s 1302585159.675 localhost_12312 .ντ 518 1 38b9ddc5 
// 1302585871.187 : Logging Started
s 1302585871.201 localhost_12312 HLLO 38 1 9ddbe8be 12311 localhost
r 1302585872.201 localhost_12312 HLLO 38 1 888cc14a 12312 localhost
r 1302585880.972 localhost_12312 SHRQ 37 255 ca237f4e 
s 1302585880.972 localhost_12312 SHRS 518 1 0e22e4d3 
// 1302586191.898 : Logging Started
s 1302586191.931 localhost_12312 HLLO 38 1 f8516177 12311 localhost
r 1302586192.929 localhost_12312 HLLO 38 1 eeba6895 12312 localhost
r 1302586205.174 localhost_12312 SHRQ 37 255 f5e5dcca 
s 1302586205.175 localhost_12312 SHRS 518 1 e819d139 
// 1302586751.524 : Logging Started
r 1302586859.398 localhost_12312 HLLO 38 1 f3d42fcc 12312 localhost
s 1302586860.399 localhost_12312 HLLO 38 1 8f4fef3e 12311 localhost
r 1302586874.744 localhost_12312 SHRQ 37 255 a3701012 
s 1302586874.745 localhost_12312 SHRS 518 1 07e18e80 
// 1302587068.833 : Logging Started
s 1302587068.863 localhost_12312 HLLO 38 1 9d6aa8a3 12311 localhost
r 1302587069.861 localhost_12312 HLLO 38 1 dbe3b2f3 12312 localhost
r 1302587090.769 localhost_12312 KPAV 27 1 6feada29 
s 1302587090.845 localhost_12312 KPAV 27 1 e977156c 
r 1302587111.772 localhost_12312 KPAV 27 1 4ead19a6 
s 1302587111.847 localhost_12312 KPAV 27 1 2b59b779 
r 1302587115.822 localhost_12312 SHRQ 37 255 8577c039 
s 1302587115.822 localhost_12312 SHRS 518 1 4aff4202 
// 1302587393.681 : Logging Started
s 1302587393.714 localhost_12312 HLLO 38 1 4c69e9b9 12311 localhost
r 1302587394.710 localhost_12312 HLLO 38 1 ddf16376 12312 localhost
r 1302587404.202 localhost_12312 SHRQ 37 255 2b236a48 
s 1302587404.202 localhost_12312 SHRS 518 1 73fbad4b 
// 1302587555.832 : Logging Started
s 1302587555.860 localhost_12312 HLLO 38 1 d722404b 12311 localhost
r 1302587556.858 localhost_12312 HLLO 38 1 79433c4a 12312 localhost
// 1302587607.725 : Logging Started
s 1302587607.754 localhost_12312 HLLO 38 1 a16b11c5 12311 localhost
r 1302587608.753 localhost_12312 HLLO 38 1 ed8b855a 12312 localhost
r 1302587628.323 localhost_12312 SHRQ 37 255 3971cc59 
s 1302587628.323 localhost_12312 SHRS 518 1 e2df4c77 
// 1302587752.402 : Logging Started
s 1302587752.424 localhost_12312 HLLO 38 1 cc1049e2 12311 localhost
r 1302587753.422 localhost_12312 HLLO 38 1 23472032 12312 localhost
r 1302587765.260 localhost_12312 SHRQ 37 255 aa455978 
s 1302587765.260 localhost_12312 SHRS 518 1 67508c90 
r 1302587785.361 localhost_12312 KPAV 27 1 80978bb1 
// 1302588281.042 : Logging Started
r 1302588281.960 localhost_12312 HLLO 38 1 00000000 12312 localhost
s 1302588282.961 localhost_12312 HLLO 38 1 00000000 12311 localhost
r 1302588291.302 localhost_12312 SHRQ 37 255 8138a478 
s 1302588291.302 localhost_12312 SHRS 518 1 00000000 
r 1302588311.962 localhost_12312 KPAV 27 1 00000000 
// 1302588934.850 : Logging Started
s 1302588934.865 localhost_12312 HLLO 38 1 00000000 12311 localhost
r 1302588935.865 localhost_12312 HLLO 38 1 00000000 12312 localhost
r 1302588944.763 localhost_12312 SHRQ 37 255 10428d75 
// 1302589004.513 : Logging Started
s 1302589004.535 localhost_12312 HLLO 38 1 00000000 12311 localhost
r 1302589005.534 localhost_12312 HLLO 38 1 00000000 12312 localhost
s 1302589025.506 localhost_12312 SHRQ 37 255 37c2e39c 
r 1302589026.270 localhost_12312 KPAV 27 1 00000000 
s 1302589045.524 localhost_12312 KPAV 27 1 00000000 
r 1302589047.273 localhost_12312 KPAV 27 1 00000000 
s 1302589066.527 localhost_12312 KPAV 27 1 00000000 
r 1302589068.276 localhost_12312 KPAV 27 1 00000000 
s 1302589087.529 localhost_12312 KPAV 27 1 00000000 
r 1302589089.278 localhost_12312 KPAV 27 1 00000000 
s 1302589108.532 localhost_12312 KPAV 27 1 00000000 
r 1302589109.634 localhost_12312 SHRQ 37 255 2b8d0ef9 
s 1302589129.534 localhost_12312 KPAV 27 1 00000000 
r 1302589130.284 localhost_12312 KPAV 27 1 00000000 
s 1302589150.537 localhost_12312 KPAV 27 1 00000000 
r 1302589151.286 localhost_12312 KPAV 27 1 00000000 
s 1302589171.540 localhost_12312 KPAV 27 1 00000000 
r 1302589172.289 localhost_12312 KPAV 27 1 00000000 
s 1302589192.542 localhost_12312 KPAV 27 1 00000000 
r 1302589193.292 localhost_12312 KPAV 27 1 00000000 
s 1302589213.545 localhost_12312 KPAV 27 1 00000000 
r 1302589214.295 localhost_12312 KPAV 27 1 00000000 
s 1302589234.548 localhost_12312 KPAV 27 1 00000000 
r 1302589235.297 localhost_12312 KPAV 27 1 00000000 
s 1302589255.550 localhost_12312 KPAV 27 1 00000000 
r 1302589256.300 localhost_12312 KPAV 27 1 00000000 
s 1302589276.553 localhost_12312 KPAV 27 1 00000000 
r 1302589277.303 localhost_12312 KPAV 27 1 00000000 
s 1302589297.556 localhost_12312 KPAV 27 1 00000000 
r 1302589298.306 localhost_12312 KPAV 27 1 00000000 
s 1302589318.558 localhost_12312 KPAV 27 1 00000000 
r 1302589319.309 localhost_12312 KPAV 27 1 00000000 
s 1302589339.561 localhost_12312 KPAV 27 1 00000000 
r 1302589340.311 localhost_12312 KPAV 27 1 00000000 
s 1302589360.564 localhost_12312 KPAV 27 1 00000000 
r 1302589361.314 localhost_12312 KPAV 27 1 00000000 
s 1302589381.567 localhost_12312 KPAV 27 1 00000000 
r 1302589382.317 localhost_12312 KPAV 27 1 00000000 
s 1302589402.569 localhost_12312 KPAV 27 1 00000000 
r 1302589403.319 localhost_12312 KPAV 27 1 00000000 
s 1302589423.572 localhost_12312 KPAV 27 1 00000000 
r 1302589424.322 localhost_12312 KPAV 27 1 00000000 
s 1302589444.575 localhost_12312 KPAV 27 1 00000000 
r 1302589445.325 localhost_12312 KPAV 27 1 00000000 
s 1302589465.577 localhost_12312 KPAV 27 1 00000000 
r 1302589466.328 localhost_12312 KPAV 27 1 00000000 
s 1302589486.580 localhost_12312 KPAV 27 1 00000000 
r 1302589487.330 localhost_12312 KPAV 27 1 00000000 
s 1302589507.583 localhost_12312 KPAV 27 1 00000000 
r 1302589508.333 localhost_12312 KPAV 27 1 00000000 
s 1302589528.585 localhost_12312 KPAV 27 1 00000000 
r 1302589529.336 localhost_12312 KPAV 27 1 00000000 
s 1302589549.588 localhost_12312 KPAV 27 1 00000000 
r 1302589550.339 localhost_12312 KPAV 27 1 00000000 
s 1302589570.591 localhost_12312 KPAV 27 1 00000000 
r 1302589571.342 localhost_12312 KPAV 27 1 00000000 
s 1302589591.593 localhost_12312 KPAV 27 1 00000000 
r 1302589592.344 localhost_12312 KPAV 27 1 00000000 
s 1302589612.596 localhost_12312 KPAV 27 1 00000000 
r 1302589613.347 localhost_12312 KPAV 27 1 00000000 
s 1302589633.598 localhost_12312 KPAV 27 1 00000000 
r 1302589634.350 localhost_12312 KPAV 27 1 00000000 
s 1302589654.601 localhost_12312 KPAV 27 1 00000000 
r 1302589655.352 localhost_12312 KPAV 27 1 00000000 
s 1302589675.603 localhost_12312 KPAV 27 1 00000000 
r 1302589676.355 localhost_12312 KPAV 27 1 00000000 
s 1302589696.606 localhost_12312 KPAV 27 1 00000000 
r 1302589697.358 localhost_12312 KPAV 27 1 00000000 
s 1302589717.609 localhost_12312 KPAV 27 1 00000000 
r 1302589718.361 localhost_12312 KPAV 27 1 00000000 
s 1302589738.612 localhost_12312 KPAV 27 1 00000000 
r 1302589739.364 localhost_12312 KPAV 27 1 00000000 
s 1302589759.615 localhost_12312 KPAV 27 1 00000000 
r 1302589760.367 localhost_12312 KPAV 27 1 00000000 
s 1302589780.617 localhost_12312 KPAV 27 1 00000000 
r 1302589781.369 localhost_12312 KPAV 27 1 00000000 
s 1302589801.620 localhost_12312 KPAV 27 1 00000000 
r 1302589802.372 localhost_12312 KPAV 27 1 00000000 
s 1302589822.623 localhost_12312 KPAV 27 1 00000000 
r 1302589823.375 localhost_12312 KPAV 27 1 00000000 
s 1302589843.625 localhost_12312 KPAV 27 1 00000000 
r 1302589844.377 localhost_12312 KPAV 27 1 00000000 
s 1302589864.628 localhost_12312 KPAV 27 1 00000000 
r 1302589865.380 localhost_12312 KPAV 27 1 00000000 
s 1302589885.631 localhost_12312 KPAV 27 1 00000000 
r 1302589886.383 localhost_12312 KPAV 27 1 00000000 
s 1302589906.633 localhost_12312 KPAV 27 1 00000000 
r 1302589907.386 localhost_12312 KPAV 27 1 00000000 
s 1302589927.636 localhost_12312 KPAV 27 1 00000000 
r 1302589928.388 localhost_12312 KPAV 27 1 00000000 
s 1302589948.638 localhost_12312 KPAV 27 1 00000000 
r 1302589949.391 localhost_12312 KPAV 27 1 00000000 
s 1302589969.641 localhost_12312 KPAV 27 1 00000000 
r 1302589970.394 localhost_12312 KPAV 27 1 00000000 
s 1302589990.644 localhost_12312 KPAV 27 1 00000000 
r 1302589991.397 localhost_12312 KPAV 27 1 00000000 
s 1302590011.646 localhost_12312 KPAV 27 1 00000000 
r 1302590012.400 localhost_12312 KPAV 27 1 00000000 
s 1302590032.649 localhost_12312 KPAV 27 1 00000000 
r 1302590033.402 localhost_12312 KPAV 27 1 00000000 
s 1302590053.652 localhost_12312 KPAV 27 1 00000000 
r 1302590054.405 localhost_12312 KPAV 27 1 00000000 
s 1302590074.654 localhost_12312 KPAV 27 1 00000000 
r 1302590075.408 localhost_12312 KPAV 27 1 00000000 
s 1302590095.657 localhost_12312 KPAV 27 1 00000000 
r 1302590096.411 localhost_12312 KPAV 27 1 00000000 
s 1302590116.660 localhost_12312 KPAV 27 1 00000000 
r 1302590117.413 localhost_12312 KPAV 27 1 00000000 
s 1302590137.663 localhost_12312 KPAV 27 1 00000000 
r 1302590138.416 localhost_12312 KPAV 27 1 00000000 
s 1302590158.665 localhost_12312 KPAV 27 1 00000000 
r 1302590159.419 localhost_12312 KPAV 27 1 00000000 
s 1302590179.668 localhost_12312 KPAV 27 1 00000000 
r 1302590180.422 localhost_12312 KPAV 27 1 00000000 
s 1302590200.670 localhost_12312 KPAV 27 1 00000000 
r 1302590201.424 localhost_12312 KPAV 27 1 00000000 
s 1302590221.673 localhost_12312 KPAV 27 1 00000000 
r 1302590222.427 localhost_12312 KPAV 27 1 00000000 
s 1302590242.675 localhost_12312 KPAV 27 1 00000000 
r 1302590243.429 localhost_12312 KPAV 27 1 00000000 
s 1302590263.678 localhost_12312 KPAV 27 1 00000000 
r 1302590264.432 localhost_12312 KPAV 27 1 00000000 
s 1302590284.681 localhost_12312 KPAV 27 1 00000000 
r 1302590285.434 localhost_12312 KPAV 27 1 00000000 
s 1302590305.684 localhost_12312 KPAV 27 1 00000000 
r 1302590306.437 localhost_12312 KPAV 27 1 00000000 
s 1302590326.686 localhost_12312 KPAV 27 1 00000000 
r 1302590327.440 localhost_12312 KPAV 27 1 00000000 
s 1302590347.689 localhost_12312 KPAV 27 1 00000000 
r 1302590348.442 localhost_12312 KPAV 27 1 00000000 
s 1302590368.692 localhost_12312 KPAV 27 1 00000000 
r 1302590369.445 localhost_12312 KPAV 27 1 00000000 
s 1302590389.695 localhost_12312 KPAV 27 1 00000000 
r 1302590390.448 localhost_12312 KPAV 27 1 00000000 
s 1302590410.698 localhost_12312 KPAV 27 1 00000000 
r 1302590411.450 localhost_12312 KPAV 27 1 00000000 
s 1302590431.700 localhost_12312 KPAV 27 1 00000000 
r 1302590432.453 localhost_12312 KPAV 27 1 00000000 
s 1302590452.703 localhost_12312 KPAV 27 1 00000000 
r 1302590453.455 localhost_12312 KPAV 27 1 00000000 
s 1302590473.706 localhost_12312 KPAV 27 1 00000000 
r 1302590474.458 localhost_12312 KPAV 27 1 00000000 
s 1302590494.709 localhost_12312 KPAV 27 1 00000000 
r 1302590495.461 localhost_12312 KPAV 27 1 00000000 
s 1302590515.711 localhost_12312 KPAV 27 1 00000000 
r 1302590516.464 localhost_12312 KPAV 27 1 00000000 
s 1302590536.714 localhost_12312 KPAV 27 1 00000000 
r 1302590537.466 localhost_12312 KPAV 27 1 00000000 
s 1302590557.717 localhost_12312 KPAV 27 1 00000000 
r 1302590558.469 localhost_12312 KPAV 27 1 00000000 
s 1302590578.720 localhost_12312 KPAV 27 1 00000000 
r 1302590579.471 localhost_12312 KPAV 27 1 00000000 
s 1302590599.722 localhost_12312 KPAV 27 1 00000000 
r 1302590600.474 localhost_12312 KPAV 27 1 00000000 
s 1302590620.725 localhost_12312 KPAV 27 1 00000000 
r 1302590621.477 localhost_12312 KPAV 27 1 00000000 
s 1302590641.728 localhost_12312 KPAV 27 1 00000000 
r 1302590642.480 localhost_12312 KPAV 27 1 00000000 
s 1302590662.730 localhost_12312 KPAV 27 1 00000000 
r 1302590663.482 localhost_12312 KPAV 27 1 00000000 
s 1302590683.733 localhost_12312 KPAV 27 1 00000000 
r 1302590684.485 localhost_12312 KPAV 27 1 00000000 
s 1302590704.736 localhost_12312 KPAV 27 1 00000000 
r 1302590705.488 localhost_12312 KPAV 27 1 00000000 
s 1302590725.738 localhost_12312 KPAV 27 1 00000000 
r 1302590726.490 localhost_12312 KPAV 27 1 00000000 
s 1302590746.741 localhost_12312 KPAV 27 1 00000000 
r 1302590747.493 localhost_12312 KPAV 27 1 00000000 
s 1302590767.743 localhost_12312 KPAV 27 1 00000000 
r 1302590768.496 localhost_12312 KPAV 27 1 00000000 
s 1302590788.746 localhost_12312 KPAV 27 1 00000000 
r 1302590789.498 localhost_12312 KPAV 27 1 00000000 
s 1302590809.749 localhost_12312 KPAV 27 1 00000000 
r 1302590810.501 localhost_12312 KPAV 27 1 00000000 
s 1302590830.752 localhost_12312 KPAV 27 1 00000000 
r 1302590831.504 localhost_12312 KPAV 27 1 00000000 
s 1302590851.754 localhost_12312 KPAV 27 1 00000000 
r 1302590852.507 localhost_12312 KPAV 27 1 00000000 
s 1302590872.757 localhost_12312 KPAV 27 1 00000000 
r 1302590873.509 localhost_12312 KPAV 27 1 00000000 
s 1302590893.760 localhost_12312 KPAV 27 1 00000000 
r 1302590894.512 localhost_12312 KPAV 27 1 00000000 
s 1302590914.763 localhost_12312 KPAV 27 1 00000000 
r 1302590915.515 localhost_12312 KPAV 27 1 00000000 
s 1302590935.765 localhost_12312 KPAV 27 1 00000000 
r 1302590936.518 localhost_12312 KPAV 27 1 00000000 
s 1302590956.768 localhost_12312 KPAV 27 1 00000000 
r 1302590957.521 localhost_12312 KPAV 27 1 00000000 
s 1302590977.770 localhost_12312 KPAV 27 1 00000000 
r 1302590978.523 localhost_12312 KPAV 27 1 00000000 
s 1302590998.773 localhost_12312 KPAV 27 1 00000000 
r 1302590999.526 localhost_12312 KPAV 27 1 00000000 
s 1302591019.775 localhost_12312 KPAV 27 1 00000000 
r 1302591020.529 localhost_12312 KPAV 27 1 00000000 
s 1302591040.778 localhost_12312 KPAV 27 1 00000000 
r 1302591041.531 localhost_12312 KPAV 27 1 00000000 
s 1302591061.780 localhost_12312 KPAV 27 1 00000000 
r 1302591062.534 localhost_12312 KPAV 27 1 00000000 
s 1302591082.783 localhost_12312 KPAV 27 1 00000000 
r 1302591083.537 localhost_12312 KPAV 27 1 00000000 
s 1302591103.786 localhost_12312 KPAV 27 1 00000000 
r 1302591104.539 localhost_12312 KPAV 27 1 00000000 
s 1302591124.789 localhost_12312 KPAV 27 1 00000000 
r 1302591125.542 localhost_12312 KPAV 27 1 00000000 
s 1302591145.792 localhost_12312 KPAV 27 1 00000000 
r 1302591146.545 localhost_12312 KPAV 27 1 00000000 
s 1302591166.794 localhost_12312 KPAV 27 1 00000000 
r 1302591167.548 localhost_12312 KPAV 27 1 00000000 
s 1302591187.797 localhost_12312 KPAV 27 1 00000000 
r 1302591188.550 localhost_12312 KPAV 27 1 00000000 
s 1302591208.800 localhost_12312 KPAV 27 1 00000000 
r 1302591209.553 localhost_12312 KPAV 27 1 00000000 
s 1302591229.802 localhost_12312 KPAV 27 1 00000000 
r 1302591230.556 localhost_12312 KPAV 27 1 00000000 
s 1302591250.805 localhost_12312 KPAV 27 1 00000000 
r 1302591251.559 localhost_12312 KPAV 27 1 00000000 
s 1302591271.808 localhost_12312 KPAV 27 1 00000000 
r 1302591272.561 localhost_12312 KPAV 27 1 00000000 
s 1302591292.811 localhost_12312 KPAV 27 1 00000000 
r 1302591293.564 localhost_12312 KPAV 27 1 00000000 
s 1302591313.813 localhost_12312 KPAV 27 1 00000000 
r 1302591314.567 localhost_12312 KPAV 27 1 00000000 
s 1302591334.816 localhost_12312 KPAV 27 1 00000000 
r 1302591335.570 localhost_12312 KPAV 27 1 00000000 
s 1302591355.819 localhost_12312 KPAV 27 1 00000000 
r 1302591356.572 localhost_12312 KPAV 27 1 00000000 
s 1302591376.822 localhost_12312 KPAV 27 1 00000000 
r 1302591377.575 localhost_12312 KPAV 27 1 00000000 
s 1302591397.824 localhost_12312 KPAV 27 1 00000000 
r 1302591398.578 localhost_12312 KPAV 27 1 00000000 
s 1302591418.827 localhost_12312 KPAV 27 1 00000000 
r 1302591419.580 localhost_12312 KPAV 27 1 00000000 
s 1302591439.829 localhost_12312 KPAV 27 1 00000000 
r 1302591440.583 localhost_12312 KPAV 27 1 00000000 
s 1302591460.832 localhost_12312 KPAV 27 1 00000000 
r 1302591461.586 localhost_12312 KPAV 27 1 00000000 
s 1302591481.835 localhost_12312 KPAV 27 1 00000000 
r 1302591482.589 localhost_12312 KPAV 27 1 00000000 
s 1302591502.837 localhost_12312 KPAV 27 1 00000000 
r 1302591503.591 localhost_12312 KPAV 27 1 00000000 
s 1302591523.840 localhost_12312 KPAV 27 1 00000000 
r 1302591524.594 localhost_12312 KPAV 27 1 00000000 
s 1302591544.843 localhost_12312 KPAV 27 1 00000000 
r 1302591545.597 localhost_12312 KPAV 27 1 00000000 
s 1302591565.846 localhost_12312 KPAV 27 1 00000000 
r 1302591566.600 localhost_12312 KPAV 27 1 00000000 
s 1302591586.849 localhost_12312 KPAV 27 1 00000000 
r 1302591587.602 localhost_12312 KPAV 27 1 00000000 
s 1302591607.851 localhost_12312 KPAV 27 1 00000000 
r 1302591608.605 localhost_12312 KPAV 27 1 00000000 
s 1302591628.854 localhost_12312 KPAV 27 1 00000000 
r 1302591629.608 localhost_12312 KPAV 27 1 00000000 
s 1302591649.857 localhost_12312 KPAV 27 1 00000000 
r 1302591650.611 localhost_12312 KPAV 27 1 00000000 
s 1302591670.859 localhost_12312 KPAV 27 1 00000000 
r 1302591671.613 localhost_12312 KPAV 27 1 00000000 
s 1302591691.862 localhost_12312 KPAV 27 1 00000000 
r 1302591692.616 localhost_12312 KPAV 27 1 00000000 
s 1302591712.865 localhost_12312 KPAV 27 1 00000000 
r 1302591713.619 localhost_12312 KPAV 27 1 00000000 
s 1302591733.868 localhost_12312 KPAV 27 1 00000000 
r 1302591734.621 localhost_12312 KPAV 27 1 00000000 
s 1302591754.871 localhost_12312 KPAV 27 1 00000000 
r 1302591755.623 localhost_12312 KPAV 27 1 00000000 
s 1302591775.873 localhost_12312 KPAV 27 1 00000000 
r 1302591776.626 localhost_12312 KPAV 27 1 00000000 
s 1302591796.876 localhost_12312 KPAV 27 1 00000000 
r 1302591797.629 localhost_12312 KPAV 27 1 00000000 
s 1302591817.878 localhost_12312 KPAV 27 1 00000000 
r 1302591818.632 localhost_12312 KPAV 27 1 00000000 
s 1302591838.881 localhost_12312 KPAV 27 1 00000000 
r 1302591839.634 localhost_12312 KPAV 27 1 00000000 
s 1302591859.883 localhost_12312 KPAV 27 1 00000000 
r 1302591860.637 localhost_12312 KPAV 27 1 00000000 
s 1302591880.886 localhost_12312 KPAV 27 1 00000000 
r 1302591881.640 localhost_12312 KPAV 27 1 00000000 
s 1302591901.889 localhost_12312 KPAV 27 1 00000000 
r 1302591902.643 localhost_12312 KPAV 27 1 00000000 
s 1302591922.891 localhost_12312 KPAV 27 1 00000000 
r 1302591923.645 localhost_12312 KPAV 27 1 00000000 
s 1302591943.894 localhost_12312 KPAV 27 1 00000000 
r 1302591944.648 localhost_12312 KPAV 27 1 00000000 
s 1302591964.897 localhost_12312 KPAV 27 1 00000000 
r 1302591965.651 localhost_12312 KPAV 27 1 00000000 
s 1302591985.900 localhost_12312 KPAV 27 1 00000000 
r 1302591986.654 localhost_12312 KPAV 27 1 00000000 
s 1302592006.902 localhost_12312 KPAV 27 1 00000000 
r 1302592007.656 localhost_12312 KPAV 27 1 00000000 
s 1302592027.905 localhost_12312 KPAV 27 1 00000000 
r 1302592028.659 localhost_12312 KPAV 27 1 00000000 
s 1302592048.908 localhost_12312 KPAV 27 1 00000000 
r 1302592049.661 localhost_12312 KPAV 27 1 00000000 
s 1302592069.911 localhost_12312 KPAV 27 1 00000000 
r 1302592070.664 localhost_12312 KPAV 27 1 00000000 
s 1302592090.914 localhost_12312 KPAV 27 1 00000000 
r 1302592091.666 localhost_12312 KPAV 27 1 00000000 
s 1302592111.916 localhost_12312 KPAV 27 1 00000000 
r 1302592112.669 localhost_12312 KPAV 27 1 00000000 
s 1302592132.919 localhost_12312 KPAV 27 1 00000000 
r 1302592133.672 localhost_12312 KPAV 27 1 00000000 
s 1302592153.922 localhost_12312 KPAV 27 1 00000000 
r 1302592154.675 localhost_12312 KPAV 27 1 00000000 
s 1302592174.924 localhost_12312 KPAV 27 1 00000000 
r 1302592175.677 localhost_12312 KPAV 27 1 00000000 
s 1302592195.927 localhost_12312 KPAV 27 1 00000000 
r 1302592196.680 localhost_12312 KPAV 27 1 00000000 
s 1302592216.929 localhost_12312 KPAV 27 1 00000000 
r 1302592217.683 localhost_12312 KPAV 27 1 00000000 
s 1302592237.932 localhost_12312 KPAV 27 1 00000000 
r 1302592238.686 localhost_12312 KPAV 27 1 00000000 
s 1302592258.934 localhost_12312 KPAV 27 1 00000000 
r 1302592259.688 localhost_12312 KPAV 27 1 00000000 
s 1302592279.937 localhost_12312 KPAV 27 1 00000000 
r 1302592280.691 localhost_12312 KPAV 27 1 00000000 
s 1302592300.939 localhost_12312 KPAV 27 1 00000000 
r 1302592301.694 localhost_12312 KPAV 27 1 00000000 
s 1302592321.942 localhost_12312 KPAV 27 1 00000000 
r 1302592322.697 localhost_12312 KPAV 27 1 00000000 
s 1302592342.945 localhost_12312 KPAV 27 1 00000000 
r 1302592343.699 localhost_12312 KPAV 27 1 00000000 
s 1302592363.947 localhost_12312 KPAV 27 1 00000000 
r 1302592364.702 localhost_12312 KPAV 27 1 00000000 
s 1302592384.950 localhost_12312 KPAV 27 1 00000000 
r 1302592385.705 localhost_12312 KPAV 27 1 00000000 
s 1302592405.953 localhost_12312 KPAV 27 1 00000000 
r 1302592406.708 localhost_12312 KPAV 27 1 00000000 
s 1302592426.955 localhost_12312 KPAV 27 1 00000000 
r 1302592427.710 localhost_12312 KPAV 27 1 00000000 
s 1302592447.958 localhost_12312 KPAV 27 1 00000000 
r 1302592448.713 localhost_12312 KPAV 27 1 00000000 
s 1302592468.961 localhost_12312 KPAV 27 1 00000000 
r 1302592469.716 localhost_12312 KPAV 27 1 00000000 
s 1302592489.963 localhost_12312 KPAV 27 1 00000000 
r 1302592490.718 localhost_12312 KPAV 27 1 00000000 
s 1302592510.966 localhost_12312 KPAV 27 1 00000000 
r 1302592511.721 localhost_12312 KPAV 27 1 00000000 
s 1302592531.968 localhost_12312 KPAV 27 1 00000000 
r 1302592532.723 localhost_12312 KPAV 27 1 00000000 
s 1302592552.971 localhost_12312 KPAV 27 1 00000000 
r 1302592553.726 localhost_12312 KPAV 27 1 00000000 
s 1302592573.974 localhost_12312 KPAV 27 1 00000000 
r 1302592574.729 localhost_12312 KPAV 27 1 00000000 
s 1302592594.976 localhost_12312 KPAV 27 1 00000000 
r 1302592595.731 localhost_12312 KPAV 27 1 00000000 
s 1302592615.979 localhost_12312 KPAV 27 1 00000000 
r 1302592616.734 localhost_12312 KPAV 27 1 00000000 
s 1302592636.982 localhost_12312 KPAV 27 1 00000000 
r 1302592637.737 localhost_12312 KPAV 27 1 00000000 
s 1302592657.984 localhost_12312 KPAV 27 1 00000000 
r 1302592658.740 localhost_12312 KPAV 27 1 00000000 
s 1302592678.987 localhost_12312 KPAV 27 1 00000000 
r 1302592679.742 localhost_12312 KPAV 27 1 00000000 
// 1302593033.966 : Logging Started
r 1302593041.238 localhost_12312 HLLO 38 1 00000000 12312 localhost
s 1302593042.239 localhost_12312 HLLO 38 1 00000000 12311 localhost
r 1302593052.536 localhost_12312 SHRQ 37 255 9923df23 
s 1302593062.971 localhost_12312 KPAV 27 1 00000000 
r 1302593073.242 localhost_12312 KPAV 27 1 00000000 
s 1302593083.973 localhost_12312 KPAV 27 1 00000000 
r 1302593094.244 localhost_12312 KPAV 27 1 00000000 
s 1302593104.976 localhost_12312 KPAV 27 1 00000000 
r 1302593115.247 localhost_12312 KPAV 27 1 00000000 
s 1302593125.979 localhost_12312 KPAV 27 1 00000000 
r 1302593136.249 localhost_12312 KPAV 27 1 00000000 
s 1302593146.981 localhost_12312 KPAV 27 1 00000000 
r 1302593157.251 localhost_12312 KPAV 27 1 00000000 
s 1302593167.984 localhost_12312 KPAV 27 1 00000000 
r 1302593178.254 localhost_12312 KPAV 27 1 00000000 
s 1302593188.987 localhost_12312 KPAV 27 1 00000000 
r 1302593199.256 localhost_12312 KPAV 27 1 00000000 
s 1302593209.989 localhost_12312 KPAV 27 1 00000000 
r 1302593220.259 localhost_12312 KPAV 27 1 00000000 
// 1302593264.349 : Logging Started
r 1302593265.140 localhost_12312 HLLO 38 1 00000000 12312 localhost
s 1302593266.140 localhost_12312 HLLO 38 1 00000000 12311 localhost
r 1302593274.565 localhost_12312 SHRQ 37 255 4fe4d824 
s 1302593286.352 localhost_12312 KPAV 27 1 00000000 
r 1302593295.143 localhost_12312 KPAV 27 1 00000000 
// 1302593547.322 : Logging Started
r 1302593548.239 localhost_12312 HLLO 38 1 00000000 12312 localhost
r 1302593560.625 localhost_12312 SHRQ 37 255 36bfd399 
f 1302593560.625 localhost_12312 SHRS -1714176175 48 8311ad7f 
// 1302593687.996 : Logging Started
r 1302593689.162 localhost_12312 HLLO 38 1 00000000 12312 localhost
s 1302593690.162 localhost_12312 HLLO 38 1 00000000 12311 localhost
r 1302593697.873 localhost_12312 SHRQ 37 255 83645a95 
s 1302593711.001 localhost_12312 KPAV 27 1 00000000 
r 1302593718.165 localhost_12312 KPAV 27 1 00000000 
// 1302593739.086 : Logging Started
r 1302593740.332 localhost_12312 HLLO 38 1 00000000 12312 localhost
r 1302593749.282 localhost_12312 SHRQ 37 255 d0d8ea10 
s 1302593762.089 localhost_12312 KPAV 27 1 00000000 
r 1302593769.335 localhost_12312 KPAV 27 1 00000000 
s 1302593783.092 localhost_12312 KPAV 27 1 00000000 
r 1302593790.338 localhost_12312 KPAV 27 1 00000000 
s 1302593804.095 localhost_12312 KPAV 27 1 00000000 
r 1302593811.340 localhost_12312 KPAV 27 1 00000000 
s 1302593825.098 localhost_12312 KPAV 27 1 00000000 
r 1302593832.343 localhost_12312 KPAV 27 1 00000000 
s 1302593846.101 localhost_12312 KPAV 27 1 00000000 
r 1302593853.346 localhost_12312 KPAV 27 1 00000000 
s 1302593867.103 localhost_12312 KPAV 27 1 00000000 
r 1302593874.349 localhost_12312 KPAV 27 1 00000000 
s 1302593888.106 localhost_12312 KPAV 27 1 00000000 
r 1302593895.352 localhost_12312 KPAV 27 1 00000000 
s 1302593909.109 localhost_12312 KPAV 27 1 00000000 
r 1302593916.355 localhost_12312 KPAV 27 1 00000000 
s 1302593930.111 localhost_12312 KPAV 27 1 00000000 
r 1302593937.357 localhost_12312 KPAV 27 1 00000000 
s 1302593951.114 localhost_12312 KPAV 27 1 00000000 
r 1302593958.360 localhost_12312 KPAV 27 1 00000000 
s 1302593972.117 localhost_12312 KPAV 27 1 00000000 
r 1302593979.363 localhost_12312 KPAV 27 1 00000000 
s 1302593993.120 localhost_12312 KPAV 27 1 00000000 
r 1302594000.365 localhost_12312 KPAV 27 1 00000000 
s 1302594014.122 localhost_12312 KPAV 27 1 00000000 
r 1302594021.368 localhost_12312 KPAV 27 1 00000000 
s 1302594035.125 localhost_12312 KPAV 27 1 00000000 
r 1302594042.371 localhost_12312 KPAV 27 1 00000000 
s 1302594056.129 localhost_12312 KPAV 27 1 00000000 
r 1302594063.375 localhost_12312 KPAV 27 1 00000000 
s 1302594077.132 localhost_12312 KPAV 27 1 00000000 
r 1302594084.379 localhost_12312 KPAV 27 1 00000000 
s 1302594098.134 localhost_12312 KPAV 27 1 00000000 
r 1302594105.381 localhost_12312 KPAV 27 1 00000000 
s 1302594119.136 localhost_12312 KPAV 27 1 00000000 
// 1302594130.172 : Logging Started
r 1302594131.330 localhost_12312 HLLO 38 1 00000000 12312 localhost
r 1302594140.662 localhost_12312 SHRQ 37 255 695f26bf 
s 1302594153.175 localhost_12312 KPAV 27 1 00000000 
r 1302594161.334 localhost_12312 KPAV 27 1 00000000 
s 1302594174.178 localhost_12312 KPAV 27 1 00000000 
r 1302594182.337 localhost_12312 KPAV 27 1 00000000 
s 1302594195.181 localhost_12312 KPAV 27 1 00000000 
r 1302594203.340 localhost_12312 KPAV 27 1 00000000 
s 1302594216.184 localhost_12312 KPAV 27 1 00000000 
r 1302594224.343 localhost_12312 KPAV 27 1 00000000 
s 1302594237.187 localhost_12312 KPAV 27 1 00000000 
r 1302594245.346 localhost_12312 KPAV 27 1 00000000 
s 1302594258.190 localhost_12312 KPAV 27 1 00000000 
r 1302594266.349 localhost_12312 KPAV 27 1 00000000 
s 1302594279.193 localhost_12312 KPAV 27 1 00000000 
r 1302594287.352 localhost_12312 KPAV 27 1 00000000 
s 1302594300.195 localhost_12312 KPAV 27 1 00000000 
r 1302594308.355 localhost_12312 KPAV 27 1 00000000 
// 1302594400.050 : Logging Started
r 1302594400.728 localhost_12312 HLLO 38 1 00000000 12312 localhost
s 1302594401.728 localhost_12312 HLLO 38 1 00000000 12311 localhost
r 1302594407.375 localhost_12312 SHRQ 37 255 33cd732f 
s 1302594422.053 localhost_12312 KPAV 27 1 00000000 
r 1302594427.731 localhost_12312 KPAV 27 1 00000000 
s 1302594443.056 localhost_12312 KPAV 27 1 00000000 
r 1302594448.734 localhost_12312 KPAV 27 1 00000000 
s 1302594464.059 localhost_12312 KPAV 27 1 00000000 
r 1302594469.737 localhost_12312 KPAV 27 1 00000000 
s 1302594485.061 localhost_12312 KPAV 27 1 00000000 
r 1302594490.739 localhost_12312 KPAV 27 1 00000000 
s 1302594506.064 localhost_12312 KPAV 27 1 00000000 
r 1302594511.742 localhost_12312 KPAV 27 1 00000000 
s 1302594527.067 localhost_12312 KPAV 27 1 00000000 
r 1302594532.745 localhost_12312 KPAV 27 1 00000000 
s 1302594548.070 localhost_12312 KPAV 27 1 00000000 
r 1302594553.747 localhost_12312 KPAV 27 1 00000000 
s 1302594569.072 localhost_12312 KPAV 27 1 00000000 
r 1302594574.749 localhost_12312 KPAV 27 1 00000000 
s 1302594590.074 localhost_12312 KPAV 27 1 00000000 
r 1302594595.752 localhost_12312 KPAV 27 1 00000000 
// 1302594611.159 : Logging Started
r 1302594612.121 localhost_12312 HLLO 38 1 00000000 12312 localhost
s 1302594613.121 localhost_12312 HLLO 38 1 00000000 12311 localhost
r 1302594618.712 localhost_12312 SHRQ 37 255 2f14dda8 
s 1302594633.162 localhost_12312 KPAV 27 1 00000000 
r 1302594639.124 localhost_12312 KPAV 27 1 00000000 
s 1302594654.164 localhost_12312 KPAV 27 1 00000000 
r 1302594660.126 localhost_12312 KPAV 27 1 00000000 
s 1302594675.167 localhost_12312 KPAV 27 1 00000000 
r 1302594681.129 localhost_12312 KPAV 27 1 00000000 
// 1302594697.479 : Logging Started
r 1302594698.463 localhost_12312 HLLO 38 1 00000000 12312 localhost
r 1302594710.514 localhost_12312 SHRQ 37 255 b0154f63 
s 1302594719.482 localhost_12312 KPAV 27 1 00000000 
r 1302594731.466 localhost_12312 KPAV 27 1 00000000 
// 1302594738.506 : Logging Started
r 1302594739.548 localhost_12312 HLLO 38 1 00000000 12312 localhost
s 1302594740.548 localhost_12312 HLLO 38 1 00000000 12311 localhost
r 1302594747.165 localhost_12312 SHRQ 37 255 6bb7023e 
s 1302594761.511 localhost_12312 KPAV 27 1 00000000 
r 1302594767.551 localhost_12312 KPAV 27 1 00000000 
s 1302594782.514 localhost_12312 KPAV 27 1 00000000 
r 1302594788.554 localhost_12312 KPAV 27 1 00000000 
s 1302594803.517 localhost_12312 KPAV 27 1 00000000 
r 1302594809.557 localhost_12312 KPAV 27 1 00000000 
s 1302594824.520 localhost_12312 KPAV 27 1 00000000 
r 1302594830.560 localhost_12312 KPAV 27 1 00000000 
s 1302594845.523 localhost_12312 KPAV 27 1 00000000 
r 1302594851.562 localhost_12312 KPAV 27 1 00000000 
// 1302594868.490 : Logging Started
r 1302594869.538 localhost_12312 HLLO 38 1 00000000 12312 localhost
s 1302594870.538 localhost_12312 HLLO 38 1 00000000 12311 localhost
r 1302594877.975 localhost_12312 SHRQ 37 255 01da0f29 
s 1302594891.494 localhost_12312 KPAV 27 1 00000000 
r 1302594898.541 localhost_12312 KPAV 27 1 00000000 
s 1302594912.497 localhost_12312 KPAV 27 1 00000000 
r 1302594919.543 localhost_12312 KPAV 27 1 00000000 
s 1302594933.499 localhost_12312 KPAV 27 1 00000000 
r 1302594940.546 localhost_12312 KPAV 27 1 00000000 
s 1302594954.502 localhost_12312 KPAV 27 1 00000000 
r 1302594961.549 localhost_12312 KPAV 27 1 00000000 
s 1302594975.505 localhost_12312 KPAV 27 1 00000000 
r 1302594982.552 localhost_12312 KPAV 27 1 00000000 
s 1302594996.508 localhost_12312 KPAV 27 1 00000000 
r 1302595003.555 localhost_12312 KPAV 27 1 00000000 
s 1302595017.511 localhost_12312 KPAV 27 1 00000000 
// 1302595023.780 : Logging Started
r 1302595024.728 localhost_12312 HLLO 38 1 00000000 12312 localhost
s 1302595025.728 localhost_12312 HLLO 38 1 00000000 12311 localhost
r 1302595032.952 localhost_12312 SHRQ 37 255 6d386ff7 
s 1302595045.783 localhost_12312 KPAV 27 1 00000000 
r 1302595053.731 localhost_12312 KPAV 27 1 00000000 
s 1302595066.786 localhost_12312 KPAV 27 1 00000000 
r 1302595074.734 localhost_12312 KPAV 27 1 00000000 
s 1302595087.789 localhost_12312 KPAV 27 1 00000000 
// 1302595101.599 : Logging Started
r 1302595102.699 localhost_12312 HLLO 38 1 00000000 12312 localhost
s 1302595103.699 localhost_12312 HLLO 38 1 00000000 12311 localhost
r 1302595110.132 localhost_12312 SHRQ 37 255 f07a90da 
s 1302595124.605 localhost_12312 KPAV 27 1 00000000 
r 1302595130.702 localhost_12312 KPAV 27 1 00000000 
s 1302595145.609 localhost_12312 KPAV 27 1 00000000 
r 1302595151.705 localhost_12312 KPAV 27 1 00000000 
s 1302595166.611 localhost_12312 KPAV 27 1 00000000 
r 1302595172.708 localhost_12312 KPAV 27 1 00000000 
s 1302595187.614 localhost_12312 KPAV 27 1 00000000 
r 1302595193.710 localhost_12312 KPAV 27 1 00000000 
s 1302595208.617 localhost_12312 KPAV 27 1 00000000 
r 1302595214.713 localhost_12312 KPAV 27 1 00000000 
// 1302595232.138 : Logging Started
r 1302595233.111 localhost_12312 HLLO 38 1 00000000 12312 localhost
r 1302595243.482 localhost_12312 SHRQ 37 255 fa68f53a 
s 1302595254.142 localhost_12312 KPAV 27 1 00000000 
r 1302595264.115 localhost_12312 KPAV 27 1 00000000 
s 1302595275.144 localhost_12312 KPAV 27 1 00000000 
r 1302595285.118 localhost_12312 KPAV 27 1 00000000 
s 1302595296.147 localhost_12312 KPAV 27 1 00000000 
r 1302595306.121 localhost_12312 KPAV 27 1 00000000 
s 1302595317.150 localhost_12312 KPAV 27 1 00000000 
r 1302595327.124 localhost_12312 KPAV 27 1 00000000 
s 1302595338.153 localhost_12312 KPAV 27 1 00000000 
r 1302595348.126 localhost_12312 KPAV 27 1 00000000 
s 1302595359.156 localhost_12312 KPAV 27 1 00000000 
r 1302595369.129 localhost_12312 KPAV 27 1 00000000 
s 1302595380.158 localhost_12312 KPAV 27 1 00000000 
r 1302595390.132 localhost_12312 KPAV 27 1 00000000 
s 1302595401.162 localhost_12312 KPAV 27 1 00000000 
r 1302595411.135 localhost_12312 KPAV 27 1 00000000 
s 1302595422.164 localhost_12312 KPAV 27 1 00000000 
r 1302595432.137 localhost_12312 KPAV 27 1 00000000 
s 1302595443.167 localhost_12312 KPAV 27 1 00000000 
r 1302595453.140 localhost_12312 KPAV 27 1 00000000 
s 1302595464.170 localhost_12312 KPAV 27 1 00000000 
r 1302595474.143 localhost_12312 KPAV 27 1 00000000 
// 1302595483.650 : Logging Started
r 1302595484.821 localhost_12312 HLLO 38 1 00000000 12312 localhost
s 1302595485.821 localhost_12312 HLLO 38 1 00000000 12311 localhost
r 1302595494.585 localhost_12312 SHRQ 37 255 00e9015d 
s 1302595506.653 localhost_12312 KPAV 27 1 00000000 
r 1302595514.824 localhost_12312 KPAV 27 1 00000000 
s 1302595527.656 localhost_12312 KPAV 27 1 00000000 
r 1302595535.827 localhost_12312 KPAV 27 1 00000000 
s 1302595548.659 localhost_12312 KPAV 27 1 00000000 
r 1302595556.830 localhost_12312 KPAV 27 1 00000000 
s 1302595569.661 localhost_12312 KPAV 27 1 00000000 
r 1302595577.832 localhost_12312 KPAV 27 1 00000000 
s 1302595590.664 localhost_12312 KPAV 27 1 00000000 
r 1302595598.835 localhost_12312 KPAV 27 1 00000000 
s 1302595611.667 localhost_12312 KPAV 27 1 00000000 
r 1302595619.837 localhost_12312 KPAV 27 1 00000000 
s 1302595632.670 localhost_12312 KPAV 27 1 00000000 
r 1302595640.840 localhost_12312 KPAV 27 1 00000000 
s 1302595653.673 localhost_12312 KPAV 27 1 00000000 
r 1302595661.842 localhost_12312 KPAV 27 1 00000000 
s 1302595674.676 localhost_12312 KPAV 27 1 00000000 
r 1302595682.845 localhost_12312 KPAV 27 1 00000000 
s 1302595695.679 localhost_12312 KPAV 27 1 00000000 
r 1302595703.847 localhost_12312 KPAV 27 1 00000000 
s 1302595716.682 localhost_12312 KPAV 27 1 00000000 
r 1302595724.850 localhost_12312 KPAV 27 1 00000000 
s 1302595737.685 localhost_12312 KPAV 27 1 00000000 
r 1302595745.853 localhost_12312 KPAV 27 1 00000000 
s 1302595758.687 localhost_12312 KPAV 27 1 00000000 
r 1302595766.855 localhost_12312 KPAV 27 1 00000000 
s 1302595779.690 localhost_12312 KPAV 27 1 00000000 
r 1302595787.858 localhost_12312 KPAV 27 1 00000000 
s 1302595800.693 localhost_12312 KPAV 27 1 00000000 
// 1302595809.719 : Logging Started
r 1302595810.349 localhost_12312 HLLO 38 1 00000000 12312 localhost
s 1302595811.350 localhost_12312 HLLO 38 1 00000000 12311 localhost
s 1302595831.722 localhost_12312 KPAV 27 1 00000000 
r 1302595832.352 localhost_12312 KPAV 27 1 00000000 
s 1302595852.725 localhost_12312 KPAV 27 1 00000000 
r 1302595853.355 localhost_12312 KPAV 27 1 00000000 
r 1302595866.686 localhost_12312 SHRQ 37 255 c0017fa1 
s 1302595873.728 localhost_12312 KPAV 27 1 00000000 
r 1302595887.359 localhost_12312 KPAV 27 1 00000000 
s 1302595894.730 localhost_12312 KPAV 27 1 00000000 
r 1302595908.362 localhost_12312 KPAV 27 1 00000000 
s 1302595915.733 localhost_12312 KPAV 27 1 00000000 
r 1302595929.365 localhost_12312 KPAV 27 1 00000000 
s 1302595936.736 localhost_12312 KPAV 27 1 00000000 
r 1302595950.368 localhost_12312 KPAV 27 1 00000000 
s 1302595957.740 localhost_12312 KPAV 27 1 00000000 
r 1302595971.372 localhost_12312 KPAV 27 1 00000000 
// 1302595978.129 : Logging Started
r 1302595978.938 localhost_12312 HLLO 38 1 00000000 12312 localhost
s 1302595979.938 localhost_12312 HLLO 38 1 00000000 12311 localhost
r 1302595985.812 localhost_12312 SHRQ 37 255 c858728d 
s 1302596000.133 localhost_12312 KPAV 27 1 00000000 
r 1302596005.941 localhost_12312 KPAV 27 1 00000000 
s 1302596021.135 localhost_12312 KPAV 27 1 00000000 
r 1302596026.944 localhost_12312 KPAV 27 1 00000000 
// 1302596050.427 : Logging Started
r 1302596052.182 localhost_12312 HLLO 38 1 00000000 12312 localhost
r 1302596059.993 localhost_12312 SHRQ 37 255 04929921 
s 1302596073.430 localhost_12312 KPAV 27 1 00000000 
r 1302596080.186 localhost_12312 KPAV 27 1 00000000 
s 1302596094.433 localhost_12312 KPAV 27 1 00000000 
r 1302596101.188 localhost_12312 KPAV 27 1 00000000 
s 1302596115.436 localhost_12312 KPAV 27 1 00000000 
r 1302596122.191 localhost_12312 KPAV 27 1 00000000 
s 1302596136.439 localhost_12312 KPAV 27 1 00000000 
r 1302596143.194 localhost_12312 KPAV 27 1 00000000 
s 1302596157.442 localhost_12312 KPAV 27 1 00000000 
r 1302596164.197 localhost_12312 KPAV 27 1 00000000 
s 1302596178.445 localhost_12312 KPAV 27 1 00000000 
r 1302596185.200 localhost_12312 KPAV 27 1 00000000 
s 1302596199.447 localhost_12312 KPAV 27 1 00000000 
r 1302596206.203 localhost_12312 KPAV 27 1 00000000 
// 1302596217.928 : Logging Started
r 1302596218.690 localhost_12312 HLLO 38 1 00000000 12312 localhost
s 1302596219.690 localhost_12312 HLLO 38 1 00000000 12311 localhost
r 1302596226.202 localhost_12312 SHRQ 37 255 56ff7964 
s 1302596239.931 localhost_12312 KPAV 27 1 00000000 
r 1302596246.693 localhost_12312 KPAV 27 1 00000000 
s 1302596260.934 localhost_12312 KPAV 27 1 00000000 
r 1302596267.696 localhost_12312 KPAV 27 1 00000000 
s 1302596281.937 localhost_12312 KPAV 27 1 00000000 
r 1302596288.699 localhost_12312 KPAV 27 1 00000000 
s 1302596302.940 localhost_12312 KPAV 27 1 00000000 
r 1302596309.702 localhost_12312 KPAV 27 1 00000000 
s 1302596323.943 localhost_12312 KPAV 27 1 00000000 
r 1302596330.704 localhost_12312 KPAV 27 1 00000000 
s 1302596344.946 localhost_12312 KPAV 27 1 00000000 
r 1302596351.707 localhost_12312 KPAV 27 1 00000000 
s 1302596365.948 localhost_12312 KPAV 27 1 00000000 
r 1302596372.710 localhost_12312 KPAV 27 1 00000000 
s 1302596386.951 localhost_12312 KPAV 27 1 00000000 
r 1302596393.712 localhost_12312 KPAV 27 1 00000000 
s 1302596407.954 localhost_12312 KPAV 27 1 00000000 
r 1302596414.715 localhost_12312 KPAV 27 1 00000000 
s 1302596428.957 localhost_12312 KPAV 27 1 00000000 
// 1302596450.836 : Logging Started
r 1302596451.939 localhost_12312 HLLO 38 1 00000000 12312 localhost
r 1302596461.142 localhost_12312 SHRQ 37 255 3148abf4 
s 1302596461.162 localhost_12312 SHRS 518 1 00000000 
// 1302596686.337 : Logging Started
r 1302596688.191 localhost_12312 HLLO 38 1 00000000 12312 localhost
s 1302596689.192 localhost_12312 HLLO 38 1 00000000 12311 localhost
r 1302596697.785 localhost_12312 SHRQ 37 255 07780afa 
s 1302596697.785 localhost_12312 SHRS 518 1 00000000 
// 1302597043.988 : Logging Started
r 1302597044.972 localhost_12312 HLLO 38 1 00000000 12312 localhost
s 1302597045.972 localhost_12312 HLLO 38 1 00000000 12311 localhost
r 1302597056.467 localhost_12312 SHRQ 37 255 70ac6e67 
s 1302597056.467 localhost_12312 SHRS 518 1 00000000 
// 1302597120.158 : Logging Started
r 1302597121.108 localhost_12312 HLLO 38 1 00000000 12312 localhost
r 1302597129.172 localhost_12312 SHRQ 37 255 239f2700 
s 1302597129.173 localhost_12312 SHRS 518 1 00000000 
// 1302597214.138 : Logging Started
r 1302597215.228 localhost_12312 HLLO 38 1 00000000 12312 localhost
s 1302597216.228 localhost_12312 HLLO 38 1 00000000 12311 localhost
r 1302597223.714 localhost_12312 SHRQ 37 255 9e9b1fb5 
s 1302597223.715 localhost_12312 SHRS 518 1 00000000 
// 1302597270.890 : Logging Started
r 1302597271.660 localhost_12312 HLLO 38 1 00000000 12312 localhost
s 1302597272.660 localhost_12312 HLLO 38 1 00000000 12311 localhost
r 1302597290.724 localhost_12312 SHRQ 37 255 c21d907a 
s 1302597290.725 localhost_12312 SHRS 518 1 00000000 
// 1302604697.429 : Logging Started
r 1302604698.578 localhost_12312 HLLO 38 1 00000000 12312 localhost
s 1302604699.579 localhost_12312 HLLO 38 1 00000000 12311 localhost
r 1302604713.912 localhost_12312 SHRQ 37 255 60861931 
s 1302604713.913 localhost_12312 SHRS 71 1 00000000 
s 1302604734.434 localhost_12312 KPAV 27 1 00000000 
r 1302604734.583 localhost_12312 KPAV 27 1 00000000 
// 1302604970.297 : Logging Started
r 1302604971.460 localhost_12312 HLLO 38 1 00000000 12312 localhost
r 1302604979.457 localhost_12312 SHRQ 37 255 c80021f5 
s 1302604979.457 localhost_12312 SHRS 518 1 00000000 
r 1302604999.463 localhost_12312 KPAV 27 1 00000000 
s 1302605000.301 localhost_12312 KPAV 27 1 00000000 
r 1302605020.466 localhost_12312 KPAV 27 1 00000000 
s 1302605021.306 localhost_12312 KPAV 27 1 00000000 
// 1302605299.401 : Logging Started
r 1302605300.153 localhost_12312 HLLO 38 1 00000000 12312 localhost
s 1302605301.153 localhost_12312 HLLO 38 1 00000000 12311 localhost
r 1302605314.418 localhost_12312 SHRQ 37 255 b28b0587 
s 1302605314.418 localhost_12312 SHRS 518 1 00000000 
r 1302605335.157 localhost_12312 KPAV 27 1 00000000 
s 1302605335.407 localhost_12312 KPAV 27 1 00000000 
r 1302605356.159 localhost_12312 KPAV 27 1 00000000 
s 1302605356.411 localhost_12312 KPAV 27 1 00000000 
r 1302605377.162 localhost_12312 KPAV 27 1 00000000 
s 1302605377.414 localhost_12312 KPAV 27 1 00000000 
r 1302605398.164 localhost_12312 KPAV 27 1 00000000 
s 1302605398.417 localhost_12312 KPAV 27 1 00000000 
r 1302605419.166 localhost_12312 KPAV 27 1 00000000 
s 1302605419.419 localhost_12312 KPAV 27 1 00000000 
r 1302605440.170 localhost_12312 KPAV 27 1 00000000 
s 1302605440.422 localhost_12312 KPAV 27 1 00000000 
r 1302605461.172 localhost_12312 KPAV 27 1 00000000 
s 1302605461.425 localhost_12312 KPAV 27 1 00000000 
r 1302605482.175 localhost_12312 KPAV 27 1 00000000 
s 1302605482.427 localhost_12312 KPAV 27 1 00000000 
r 1302605503.177 localhost_12312 KPAV 27 1 00000000 
s 1302605503.429 localhost_12312 KPAV 27 1 00000000 
r 1302605524.180 localhost_12312 KPAV 27 1 00000000 
s 1302605524.431 localhost_12312 KPAV 27 1 00000000 
r 1302605545.183 localhost_12312 KPAV 27 1 00000000 
s 1302605545.434 localhost_12312 KPAV 27 1 00000000 
r 1302605566.186 localhost_12312 KPAV 27 1 00000000 
s 1302605566.436 localhost_12312 KPAV 27 1 00000000 
// 1302605616.601 : Logging Started
r 1302605617.309 localhost_12312 HLLO 38 1 00000000 12312 localhost
r 1302605637.573 localhost_12312 SHRQ 37 255 28f7b7e0 
s 1302605637.573 localhost_12312 SHRS 518 1 00000000 
s 1302605657.607 localhost_12312 KPAV 27 1 00000000 
r 1302605658.314 localhost_12312 KPAV 27 1 00000000 
// 1302605740.709 : Logging Started
r 1302605741.531 localhost_12312 HLLO 38 1 00000000 12312 localhost
r 1302605750.272 localhost_12312 SHRQ 37 255 1145aa12 
s 1302605750.273 localhost_12312 SHRS 518 1 00000000 
r 1302605770.534 localhost_12312 KPAV 27 1 00000000 
s 1302605770.716 localhost_12312 KPAV 27 1 00000000 
r 1302605791.538 localhost_12312 KPAV 27 1 00000000 
s 1302605791.719 localhost_12312 KPAV 27 1 00000000 
r 1302605812.542 localhost_12312 KPAV 27 1 00000000 
s 1302605812.721 localhost_12312 KPAV 27 1 00000000 
r 1302605833.545 localhost_12312 KPAV 27 1 00000000 
s 1302605833.724 localhost_12312 KPAV 27 1 00000000 
r 1302605854.548 localhost_12312 KPAV 27 1 00000000 
s 1302605854.728 localhost_12312 KPAV 27 1 00000000 
r 1302605875.551 localhost_12312 KPAV 27 1 00000000 
s 1302605875.731 localhost_12312 KPAV 27 1 00000000 
r 1302605896.554 localhost_12312 KPAV 27 1 00000000 
s 1302605896.734 localhost_12312 KPAV 27 1 00000000 
r 1302605917.556 localhost_12312 KPAV 27 1 00000000 
s 1302605917.736 localhost_12312 KPAV 27 1 00000000 
r 1302605938.559 localhost_12312 KPAV 27 1 00000000 
s 1302605938.739 localhost_12312 KPAV 27 1 00000000 
r 1302605959.563 localhost_12312 KPAV 27 1 00000000 
s 1302605959.741 localhost_12312 KPAV 27 1 00000000 
r 1302605980.566 localhost_12312 KPAV 27 1 00000000 
s 1302605980.744 localhost_12312 KPAV 27 1 00000000 
r 1302606001.569 localhost_12312 KPAV 27 1 00000000 
s 1302606001.747 localhost_12312 KPAV 27 1 00000000 
r 1302606022.572 localhost_12312 KPAV 27 1 00000000 
s 1302606022.751 localhost_12312 KPAV 27 1 00000000 
r 1302606043.575 localhost_12312 KPAV 27 1 00000000 
s 1302606043.753 localhost_12312 KPAV 27 1 00000000 
r 1302606064.577 localhost_12312 KPAV 27 1 00000000 
s 1302606064.756 localhost_12312 KPAV 27 1 00000000 
r 1302606085.580 localhost_12312 KPAV 27 1 00000000 
s 1302606085.760 localhost_12312 KPAV 27 1 00000000 
r 1302606106.582 localhost_12312 KPAV 27 1 00000000 
s 1302606106.763 localhost_12312 KPAV 27 1 00000000 
r 1302606127.585 localhost_12312 KPAV 27 1 00000000 
s 1302606127.766 localhost_12312 KPAV 27 1 00000000 
r 1302606148.587 localhost_12312 KPAV 27 1 00000000 
s 1302606148.768 localhost_12312 KPAV 27 1 00000000 
r 1302606169.591 localhost_12312 KPAV 27 1 00000000 
s 1302606169.770 localhost_12312 KPAV 27 1 00000000 
r 1302606190.593 localhost_12312 KPAV 27 1 00000000 
s 1302606190.773 localhost_12312 KPAV 27 1 00000000 
r 1302606211.595 localhost_12312 KPAV 27 1 00000000 
s 1302606211.775 localhost_12312 KPAV 27 1 00000000 
r 1302606232.598 localhost_12312 KPAV 27 1 00000000 
s 1302606232.778 localhost_12312 KPAV 27 1 00000000 
r 1302606253.600 localhost_12312 KPAV 27 1 00000000 
s 1302606253.780 localhost_12312 KPAV 27 1 00000000 
r 1302606274.603 localhost_12312 KPAV 27 1 00000000 
s 1302606274.785 localhost_12312 KPAV 27 1 00000000 
r 1302606295.605 localhost_12312 KPAV 27 1 00000000 
s 1302606295.787 localhost_12312 KPAV 27 1 00000000 
r 1302606316.609 localhost_12312 KPAV 27 1 00000000 
s 1302606316.790 localhost_12312 KPAV 27 1 00000000 
r 1302606337.612 localhost_12312 KPAV 27 1 00000000 
s 1302606337.792 localhost_12312 KPAV 27 1 00000000 
r 1302606358.614 localhost_12312 KPAV 27 1 00000000 
s 1302606358.796 localhost_12312 KPAV 27 1 00000000 
r 1302606379.617 localhost_12312 KPAV 27 1 00000000 
s 1302606379.798 localhost_12312 KPAV 27 1 00000000 
r 1302606400.619 localhost_12312 KPAV 27 1 00000000 
s 1302606400.801 localhost_12312 KPAV 27 1 00000000 
r 1302606421.622 localhost_12312 KPAV 27 1 00000000 
s 1302606421.805 localhost_12312 KPAV 27 1 00000000 
r 1302606442.624 localhost_12312 KPAV 27 1 00000000 
s 1302606442.807 localhost_12312 KPAV 27 1 00000000 
r 1302606463.627 localhost_12312 KPAV 27 1 00000000 
s 1302606463.810 localhost_12312 KPAV 27 1 00000000 
r 1302606484.629 localhost_12312 KPAV 27 1 00000000 
s 1302606484.813 localhost_12312 KPAV 27 1 00000000 
// 1302606847.771 : Logging Started
r 1302606849.973 localhost_12312 HLLO 38 1 00000000 12312 localhost
r 1302606860.416 localhost_12312 SHRQ 37 255 b4c9084f 
s 1302606860.416 localhost_12312 SHRS 518 1 00000000 
s 1302606880.776 localhost_12312 KPAV 27 1 00000000 
r 1302606880.976 localhost_12312 KPAV 27 1 00000000 
s 1302606901.778 localhost_12312 KPAV 27 1 00000000 
r 1302606901.980 localhost_12312 KPAV 27 1 00000000 
s 1302606922.781 localhost_12312 KPAV 27 1 00000000 
r 1302606922.986 localhost_12312 KPAV 27 1 00000000 
s 1302606943.784 localhost_12312 KPAV 27 1 00000000 
r 1302606943.989 localhost_12312 KPAV 27 1 00000000 
s 1302606964.786 localhost_12312 KPAV 27 1 00000000 
r 1302606964.991 localhost_12312 KPAV 27 1 00000000 
s 1302606985.790 localhost_12312 KPAV 27 1 00000000 
r 1302606985.994 localhost_12312 KPAV 27 1 00000000 
s 1302607006.792 localhost_12312 KPAV 27 1 00000000 
r 1302607006.997 localhost_12312 KPAV 27 1 00000000 
s 1302607027.795 localhost_12312 KPAV 27 1 00000000 
r 1302607027.999 localhost_12312 KPAV 27 1 00000000 
s 1302607048.798 localhost_12312 KPAV 27 1 00000000 
r 1302607049.002 localhost_12312 KPAV 27 1 00000000 
s 1302607069.801 localhost_12312 KPAV 27 1 00000000 
r 1302607070.004 localhost_12312 KPAV 27 1 00000000 
s 1302607090.804 localhost_12312 KPAV 27 1 00000000 
r 1302607091.007 localhost_12312 KPAV 27 1 00000000 
s 1302607111.806 localhost_12312 KPAV 27 1 00000000 
r 1302607112.010 localhost_12312 KPAV 27 1 00000000 
s 1302607132.810 localhost_12312 KPAV 27 1 00000000 
r 1302607133.012 localhost_12312 KPAV 27 1 00000000 
// 1302607149.303 : Logging Started
r 1302607149.989 localhost_12312 HLLO 38 1 00000000 12312 localhost
r 1302607158.782 localhost_12312 SHRQ 37 255 aa13cb9e 
s 1302607158.782 localhost_12312 SHRS 518 1 00000000 
r 1302607178.992 localhost_12312 KPAV 27 1 00000000 
s 1302607179.307 localhost_12312 KPAV 27 1 00000000 
r 1302607199.995 localhost_12312 KPAV 27 1 00000000 
s 1302607200.309 localhost_12312 KPAV 27 1 00000000 
r 1302607220.997 localhost_12312 KPAV 27 1 00000000 
s 1302607221.313 localhost_12312 KPAV 27 1 00000000 
r 1302607241.999 localhost_12312 KPAV 27 1 00000000 
s 1302607242.315 localhost_12312 KPAV 27 1 00000000 
r 1302607263.002 localhost_12312 KPAV 27 1 00000000 
s 1302607263.317 localhost_12312 KPAV 27 1 00000000 
r 1302607284.006 localhost_12312 KPAV 27 1 00000000 
s 1302607284.320 localhost_12312 KPAV 27 1 00000000 
r 1302607305.009 localhost_12312 KPAV 27 1 00000000 
s 1302607305.322 localhost_12312 KPAV 27 1 00000000 
r 1302607326.012 localhost_12312 KPAV 27 1 00000000 
s 1302607326.324 localhost_12312 KPAV 27 1 00000000 
r 1302607347.015 localhost_12312 KPAV 27 1 00000000 
s 1302607347.327 localhost_12312 KPAV 27 1 00000000 
r 1302607368.017 localhost_12312 KPAV 27 1 00000000 
s 1302607368.331 localhost_12312 KPAV 27 1 00000000 
r 1302607389.020 localhost_12312 KPAV 27 1 00000000 
s 1302607389.334 localhost_12312 KPAV 27 1 00000000 
// 1302607645.416 : Logging Started
r 1302607647.532 localhost_12312 HLLO 38 1 00000000 12312 localhost
r 1302607662.992 localhost_12312 SHRQ 37 255 e62d91d9 
s 1302607662.993 localhost_12312 SHRS 518 1 00000000 
s 1302607683.421 localhost_12312 KPAV 27 1 00000000 
r 1302607683.535 localhost_12312 KPAV 27 1 00000000 
s 1302607704.424 localhost_12312 KPAV 27 1 00000000 
r 1302607704.538 localhost_12312 KPAV 27 1 00000000 
s 1302607725.428 localhost_12312 KPAV 27 1 00000000 
r 1302607725.540 localhost_12312 KPAV 27 1 00000000 
s 1302607746.430 localhost_12312 KPAV 27 1 00000000 
r 1302607746.543 localhost_12312 KPAV 27 1 00000000 
s 1302607767.432 localhost_12312 KPAV 27 1 00000000 
r 1302607767.545 localhost_12312 KPAV 27 1 00000000 
// 1302608478.151 : Logging Started
r 1302608481.248 localhost_12312 HLLO 38 1 00000000 12312 localhost
r 1302608499.833 localhost_12312 SHRQ 37 255 16836233 
s 1302608499.833 localhost_12312 SHRS 518 1 00000000 
s 1302608520.156 localhost_12312 KPAV 27 1 00000000 
r 1302608520.252 localhost_12312 KPAV 27 1 00000000 
s 1302608541.159 localhost_12312 KPAV 27 1 00000000 
r 1302608541.255 localhost_12312 KPAV 27 1 00000000 
s 1302608562.161 localhost_12312 KPAV 27 1 00000000 
r 1302608562.258 localhost_12312 KPAV 27 1 00000000 
s 1302608583.164 localhost_12312 KPAV 27 1 00000000 
r 1302608583.262 localhost_12312 KPAV 27 1 00000000 
s 1302608604.166 localhost_12312 KPAV 27 1 00000000 
r 1302608604.265 localhost_12312 KPAV 27 1 00000000 
s 1302608625.169 localhost_12312 KPAV 27 1 00000000 
r 1302608625.267 localhost_12312 KPAV 27 1 00000000 
s 1302608646.171 localhost_12312 KPAV 27 1 00000000 
r 1302608646.272 localhost_12312 KPAV 27 1 00000000 
s 1302608667.173 localhost_12312 KPAV 27 1 00000000 
r 1302608667.275 localhost_12312 KPAV 27 1 00000000 
s 1302608688.176 localhost_12312 KPAV 27 1 00000000 
r 1302608688.278 localhost_12312 KPAV 27 1 00000000 
// 1302665288.436 : Logging Started
r 1302665290.710 localhost_12312 HLLO 38 1 00000000 12312 localhost
r 1302665296.821 localhost_12312 SHRQ 37 255 40a12fcd 
s 1302665296.855 localhost_12312 SHRS 518 1 00000000 
s 1302665317.453 localhost_12312 KPAV 27 1 00000000 
r 1302665317.713 localhost_12312 KPAV 27 1 00000000 
s 1302665338.455 localhost_12312 KPAV 27 1 00000000 
r 1302665338.716 localhost_12312 KPAV 27 1 00000000 
s 1302665359.458 localhost_12312 KPAV 27 1 00000000 
r 1302665359.719 localhost_12312 KPAV 27 1 00000000 
s 1302665380.461 localhost_12312 KPAV 27 1 00000000 
r 1302665380.722 localhost_12312 KPAV 27 1 00000000 
s 1302665401.464 localhost_12312 KPAV 27 1 00000000 
r 1302665401.725 localhost_12312 KPAV 27 1 00000000 
s 1302665422.467 localhost_12312 KPAV 27 1 00000000 
r 1302665422.727 localhost_12312 KPAV 27 1 00000000 
s 1302665443.470 localhost_12312 KPAV 27 1 00000000 
r 1302665443.729 localhost_12312 KPAV 27 1 00000000 
s 1302665464.473 localhost_12312 KPAV 27 1 00000000 
r 1302665464.732 localhost_12312 KPAV 27 1 00000000 
// 1302665576.674 : Logging Started
r 1302665577.495 localhost_12312 HLLO 38 1 00000000 12312 localhost
s 1302665578.495 localhost_12312 HLLO 38 1 00000000 12311 localhost
r 1302665585.800 localhost_12312 SHRQ 37 255 ae6e4edc 
s 1302665585.800 localhost_12312 SHRS 518 1 00000000 
// 1302666142.184 : Logging Started
r 1302666143.148 localhost_12312 HLLO 38 1 00000000 12312 localhost
s 1302666144.148 localhost_12312 HLLO 38 1 00000000 12311 localhost
r 1302666149.590 localhost_12312 SHRQ 37 255 fe427275 
s 1302666149.590 localhost_12312 SHRS 518 1 00000000 
// 1302666193.356 : Logging Started
s 1302666193.392 localhost_12312 HLLO 38 1 00000000 12311 localhost
r 1302666194.389 localhost_12312 HLLO 38 1 00000000 12312 localhost
r 1302666200.812 localhost_12312 SHRQ 37 255 765785a0 
s 1302666200.812 localhost_12312 SHRS 518 1 00000000 
// 1302666254.034 : Logging Started
r 1302666254.775 localhost_12312 HLLO 38 1 00000000 12312 localhost
r 1302666262.395 localhost_12312 SHRQ 37 255 8b2b624c 
s 1302666262.511 localhost_12312 SHRS 518 1 00000000 
// 1302666380.351 : Logging Started
// 1302666391.640 : Logging Stopped
// 1302666397.177 : Logging Started
r 1302666398.399 localhost_12312 HLLO 38 1 00000000 12312 localhost
s 1302666399.399 localhost_12312 HLLO 38 1 00000000 12311 localhost
r 1302666406.400 localhost_12312 SHRQ 37 255 59af56bc 
s 1302666406.400 localhost_12312 SHRS 518 1 00000000 
// 1302666633.324 : Logging Started
r 1302666633.874 localhost_12312 HLLO 38 1 00000000 12312 localhost
s 1302666633.896 localhost_12312 HLLO 38 1 00000000 12311 localhost
r 1302666634.696 localhost_12312 HLLO 38 1 00000000 12312 localhost
r 1302666644.509 localhost_12312 SHRQ 37 255 7f312784 
s 1302666644.626 localhost_12312 SHRS 518 1 00000000 
// 1302666825.793 : Logging Started
r 1302666826.838 localhost_12312 HLLO 38 1 00000000 12312 localhost
r 1302666834.594 localhost_12312 SHRQ 37 255 70686c18 
s 1302666834.594 localhost_12312 SHRS 518 1 00000000 
// 1302667141.754 : Logging Started
r 1302667142.836 localhost_12312 HLLO 38 1 00000000 12312 localhost
s 1302667143.836 localhost_12312 HLLO 38 1 00000000 12311 localhost
r 1302667150.700 localhost_12312 SHRQ 37 255 91fc29a6 
s 1302667150.700 localhost_12312 SHRS 518 1 00000000 
s 1302667170.758 localhost_12312 KPAV 27 1 00000000 
r 1302667170.838 localhost_12312 KPAV 27 1 00000000 
s 1302667191.761 localhost_12312 KPAV 27 1 00000000 
r 1302667191.841 localhost_12312 KPAV 27 1 00000000 
s 1302667212.763 localhost_12312 KPAV 27 1 00000000 
r 1302667212.844 localhost_12312 KPAV 27 1 00000000 
s 1302667233.766 localhost_12312 KPAV 27 1 00000000 
r 1302667233.847 localhost_12312 KPAV 27 1 00000000 
s 1302667254.769 localhost_12312 KPAV 27 1 00000000 
r 1302667254.849 localhost_12312 KPAV 27 1 00000000 
s 1302667275.772 localhost_12312 KPAV 27 1 00000000 
r 1302667275.853 localhost_12312 KPAV 27 1 00000000 
s 1302667296.774 localhost_12312 KPAV 27 1 00000000 
r 1302667296.855 localhost_12312 KPAV 27 1 00000000 
s 1302667317.777 localhost_12312 KPAV 27 1 00000000 
r 1302667317.858 localhost_12312 KPAV 27 1 00000000 
s 1302667338.780 localhost_12312 KPAV 27 1 00000000 
r 1302667338.860 localhost_12312 KPAV 27 1 00000000 
s 1302667359.782 localhost_12312 KPAV 27 1 00000000 
r 1302667359.863 localhost_12312 KPAV 27 1 00000000 
s 1302667380.785 localhost_12312 KPAV 27 1 00000000 
r 1302667380.865 localhost_12312 KPAV 27 1 00000000 
s 1302667401.787 localhost_12312 KPAV 27 1 00000000 
r 1302667401.868 localhost_12312 KPAV 27 1 00000000 
s 1302667422.790 localhost_12312 KPAV 27 1 00000000 
r 1302667422.870 localhost_12312 KPAV 27 1 00000000 
s 1302667443.793 localhost_12312 KPAV 27 1 00000000 
r 1302667443.873 localhost_12312 KPAV 27 1 00000000 
s 1302667464.795 localhost_12312 KPAV 27 1 00000000 
r 1302667464.875 localhost_12312 KPAV 27 1 00000000 
s 1302667485.798 localhost_12312 KPAV 27 1 00000000 
r 1302667485.878 localhost_12312 KPAV 27 1 00000000 
s 1302667506.800 localhost_12312 KPAV 27 1 00000000 
r 1302667506.880 localhost_12312 KPAV 27 1 00000000 
s 1302667527.803 localhost_12312 KPAV 27 1 00000000 
r 1302667527.883 localhost_12312 KPAV 27 1 00000000 
s 1302667548.806 localhost_12312 KPAV 27 1 00000000 
r 1302667548.886 localhost_12312 KPAV 27 1 00000000 
s 1302667569.809 localhost_12312 KPAV 27 1 00000000 
r 1302667569.889 localhost_12312 KPAV 27 1 00000000 
s 1302667590.812 localhost_12312 KPAV 27 1 00000000 
r 1302667590.892 localhost_12312 KPAV 27 1 00000000 
s 1302667611.815 localhost_12312 KPAV 27 1 00000000 
r 1302667611.895 localhost_12312 KPAV 27 1 00000000 
s 1302667632.819 localhost_12312 KPAV 27 1 00000000 
r 1302667632.898 localhost_12312 KPAV 27 1 00000000 
s 1302667653.821 localhost_12312 KPAV 27 1 00000000 
r 1302667653.901 localhost_12312 KPAV 27 1 00000000 
s 1302667674.824 localhost_12312 KPAV 27 1 00000000 
r 1302667674.904 localhost_12312 KPAV 27 1 00000000 
s 1302667695.827 localhost_12312 KPAV 27 1 00000000 
r 1302667695.906 localhost_12312 KPAV 27 1 00000000 
s 1302667716.830 localhost_12312 KPAV 27 1 00000000 
r 1302667716.908 localhost_12312 KPAV 27 1 00000000 
s 1302667737.832 localhost_12312 KPAV 27 1 00000000 
r 1302667737.910 localhost_12312 KPAV 27 1 00000000 
s 1302667758.834 localhost_12312 KPAV 27 1 00000000 
r 1302667758.913 localhost_12312 KPAV 27 1 00000000 
s 1302667779.837 localhost_12312 KPAV 27 1 00000000 
r 1302667779.916 localhost_12312 KPAV 27 1 00000000 
s 1302667800.839 localhost_12312 KPAV 27 1 00000000 
r 1302667800.919 localhost_12312 KPAV 27 1 00000000 
s 1302667821.842 localhost_12312 KPAV 27 1 00000000 
r 1302667821.921 localhost_12312 KPAV 27 1 00000000 
s 1302667842.844 localhost_12312 KPAV 27 1 00000000 
r 1302667842.924 localhost_12312 KPAV 27 1 00000000 
s 1302667863.847 localhost_12312 KPAV 27 1 00000000 
r 1302667863.927 localhost_12312 KPAV 27 1 00000000 
s 1302667884.850 localhost_12312 KPAV 27 1 00000000 
r 1302667884.930 localhost_12312 KPAV 27 1 00000000 
s 1302667905.853 localhost_12312 KPAV 27 1 00000000 
r 1302667905.933 localhost_12312 KPAV 27 1 00000000 
s 1302667926.855 localhost_12312 KPAV 27 1 00000000 
r 1302667926.937 localhost_12312 KPAV 27 1 00000000 
s 1302667947.858 localhost_12312 KPAV 27 1 00000000 
r 1302667947.939 localhost_12312 KPAV 27 1 00000000 
s 1302667968.861 localhost_12312 KPAV 27 1 00000000 
r 1302667968.942 localhost_12312 KPAV 27 1 00000000 
s 1302667989.864 localhost_12312 KPAV 27 1 00000000 
r 1302667989.945 localhost_12312 KPAV 27 1 00000000 
s 1302668010.866 localhost_12312 KPAV 27 1 00000000 
r 1302668010.947 localhost_12312 KPAV 27 1 00000000 
s 1302668031.869 localhost_12312 KPAV 27 1 00000000 
r 1302668031.950 localhost_12312 KPAV 27 1 00000000 
s 1302668052.872 localhost_12312 KPAV 27 1 00000000 
r 1302668052.952 localhost_12312 KPAV 27 1 00000000 
s 1302668073.875 localhost_12312 KPAV 27 1 00000000 
r 1302668073.955 localhost_12312 KPAV 27 1 00000000 
s 1302668094.878 localhost_12312 KPAV 27 1 00000000 
r 1302668094.958 localhost_12312 KPAV 27 1 00000000 
s 1302668115.881 localhost_12312 KPAV 27 1 00000000 
r 1302668115.960 localhost_12312 KPAV 27 1 00000000 
s 1302668136.883 localhost_12312 KPAV 27 1 00000000 
r 1302668136.963 localhost_12312 KPAV 27 1 00000000 
s 1302668157.886 localhost_12312 KPAV 27 1 00000000 
r 1302668157.965 localhost_12312 KPAV 27 1 00000000 
s 1302668178.889 localhost_12312 KPAV 27 1 00000000 
r 1302668178.968 localhost_12312 KPAV 27 1 00000000 
s 1302668199.892 localhost_12312 KPAV 27 1 00000000 
r 1302668199.971 localhost_12312 KPAV 27 1 00000000 
s 1302668220.895 localhost_12312 KPAV 27 1 00000000 
r 1302668220.973 localhost_12312 KPAV 27 1 00000000 
s 1302668241.898 localhost_12312 KPAV 27 1 00000000 
r 1302668241.976 localhost_12312 KPAV 27 1 00000000 
s 1302668262.901 localhost_12312 KPAV 27 1 00000000 
r 1302668262.979 localhost_12312 KPAV 27 1 00000000 
s 1302668283.903 localhost_12312 KPAV 27 1 00000000 
r 1302668283.982 localhost_12312 KPAV 27 1 00000000 
// 1302668307.324 : Logging Started
r 1302668308.625 localhost_12312 HLLO 38 1 00000000 12312 localhost
s 1302668309.625 localhost_12312 HLLO 38 1 00000000 12311 localhost
r 1302668316.960 localhost_12312 SHRQ 37 255 d3f906c9 
s 1302668316.960 localhost_12312 SHRS 518 1 00000000 
s 1302668337.328 localhost_12312 KPAV 27 1 00000000 
r 1302668337.628 localhost_12312 KPAV 27 1 00000000 
s 1302668358.330 localhost_12312 KPAV 27 1 00000000 
r 1302668358.631 localhost_12312 KPAV 27 1 00000000 
s 1302668379.332 localhost_12312 KPAV 27 1 00000000 
r 1302668379.634 localhost_12312 KPAV 27 1 00000000 
s 1302668400.334 localhost_12312 KPAV 27 1 00000000 
r 1302668400.637 localhost_12312 KPAV 27 1 00000000 
s 1302668421.337 localhost_12312 KPAV 27 1 00000000 
r 1302668421.640 localhost_12312 KPAV 27 1 00000000 
s 1302668442.340 localhost_12312 KPAV 27 1 00000000 
r 1302668442.642 localhost_12312 KPAV 27 1 00000000 
s 1302668463.342 localhost_12312 KPAV 27 1 00000000 
r 1302668463.645 localhost_12312 KPAV 27 1 00000000 
s 1302668484.345 localhost_12312 KPAV 27 1 00000000 
r 1302668484.648 localhost_12312 KPAV 27 1 00000000 
s 1302668505.347 localhost_12312 KPAV 27 1 00000000 
r 1302668505.651 localhost_12312 KPAV 27 1 00000000 
s 1302668526.350 localhost_12312 KPAV 27 1 00000000 
r 1302668526.653 localhost_12312 KPAV 27 1 00000000 
s 1302668547.353 localhost_12312 KPAV 27 1 00000000 
r 1302668547.656 localhost_12312 KPAV 27 1 00000000 
s 1302668568.355 localhost_12312 KPAV 27 1 00000000 
r 1302668568.658 localhost_12312 KPAV 27 1 00000000 
s 1302668589.358 localhost_12312 KPAV 27 1 00000000 
r 1302668589.661 localhost_12312 KPAV 27 1 00000000 
s 1302668610.361 localhost_12312 KPAV 27 1 00000000 
r 1302668610.664 localhost_12312 KPAV 27 1 00000000 
s 1302668631.364 localhost_12312 KPAV 27 1 00000000 
r 1302668631.666 localhost_12312 KPAV 27 1 00000000 
s 1302668652.366 localhost_12312 KPAV 27 1 00000000 
r 1302668652.669 localhost_12312 KPAV 27 1 00000000 
s 1302668673.368 localhost_12312 KPAV 27 1 00000000 
r 1302668673.671 localhost_12312 KPAV 27 1 00000000 
s 1302668694.371 localhost_12312 KPAV 27 1 00000000 
r 1302668694.674 localhost_12312 KPAV 27 1 00000000 
s 1302668715.374 localhost_12312 KPAV 27 1 00000000 
r 1302668715.676 localhost_12312 KPAV 27 1 00000000 
s 1302668736.376 localhost_12312 KPAV 27 1 00000000 
r 1302668736.679 localhost_12312 KPAV 27 1 00000000 
s 1302668757.379 localhost_12312 KPAV 27 1 00000000 
r 1302668757.681 localhost_12312 KPAV 27 1 00000000 
s 1302668778.381 localhost_12312 KPAV 27 1 00000000 
r 1302668778.684 localhost_12312 KPAV 27 1 00000000 
s 1302668799.384 localhost_12312 KPAV 27 1 00000000 
r 1302668799.686 localhost_12312 KPAV 27 1 00000000 
s 1302668820.386 localhost_12312 KPAV 27 1 00000000 
r 1302668820.689 localhost_12312 KPAV 27 1 00000000 
// 1302668828.337 : Logging Started
r 1302668829.008 localhost_12312 HLLO 38 1 00000000 12312 localhost
s 1302668830.008 localhost_12312 HLLO 38 1 00000000 12311 localhost
r 1302668836.140 localhost_12312 SHRQ 37 255 2cd8f8b2 
s 1302668836.140 localhost_12312 SHRS 518 1 00000000 
s 1302668856.340 localhost_12312 KPAV 27 1 00000000 
r 1302668857.011 localhost_12312 KPAV 27 1 00000000 
s 1302668877.343 localhost_12312 KPAV 27 1 00000000 
r 1302668878.014 localhost_12312 KPAV 27 1 00000000 
s 1302668898.345 localhost_12312 KPAV 27 1 00000000 
r 1302668899.017 localhost_12312 KPAV 27 1 00000000 
s 1302668919.348 localhost_12312 KPAV 27 1 00000000 
r 1302668920.020 localhost_12312 KPAV 27 1 00000000 
s 1302668940.351 localhost_12312 KPAV 27 1 00000000 
r 1302668941.022 localhost_12312 KPAV 27 1 00000000 
s 1302668961.354 localhost_12312 KPAV 27 1 00000000 
r 1302668962.025 localhost_12312 KPAV 27 1 00000000 
s 1302668982.357 localhost_12312 KPAV 27 1 00000000 
r 1302668983.028 localhost_12312 KPAV 27 1 00000000 
s 1302669003.360 localhost_12312 KPAV 27 1 00000000 
r 1302669004.032 localhost_12312 KPAV 27 1 00000000 
s 1302669024.363 localhost_12312 KPAV 27 1 00000000 
r 1302669025.035 localhost_12312 KPAV 27 1 00000000 
s 1302669045.366 localhost_12312 KPAV 27 1 00000000 
r 1302669046.038 localhost_12312 KPAV 27 1 00000000 
s 1302669066.369 localhost_12312 KPAV 27 1 00000000 
r 1302669067.041 localhost_12312 KPAV 27 1 00000000 
s 1302669087.372 localhost_12312 KPAV 27 1 00000000 
r 1302669088.044 localhost_12312 KPAV 27 1 00000000 
s 1302669108.375 localhost_12312 KPAV 27 1 00000000 
r 1302669109.047 localhost_12312 KPAV 27 1 00000000 
s 1302669129.379 localhost_12312 KPAV 27 1 00000000 
r 1302669130.050 localhost_12312 KPAV 27 1 00000000 
s 1302669150.385 localhost_12312 KPAV 27 1 00000000 
r 1302669151.053 localhost_12312 KPAV 27 1 00000000 
s 1302669171.388 localhost_12312 KPAV 27 1 00000000 
r 1302669172.056 localhost_12312 KPAV 27 1 00000000 
s 1302669192.391 localhost_12312 KPAV 27 1 00000000 
r 1302669193.059 localhost_12312 KPAV 27 1 00000000 
s 1302669213.394 localhost_12312 KPAV 27 1 00000000 
r 1302669214.062 localhost_12312 KPAV 27 1 00000000 
s 1302669234.396 localhost_12312 KPAV 27 1 00000000 
r 1302669235.066 localhost_12312 KPAV 27 1 00000000 
s 1302669255.399 localhost_12312 KPAV 27 1 00000000 
r 1302669256.069 localhost_12312 KPAV 27 1 00000000 
s 1302669276.402 localhost_12312 KPAV 27 1 00000000 
r 1302669277.071 localhost_12312 KPAV 27 1 00000000 
s 1302669297.404 localhost_12312 KPAV 27 1 00000000 
r 1302669298.074 localhost_12312 KPAV 27 1 00000000 
s 1302669318.407 localhost_12312 KPAV 27 1 00000000 
r 1302669319.077 localhost_12312 KPAV 27 1 00000000 
s 1302669339.410 localhost_12312 KPAV 27 1 00000000 
r 1302669340.080 localhost_12312 KPAV 27 1 00000000 
s 1302669360.412 localhost_12312 KPAV 27 1 00000000 
r 1302669361.083 localhost_12312 KPAV 27 1 00000000 
s 1302669381.415 localhost_12312 KPAV 27 1 00000000 
r 1302669382.086 localhost_12312 KPAV 27 1 00000000 
s 1302669402.418 localhost_12312 KPAV 27 1 00000000 
r 1302669403.089 localhost_12312 KPAV 27 1 00000000 
s 1302669423.421 localhost_12312 KPAV 27 1 00000000 
r 1302669424.092 localhost_12312 KPAV 27 1 00000000 
s 1302669444.424 localhost_12312 KPAV 27 1 00000000 
r 1302669445.095 localhost_12312 KPAV 27 1 00000000 
s 1302669465.427 localhost_12312 KPAV 27 1 00000000 
r 1302669466.098 localhost_12312 KPAV 27 1 00000000 
s 1302669486.430 localhost_12312 KPAV 27 1 00000000 
r 1302669487.101 localhost_12312 KPAV 27 1 00000000 
s 1302669507.433 localhost_12312 KPAV 27 1 00000000 
r 1302669508.104 localhost_12312 KPAV 27 1 00000000 
s 1302669528.436 localhost_12312 KPAV 27 1 00000000 
r 1302669529.107 localhost_12312 KPAV 27 1 00000000 
s 1302669549.439 localhost_12312 KPAV 27 1 00000000 
r 1302669550.110 localhost_12312 KPAV 27 1 00000000 
s 1302669570.442 localhost_12312 KPAV 27 1 00000000 
r 1302669571.113 localhost_12312 KPAV 27 1 00000000 
s 1302669591.445 localhost_12312 KPAV 27 1 00000000 
r 1302669592.116 localhost_12312 KPAV 27 1 00000000 
s 1302669612.448 localhost_12312 KPAV 27 1 00000000 
r 1302669613.119 localhost_12312 KPAV 27 1 00000000 
s 1302669633.451 localhost_12312 KPAV 27 1 00000000 
r 1302669634.122 localhost_12312 KPAV 27 1 00000000 
s 1302669654.453 localhost_12312 KPAV 27 1 00000000 
r 1302669655.124 localhost_12312 KPAV 27 1 00000000 
s 1302669675.456 localhost_12312 KPAV 27 1 00000000 
r 1302669676.128 localhost_12312 KPAV 27 1 00000000 
s 1302669696.458 localhost_12312 KPAV 27 1 00000000 
r 1302669697.131 localhost_12312 KPAV 27 1 00000000 
s 1302669717.461 localhost_12312 KPAV 27 1 00000000 
r 1302669718.133 localhost_12312 KPAV 27 1 00000000 
s 1302669738.463 localhost_12312 KPAV 27 1 00000000 
r 1302669739.136 localhost_12312 KPAV 27 1 00000000 
s 1302669759.466 localhost_12312 KPAV 27 1 00000000 
r 1302669760.139 localhost_12312 KPAV 27 1 00000000 
s 1302669780.469 localhost_12312 KPAV 27 1 00000000 
r 1302669781.141 localhost_12312 KPAV 27 1 00000000 
s 1302669801.472 localhost_12312 KPAV 27 1 00000000 
r 1302669802.144 localhost_12312 KPAV 27 1 00000000 
s 1302669822.475 localhost_12312 KPAV 27 1 00000000 
r 1302669823.146 localhost_12312 KPAV 27 1 00000000 
s 1302669843.478 localhost_12312 KPAV 27 1 00000000 
r 1302669844.149 localhost_12312 KPAV 27 1 00000000 
s 1302669864.481 localhost_12312 KPAV 27 1 00000000 
r 1302669865.152 localhost_12312 KPAV 27 1 00000000 
s 1302669885.484 localhost_12312 KPAV 27 1 00000000 
r 1302669886.155 localhost_12312 KPAV 27 1 00000000 
s 1302669906.486 localhost_12312 KPAV 27 1 00000000 
r 1302669907.158 localhost_12312 KPAV 27 1 00000000 
// 1302671888.617 : Logging Started
r 1302671889.928 localhost_12312 HLLO 38 1 00000000 12312 localhost
s 1302671890.928 localhost_12312 HLLO 38 1 00000000 12311 localhost
r 1302671897.632 localhost_12312 SHRQ 37 255 c12492b2 
s 1302671897.633 localhost_12312 SHRS 519 1 00000000 
r 1302671917.931 localhost_12312 KPAV 27 1 00000000 
s 1302671918.621 localhost_12312 KPAV 27 1 00000000 
r 1302671938.934 localhost_12312 KPAV 27 1 00000000 
s 1302671939.624 localhost_12312 KPAV 27 1 00000000 
r 1302671959.937 localhost_12312 KPAV 27 1 00000000 
s 1302671960.627 localhost_12312 KPAV 27 1 00000000 
r 1302671980.941 localhost_12312 KPAV 27 1 00000000 
s 1302671981.630 localhost_12312 KPAV 27 1 00000000 
// 1302671992.564 : Logging Started
r 1302671993.728 localhost_12312 HLLO 38 1 00000000 12312 localhost
s 1302671994.728 localhost_12312 HLLO 38 1 00000000 12311 localhost
r 1302672003.012 localhost_12312 SHRQ 37 255 53b29068 
s 1302672003.013 localhost_12312 SHRS 519 1 00000000 
s 1302672023.570 localhost_12312 KPAV 27 1 00000000 
r 1302672023.731 localhost_12312 KPAV 27 1 00000000 
s 1302672044.573 localhost_12312 KPAV 27 1 00000000 
r 1302672044.734 localhost_12312 KPAV 27 1 00000000 
s 1302672065.576 localhost_12312 KPAV 27 1 00000000 
r 1302672065.737 localhost_12312 KPAV 27 1 00000000 
s 1302672086.578 localhost_12312 KPAV 27 1 00000000 
r 1302672086.740 localhost_12312 KPAV 27 1 00000000 
s 1302672107.581 localhost_12312 KPAV 27 1 00000000 
r 1302672107.743 localhost_12312 KPAV 27 1 00000000 
s 1302672128.584 localhost_12312 KPAV 27 1 00000000 
r 1302672128.746 localhost_12312 KPAV 27 1 00000000 
s 1302672149.587 localhost_12312 KPAV 27 1 00000000 
r 1302672149.749 localhost_12312 KPAV 27 1 00000000 
s 1302672170.590 localhost_12312 KPAV 27 1 00000000 
r 1302672170.753 localhost_12312 KPAV 27 1 00000000 
s 1302672191.593 localhost_12312 KPAV 27 1 00000000 
r 1302672191.756 localhost_12312 KPAV 27 1 00000000 
s 1302672212.595 localhost_12312 KPAV 27 1 00000000 
r 1302672212.759 localhost_12312 KPAV 27 1 00000000 
s 1302672233.598 localhost_12312 KPAV 27 1 00000000 
r 1302672233.762 localhost_12312 KPAV 27 1 00000000 
s 1302672254.601 localhost_12312 KPAV 27 1 00000000 
r 1302672254.765 localhost_12312 KPAV 27 1 00000000 
s 1302672275.604 localhost_12312 KPAV 27 1 00000000 
r 1302672275.768 localhost_12312 KPAV 27 1 00000000 
s 1302672296.607 localhost_12312 KPAV 27 1 00000000 
r 1302672296.771 localhost_12312 KPAV 27 1 00000000 
s 1302672317.610 localhost_12312 KPAV 27 1 00000000 
r 1302672317.774 localhost_12312 KPAV 27 1 00000000 
s 1302672338.612 localhost_12312 KPAV 27 1 00000000 
r 1302672338.777 localhost_12312 KPAV 27 1 00000000 
s 1302672359.615 localhost_12312 KPAV 27 1 00000000 
r 1302672359.780 localhost_12312 KPAV 27 1 00000000 
s 1302672380.618 localhost_12312 KPAV 27 1 00000000 
r 1302672380.784 localhost_12312 KPAV 27 1 00000000 
// 1302672403.226 : Logging Started
r 1302672405.258 localhost_12312 HLLO 38 1 00000000 12312 localhost
r 1302672411.950 localhost_12312 SHRQ 37 255 ca2ca135 
s 1302672411.950 localhost_12312 SHRS 519 1 00000000 
s 1302672432.230 localhost_12312 KPAV 27 1 00000000 
r 1302672432.261 localhost_12312 KPAV 27 1 00000000 
s 1302672453.233 localhost_12312 KPAV 27 1 00000000 
r 1302672453.263 localhost_12312 KPAV 27 1 00000000 
s 1302672474.237 localhost_12312 KPAV 27 1 00000000 
r 1302672474.265 localhost_12312 KPAV 27 1 00000000 
s 1302672495.239 localhost_12312 KPAV 27 1 00000000 
r 1302672495.267 localhost_12312 KPAV 27 1 00000000 
s 1302672516.241 localhost_12312 KPAV 27 1 00000000 
r 1302672516.270 localhost_12312 KPAV 27 1 00000000 
s 1302672537.243 localhost_12312 KPAV 27 1 00000000 
r 1302672537.272 localhost_12312 KPAV 27 1 00000000 
s 1302672558.246 localhost_12312 KPAV 27 1 00000000 
r 1302672558.274 localhost_12312 KPAV 27 1 00000000 
s 1302672579.249 localhost_12312 KPAV 27 1 00000000 
r 1302672579.277 localhost_12312 KPAV 27 1 00000000 
s 1302672600.251 localhost_12312 KPAV 27 1 00000000 
r 1302672600.279 localhost_12312 KPAV 27 1 00000000 
s 1302672621.253 localhost_12312 KPAV 27 1 00000000 
r 1302672621.281 localhost_12312 KPAV 27 1 00000000 
s 1302672642.256 localhost_12312 KPAV 27 1 00000000 
r 1302672642.284 localhost_12312 KPAV 27 1 00000000 
s 1302672663.258 localhost_12312 KPAV 27 1 00000000 
r 1302672663.286 localhost_12312 KPAV 27 1 00000000 
s 1302672684.261 localhost_12312 KPAV 27 1 00000000 
r 1302672684.289 localhost_12312 KPAV 27 1 00000000 
s 1302672705.264 localhost_12312 KPAV 27 1 00000000 
r 1302672705.291 localhost_12312 KPAV 27 1 00000000 
s 1302672726.266 localhost_12312 KPAV 27 1 00000000 
r 1302672726.294 localhost_12312 KPAV 27 1 00000000 
// 1302672748.694 : Logging Started
r 1302672750.008 localhost_12312 HLLO 38 1 00000000 12312 localhost
s 1302672751.008 localhost_12312 HLLO 38 1 00000000 12311 localhost
r 1302672756.251 localhost_12312 SHRQ 37 255 10f95b46 
s 1302672756.251 localhost_12312 SHRS 519 1 00000000 
s 1302672776.697 localhost_12312 KPAV 27 1 00000000 
r 1302672777.009 localhost_12312 KPAV 27 1 00000000 
// 1302672792.527 : Logging Started
r 1302672793.585 localhost_12312 HLLO 38 1 00000000 12312 localhost
s 1302672794.585 localhost_12312 HLLO 38 1 00000000 12311 localhost
r 1302672802.191 localhost_12312 SHRQ 37 255 59135d95 
s 1302672802.191 localhost_12312 SHRS 519 1 00000000 
s 1302672822.530 localhost_12312 KPAV 27 1 00000000 
r 1302672822.588 localhost_12312 KPAV 27 1 00000000 
s 1302672843.533 localhost_12312 KPAV 27 1 00000000 
r 1302672843.591 localhost_12312 KPAV 27 1 00000000 
s 1302672864.536 localhost_12312 KPAV 27 1 00000000 
r 1302672864.592 localhost_12312 KPAV 27 1 00000000 
s 1302672885.538 localhost_12312 KPAV 27 1 00000000 
r 1302672885.595 localhost_12312 KPAV 27 1 00000000 
// 1302672904.619 : Logging Started
r 1302672905.952 localhost_12312 HLLO 38 1 00000000 12312 localhost
r 1302672914.610 localhost_12312 SHRQ 37 255 cfced5b0 
s 1302672914.610 localhost_12312 SHRS 519 1 00000000 
s 1302672934.622 localhost_12312 KPAV 27 1 00000000 
r 1302672934.953 localhost_12312 KPAV 27 1 00000000 
s 1302672955.625 localhost_12312 KPAV 27 1 00000000 
r 1302672955.955 localhost_12312 KPAV 27 1 00000000 
// 1302672967.296 : Logging Started
r 1302672968.458 localhost_12312 HLLO 38 1 00000000 12312 localhost
r 1302672975.524 localhost_12312 SHRQ 37 255 f3daf826 
s 1302672975.525 localhost_12312 SHRS 519 1 00000000 
// 1302673121.847 : Logging Started
r 1302673122.696 localhost_12312 HLLO 38 1 00000000 12312 localhost
s 1302673123.696 localhost_12312 HLLO 38 1 00000000 12311 localhost
r 1302673131.443 localhost_12312 SHRQ 37 255 6bc8ae6c 
s 1302673131.444 localhost_12312 SHRS 519 1 00000000 
r 1302673151.698 localhost_12312 KPAV 27 1 00000000 
s 1302673151.851 localhost_12312 KPAV 27 1 00000000 
r 1302673172.700 localhost_12312 KPAV 27 1 00000000 
s 1302673172.853 localhost_12312 KPAV 27 1 00000000 
r 1302673193.702 localhost_12312 KPAV 27 1 00000000 
s 1302673193.855 localhost_12312 KPAV 27 1 00000000 
r 1302673214.704 localhost_12312 KPAV 27 1 00000000 
s 1302673214.858 localhost_12312 KPAV 27 1 00000000 
// 1302673237.447 : Logging Started
r 1302673238.450 localhost_12312 HLLO 38 1 00000000 12312 localhost
r 1302673245.991 localhost_12312 SHRQ 37 255 9939d2ab 
s 1302673245.991 localhost_12312 SHRS 519 1 00000000 
s 1302673266.451 localhost_12312 KPAV 27 1 00000000 
r 1302673266.452 localhost_12312 KPAV 27 1 00000000 
r 1302673287.454 localhost_12312 KPAV 27 1 00000000 
s 1302673287.454 localhost_12312 KPAV 27 1 00000000 
r 1302673308.456 localhost_12312 KPAV 27 1 00000000 
s 1302673308.456 localhost_12312 KPAV 27 1 00000000 
// 1302673339.345 : Logging Started
r 1302673340.136 localhost_12312 HLLO 38 1 00000000 12312 localhost
s 1302673341.135 localhost_12312 HLLO 38 1 00000000 12311 localhost
r 1302673347.292 localhost_12312 SHRQ 37 255 81678099 
s 1302673347.293 localhost_12312 SHRS 519 1 00000000 
