// 1302680360.036 : Logging Started
s 1302680360.037 localhost_12311 HLLO 38 1 00000000 12312 localhost
r 1302680361.038 localhost_12311 HLLO 38 1 00000000 12311 localhost
r 1302680378.530 localhost_12311 SHRQ 37 19 b617e72a 
s 1302680378.531 localhost_12311 SHRS 512 1 00000000 
s 1302680399.041 localhost_12311 KPAV 27 1 00000000 
r 1302680399.467 localhost_12311 KPAV 27 1 00000000 
s 1302680420.044 localhost_12311 KPAV 27 1 00000000 
r 1302680420.470 localhost_12311 KPAV 27 1 00000000 
s 1302680441.046 localhost_12311 KPAV 27 1 00000000 
r 1302680441.473 localhost_12311 KPAV 27 1 00000000 
s 1302680462.049 localhost_12311 KPAV 27 1 00000000 
r 1302680462.475 localhost_12311 KPAV 27 1 00000000 
s 1302680483.052 localhost_12311 KPAV 27 1 00000000 
r 1302680483.478 localhost_12311 KPAV 27 1 00000000 
s 1302680504.054 localhost_12311 KPAV 27 1 00000000 
r 1302680504.481 localhost_12311 KPAV 27 1 00000000 
s 1302680525.057 localhost_12311 KPAV 27 1 00000000 
r 1302680525.483 localhost_12311 KPAV 27 1 00000000 
r 1302680538.560 localhost_12318 JNRQ 42 19 00000000 12318 localhost
s 1302680538.560 localhost_12318 JNRS 62 1 00000000 00000000 -1163719302 12312 localhost
r 1302680543.912 localhost_12318 NTFY 28 1 00000000 1
// 1302680547.751 : Logging Stopped
// 1302688813.461 : Logging Started
s 1302688813.462 localhost_12311 HLLO 38 1 00000000 12312 localhost
r 1302688814.463 localhost_12311 HLLO 38 1 00000000 12311 localhost
r 1302688818.380 localhost_12318 JNRQ 42 19 00000000 12318 localhost
s 1302688818.380 localhost_12318 JNRS 62 1 00000000 00000000 -1163719302 12312 localhost
s 1302688838.465 localhost_12318 KPAV 27 1 00000000 
r 1302688838.957 localhost_12318 KPAV 27 1 00000000 
s 1302688859.467 localhost_12318 KPAV 27 1 00000000 
r 1302688859.959 localhost_12318 KPAV 27 1 00000000 
s 1302688871.239 localhost_12318 SHRQ 37 255 27578517 
r 1302688871.240 localhost_12318 SHRS 512 1 00000000 
s 1302688891.471 localhost_12318 KPAV 27 1 00000000 
r 1302688891.963 localhost_12318 KPAV 27 1 00000000 
s 1302688912.474 localhost_12318 KPAV 27 1 00000000 
r 1302688912.966 localhost_12318 KPAV 27 1 00000000 
// 1302688970.464 : Logging Started
s 1302688970.466 localhost_12311 HLLO 38 1 00000000 12312 localhost
r 1302688971.466 localhost_12311 HLLO 38 1 00000000 12311 localhost
s 1302688983.593 localhost_12311 SHRQ 37 255 0d86aae2 
r 1302688983.594 localhost_12311 SHRS 511 1 00000000 
r 1302689004.351 localhost_12311 KPAV 27 1 00000000 
s 1302689004.469 localhost_12311 KPAV 27 1 00000000 
r 1302689025.354 localhost_12311 KPAV 27 1 00000000 
s 1302689025.472 localhost_12311 KPAV 27 1 00000000 
r 1302689046.357 localhost_12311 KPAV 27 1 00000000 
s 1302689046.475 localhost_12311 KPAV 27 1 00000000 
r 1302689067.360 localhost_12311 KPAV 27 1 00000000 
s 1302689067.477 localhost_12311 KPAV 27 1 00000000 
r 1302689088.363 localhost_12311 KPAV 27 1 00000000 
s 1302689088.481 localhost_12311 KPAV 27 1 00000000 
r 1302689109.366 localhost_12311 KPAV 27 1 00000000 
s 1302689109.484 localhost_12311 KPAV 27 1 00000000 
r 1302689130.370 localhost_12311 KPAV 27 1 00000000 
s 1302689130.487 localhost_12311 KPAV 27 1 00000000 
r 1302689151.372 localhost_12311 KPAV 27 1 00000000 
s 1302689151.489 localhost_12311 KPAV 27 1 00000000 
r 1302689172.375 localhost_12311 KPAV 27 1 00000000 
s 1302689172.492 localhost_12311 KPAV 27 1 00000000 
r 1302689193.378 localhost_12311 KPAV 27 1 00000000 
s 1302689193.495 localhost_12311 KPAV 27 1 00000000 
r 1302689214.381 localhost_12311 KPAV 27 1 00000000 
s 1302689214.498 localhost_12311 KPAV 27 1 00000000 
r 1302689235.384 localhost_12311 KPAV 27 1 00000000 
s 1302689235.501 localhost_12311 KPAV 27 1 00000000 
r 1302689256.387 localhost_12311 KPAV 27 1 00000000 
s 1302689256.504 localhost_12311 KPAV 27 1 00000000 
r 1302689277.390 localhost_12311 KPAV 27 1 00000000 
s 1302689277.507 localhost_12311 KPAV 27 1 00000000 
r 1302689298.393 localhost_12311 KPAV 27 1 00000000 
s 1302689298.510 localhost_12311 KPAV 27 1 00000000 
r 1302689319.395 localhost_12311 KPAV 27 1 00000000 
s 1302689319.512 localhost_12311 KPAV 27 1 00000000 
r 1302689340.398 localhost_12311 KPAV 27 1 00000000 
s 1302689340.515 localhost_12311 KPAV 27 1 00000000 
r 1302689361.402 localhost_12311 KPAV 27 1 00000000 
s 1302689361.518 localhost_12311 KPAV 27 1 00000000 
r 1302689380.510 localhost_12318 JNRQ 42 19 00000000 12318 localhost
s 1302689380.510 localhost_12318 JNRS 62 1 00000000 00000000 -1163719302 12312 localhost
s 1302689400.524 localhost_12318 KPAV 27 1 00000000 
r 1302689401.407 localhost_12318 KPAV 27 1 00000000 
s 1302689421.527 localhost_12318 KPAV 27 1 00000000 
r 1302689422.410 localhost_12318 KPAV 27 1 00000000 
r 1302689440.830 localhost_12318 SHRQ 37 19 c0f41d5e 
s 1302689440.830 localhost_12318 SHRS 511 1 00000000 
r 1302689461.415 localhost_12318 KPAV 27 1 00000000 
s 1302689461.532 localhost_12318 KPAV 27 1 00000000 
r 1302689482.418 localhost_12318 KPAV 27 1 00000000 
s 1302689482.534 localhost_12318 KPAV 27 1 00000000 
r 1302689503.421 localhost_12318 KPAV 27 1 00000000 
s 1302689503.537 localhost_12318 KPAV 27 1 00000000 
r 1302689524.424 localhost_12318 KPAV 27 1 00000000 
s 1302689524.540 localhost_12318 KPAV 27 1 00000000 
r 1302689545.427 localhost_12318 KPAV 27 1 00000000 
s 1302689545.543 localhost_12318 KPAV 27 1 00000000 
r 1302689566.429 localhost_12318 KPAV 27 1 00000000 
s 1302689566.545 localhost_12318 KPAV 27 1 00000000 
r 1302689587.432 localhost_12318 KPAV 27 1 00000000 
s 1302689587.548 localhost_12318 KPAV 27 1 00000000 
// 1302689640.236 : Logging Started
s 1302689640.237 localhost_12311 HLLO 38 1 00000000 12312 localhost
r 1302689641.238 localhost_12311 HLLO 38 1 00000000 12311 localhost
r 1302689656.232 localhost_12311 SHRQ 37 19 20be1d35 
s 1302689656.233 localhost_12311 SHRS 511 1 00000000 
s 1302689676.241 localhost_12311 KPAV 27 1 00000000 
r 1302689676.645 localhost_12311 KPAV 27 1 00000000 
s 1302689697.244 localhost_12311 KPAV 27 1 00000000 
r 1302689697.648 localhost_12311 KPAV 27 1 00000000 
s 1302689718.248 localhost_12311 KPAV 27 1 00000000 
r 1302689718.651 localhost_12311 KPAV 27 1 00000000 
s 1302689739.251 localhost_12311 KPAV 27 1 00000000 
r 1302689739.653 localhost_12311 KPAV 27 1 00000000 
s 1302689760.254 localhost_12311 KPAV 27 1 00000000 
r 1302689760.656 localhost_12311 KPAV 27 1 00000000 
s 1302689781.256 localhost_12311 KPAV 27 1 00000000 
r 1302689781.660 localhost_12311 KPAV 27 1 00000000 
s 1302689802.259 localhost_12311 KPAV 27 1 00000000 
r 1302689802.662 localhost_12311 KPAV 27 1 00000000 
s 1302689823.262 localhost_12311 KPAV 27 1 00000000 
r 1302689823.665 localhost_12311 KPAV 27 1 00000000 
s 1302689844.265 localhost_12311 KPAV 27 1 00000000 
r 1302689844.668 localhost_12311 KPAV 27 1 00000000 
s 1302689865.267 localhost_12311 KPAV 27 1 00000000 
r 1302689865.671 localhost_12311 KPAV 27 1 00000000 
s 1302689886.270 localhost_12311 KPAV 27 1 00000000 
r 1302689886.674 localhost_12311 KPAV 27 1 00000000 
s 1302689907.273 localhost_12311 KPAV 27 1 00000000 
r 1302689907.677 localhost_12311 KPAV 27 1 00000000 
s 1302689928.276 localhost_12311 KPAV 27 1 00000000 
r 1302689928.680 localhost_12311 KPAV 27 1 00000000 
s 1302689949.279 localhost_12311 KPAV 27 1 00000000 
r 1302689949.682 localhost_12311 KPAV 27 1 00000000 
s 1302689970.282 localhost_12311 KPAV 27 1 00000000 
r 1302689970.685 localhost_12311 KPAV 27 1 00000000 
s 1302689991.285 localhost_12311 KPAV 27 1 00000000 
r 1302689991.688 localhost_12311 KPAV 27 1 00000000 
s 1302690012.288 localhost_12311 KPAV 27 1 00000000 
r 1302690012.691 localhost_12311 KPAV 27 1 00000000 
s 1302690033.291 localhost_12311 KPAV 27 1 00000000 
r 1302690033.693 localhost_12311 KPAV 27 1 00000000 
s 1302690054.294 localhost_12311 KPAV 27 1 00000000 
r 1302690054.696 localhost_12311 KPAV 27 1 00000000 
s 1302690075.297 localhost_12311 KPAV 27 1 00000000 
r 1302690075.699 localhost_12311 KPAV 27 1 00000000 
s 1302690096.300 localhost_12311 KPAV 27 1 00000000 
r 1302690096.702 localhost_12311 KPAV 27 1 00000000 
s 1302690117.303 localhost_12311 KPAV 27 1 00000000 
r 1302690117.705 localhost_12311 KPAV 27 1 00000000 
s 1302690138.306 localhost_12311 KPAV 27 1 00000000 
r 1302690138.708 localhost_12311 KPAV 27 1 00000000 
s 1302690159.309 localhost_12311 KPAV 27 1 00000000 
r 1302690159.711 localhost_12311 KPAV 27 1 00000000 
s 1302690180.311 localhost_12311 KPAV 27 1 00000000 
r 1302690180.713 localhost_12311 KPAV 27 1 00000000 
s 1302690201.314 localhost_12311 KPAV 27 1 00000000 
r 1302690201.716 localhost_12311 KPAV 27 1 00000000 
s 1302690222.317 localhost_12311 KPAV 27 1 00000000 
r 1302690222.718 localhost_12311 KPAV 27 1 00000000 
s 1302690243.319 localhost_12311 KPAV 27 1 00000000 
r 1302690243.721 localhost_12311 KPAV 27 1 00000000 
s 1302690264.322 localhost_12311 KPAV 27 1 00000000 
r 1302690264.724 localhost_12311 KPAV 27 1 00000000 
s 1302690285.325 localhost_12311 KPAV 27 1 00000000 
r 1302690285.728 localhost_12311 KPAV 27 1 00000000 
s 1302690306.327 localhost_12311 KPAV 27 1 00000000 
r 1302690306.731 localhost_12311 KPAV 27 1 00000000 
s 1302690327.331 localhost_12311 KPAV 27 1 00000000 
r 1302690327.734 localhost_12311 KPAV 27 1 00000000 
r 1302690343.723 localhost_12318 JNRQ 42 19 00000000 12318 localhost
s 1302690343.723 localhost_12318 JNRS 62 1 00000000 00000000 -1163719302 12312 localhost
s 1302690348.849 localhost_12318 NTFY 28 1 00000000 1
// 1302690349.849 : Logging Stopped
// 1302690488.105 : Logging Started
s 1302690488.107 localhost_12311 HLLO 38 1 00000000 12312 localhost
r 1302690489.107 localhost_12311 HLLO 38 1 00000000 12311 localhost
r 1302690508.234 localhost_12311 SHRQ 37 19 ab6f6ae8 
s 1302690508.234 localhost_12311 SHRS 511 1 00000000 
r 1302690528.771 localhost_12311 KPAV 27 1 00000000 
s 1302690529.113 localhost_12311 KPAV 27 1 00000000 
r 1302690549.773 localhost_12311 KPAV 27 1 00000000 
s 1302690550.116 localhost_12311 KPAV 27 1 00000000 
r 1302690570.776 localhost_12311 KPAV 27 1 00000000 
s 1302690571.118 localhost_12311 KPAV 27 1 00000000 
r 1302690591.780 localhost_12311 KPAV 27 1 00000000 
s 1302690592.121 localhost_12311 KPAV 27 1 00000000 
r 1302690612.782 localhost_12311 KPAV 27 1 00000000 
s 1302690613.124 localhost_12311 KPAV 27 1 00000000 
// 1302690639.306 : Logging Started
s 1302690639.307 localhost_12311 HLLO 38 1 00000000 12312 localhost
r 1302690640.309 localhost_12311 HLLO 38 1 00000000 12311 localhost
r 1302690660.381 localhost_12311 KPAV 27 1 00000000 
s 1302690661.310 localhost_12311 KPAV 27 1 00000000 
r 1302690661.410 localhost_12311 SHRQ 37 19 f173b558 
s 1302690661.410 localhost_12311 SHRS 511 1 00000000 
s 1302690682.314 localhost_12311 KPAV 27 1 00000000 
r 1302690682.383 localhost_12311 KPAV 27 1 00000000 
s 1302690703.317 localhost_12311 KPAV 27 1 00000000 
r 1302690703.386 localhost_12311 KPAV 27 1 00000000 
// 1302690729.396 : Logging Started
s 1302690729.398 localhost_12311 HLLO 38 1 00000000 12312 localhost
r 1302690730.398 localhost_12311 HLLO 38 1 00000000 12311 localhost
r 1302690746.553 localhost_12311 SHRQ 37 19 df2dd8ac 
s 1302690746.553 localhost_12311 SHRS 511 1 00000000 
r 1302690767.172 localhost_12311 KPAV 27 1 00000000 
s 1302690767.405 localhost_12311 KPAV 27 1 00000000 
r 1302690788.175 localhost_12311 KPAV 27 1 00000000 
s 1302690788.408 localhost_12311 KPAV 27 1 00000000 
r 1302690809.178 localhost_12311 KPAV 27 1 00000000 
s 1302690809.410 localhost_12311 KPAV 27 1 00000000 
r 1302690830.181 localhost_12311 KPAV 27 1 00000000 
s 1302690830.412 localhost_12311 KPAV 27 1 00000000 
r 1302690851.184 localhost_12311 KPAV 27 1 00000000 
s 1302690851.415 localhost_12311 KPAV 27 1 00000000 
r 1302690872.188 localhost_12311 KPAV 27 1 00000000 
s 1302690872.418 localhost_12311 KPAV 27 1 00000000 
r 1302690893.190 localhost_12311 KPAV 27 1 00000000 
s 1302690893.420 localhost_12311 KPAV 27 1 00000000 
r 1302690914.193 localhost_12311 KPAV 27 1 00000000 
s 1302690914.425 localhost_12311 KPAV 27 1 00000000 
r 1302690935.196 localhost_12311 KPAV 27 1 00000000 
s 1302690935.427 localhost_12311 KPAV 27 1 00000000 
r 1302690956.198 localhost_12311 KPAV 27 1 00000000 
s 1302690956.430 localhost_12311 KPAV 27 1 00000000 
r 1302690977.202 localhost_12311 KPAV 27 1 00000000 
s 1302690977.432 localhost_12311 KPAV 27 1 00000000 
r 1302690998.205 localhost_12311 KPAV 27 1 00000000 
s 1302690998.435 localhost_12311 KPAV 27 1 00000000 
r 1302691019.207 localhost_12311 KPAV 27 1 00000000 
s 1302691019.438 localhost_12311 KPAV 27 1 00000000 
r 1302691040.210 localhost_12311 KPAV 27 1 00000000 
s 1302691040.441 localhost_12311 KPAV 27 1 00000000 
r 1302691061.212 localhost_12311 KPAV 27 1 00000000 
s 1302691061.444 localhost_12311 KPAV 27 1 00000000 
r 1302691068.639 localhost_12318 JNRQ 42 19 00000000 12318 localhost
s 1302691068.639 localhost_12318 JNRS 62 1 00000000 00000000 -1163719302 12312 localhost
r 1302691089.215 localhost_12318 KPAV 27 1 00000000 
s 1302691089.447 localhost_12318 KPAV 27 1 00000000 
r 1302691110.218 localhost_12318 KPAV 27 1 00000000 
s 1302691110.450 localhost_12318 KPAV 27 1 00000000 
// 1302691475.497 : Logging Started
s 1302691475.498 localhost_12311 HLLO 38 1 00000000 12312 localhost
r 1302691476.498 localhost_12311 HLLO 38 1 00000000 12311 localhost
r 1302691497.367 localhost_12311 KPAV 27 1 00000000 
s 1302691497.500 localhost_12311 KPAV 27 1 00000000 
r 1302691497.930 localhost_12311 SHRQ 37 19 dcf42588 
s 1302691497.930 localhost_12311 SHRS 511 1 00000000 
r 1302691518.371 localhost_12311 KPAV 27 1 00000000 
s 1302691518.503 localhost_12311 KPAV 27 1 00000000 
r 1302691539.374 localhost_12311 KPAV 27 1 00000000 
s 1302691539.506 localhost_12311 KPAV 27 1 00000000 
r 1302691560.377 localhost_12311 KPAV 27 1 00000000 
s 1302691560.509 localhost_12311 KPAV 27 1 00000000 
// 1302691610.097 : Logging Started
s 1302691610.098 localhost_12311 HLLO 38 1 00000000 12312 localhost
r 1302691611.098 localhost_12311 HLLO 38 1 00000000 12311 localhost
r 1302691627.240 localhost_12311 SHRQ 37 19 8f7e62df 
s 1302691627.240 localhost_12311 SHRS 511 1 00000000 
s 1302691648.102 localhost_12311 KPAV 27 1 00000000 
r 1302691648.122 localhost_12311 KPAV 27 1 00000000 
s 1302691669.105 localhost_12311 KPAV 27 1 00000000 
r 1302691669.124 localhost_12311 KPAV 27 1 00000000 
s 1302691690.108 localhost_12311 KPAV 27 1 00000000 
r 1302691690.127 localhost_12311 KPAV 27 1 00000000 
s 1302691711.111 localhost_12311 KPAV 27 1 00000000 
r 1302691711.130 localhost_12311 KPAV 27 1 00000000 
s 1302691732.113 localhost_12311 KPAV 27 1 00000000 
r 1302691732.132 localhost_12311 KPAV 27 1 00000000 
s 1302691753.116 localhost_12311 KPAV 27 1 00000000 
r 1302691753.135 localhost_12311 KPAV 27 1 00000000 
s 1302691774.119 localhost_12311 KPAV 27 1 00000000 
r 1302691774.137 localhost_12311 KPAV 27 1 00000000 
s 1302691795.122 localhost_12311 KPAV 27 1 00000000 
r 1302691795.140 localhost_12311 KPAV 27 1 00000000 
s 1302691816.125 localhost_12311 KPAV 27 1 00000000 
r 1302691816.143 localhost_12311 KPAV 27 1 00000000 
s 1302691837.127 localhost_12311 KPAV 27 1 00000000 
r 1302691837.145 localhost_12311 KPAV 27 1 00000000 
s 1302691858.130 localhost_12311 KPAV 27 1 00000000 
r 1302691858.148 localhost_12311 KPAV 27 1 00000000 
s 1302691879.133 localhost_12311 KPAV 27 1 00000000 
r 1302691879.151 localhost_12311 KPAV 27 1 00000000 
s 1302691900.135 localhost_12311 KPAV 27 1 00000000 
r 1302691900.153 localhost_12311 KPAV 27 1 00000000 
r 1302691902.754 localhost_12318 JNRQ 42 19 00000000 12318 localhost
s 1302691902.754 localhost_12318 JNRS 62 1 00000000 00000000 -1163719302 12312 localhost
s 1302691923.139 localhost_12318 KPAV 27 1 00000000 
r 1302691923.156 localhost_12318 KPAV 27 1 00000000 
s 1302691944.141 localhost_12318 KPAV 27 1 00000000 
r 1302691944.159 localhost_12318 KPAV 27 1 00000000 
s 1302691965.144 localhost_12318 KPAV 27 1 00000000 
r 1302691965.162 localhost_12318 KPAV 27 1 00000000 
s 1302691986.147 localhost_12318 KPAV 27 1 00000000 
r 1302691986.165 localhost_12318 KPAV 27 1 00000000 
s 1302692007.150 localhost_12318 KPAV 27 1 00000000 
r 1302692007.168 localhost_12318 KPAV 27 1 00000000 
// 1302692024.044 : Logging Started
s 1302692024.045 localhost_12311 HLLO 38 1 00000000 12312 localhost
r 1302692025.046 localhost_12311 HLLO 38 1 00000000 12311 localhost
s 1302692035.119 localhost_12311 SHRQ 37 255 d17e7791 
r 1302692035.120 localhost_12311 SHRS 511 1 00000000 
r 1302692055.692 localhost_12311 KPAV 27 1 00000000 
s 1302692056.049 localhost_12311 KPAV 27 1 00000000 
r 1302692076.694 localhost_12311 KPAV 27 1 00000000 
s 1302692077.052 localhost_12311 KPAV 27 1 00000000 
r 1302692097.697 localhost_12311 KPAV 27 1 00000000 
s 1302692098.055 localhost_12311 KPAV 27 1 00000000 
r 1302692118.700 localhost_12311 KPAV 27 1 00000000 
s 1302692119.057 localhost_12311 KPAV 27 1 00000000 
r 1302692139.703 localhost_12311 KPAV 27 1 00000000 
s 1302692140.060 localhost_12311 KPAV 27 1 00000000 
r 1302692160.706 localhost_12311 KPAV 27 1 00000000 
s 1302692161.063 localhost_12311 KPAV 27 1 00000000 
r 1302692181.710 localhost_12311 KPAV 27 1 00000000 
s 1302692182.065 localhost_12311 KPAV 27 1 00000000 
r 1302692202.713 localhost_12311 KPAV 27 1 00000000 
s 1302692203.068 localhost_12311 KPAV 27 1 00000000 
r 1302692223.716 localhost_12311 KPAV 27 1 00000000 
s 1302692224.071 localhost_12311 KPAV 27 1 00000000 
r 1302692244.719 localhost_12311 KPAV 27 1 00000000 
s 1302692245.074 localhost_12311 KPAV 27 1 00000000 
r 1302692265.722 localhost_12311 KPAV 27 1 00000000 
s 1302692266.077 localhost_12311 KPAV 27 1 00000000 
r 1302692286.724 localhost_12311 KPAV 27 1 00000000 
s 1302692287.080 localhost_12311 KPAV 27 1 00000000 
r 1302692307.727 localhost_12311 KPAV 27 1 00000000 
s 1302692308.083 localhost_12311 KPAV 27 1 00000000 
r 1302692328.730 localhost_12311 KPAV 27 1 00000000 
s 1302692329.086 localhost_12311 KPAV 27 1 00000000 
r 1302692349.732 localhost_12311 KPAV 27 1 00000000 
s 1302692350.089 localhost_12311 KPAV 27 1 00000000 
s 1302692370.692 localhost_12311 SHRQ 37 255 5aff7626 
r 1302692370.693 localhost_12311 SHRS 511 1 00000000 
r 1302692390.739 localhost_12311 KPAV 27 1 00000000 
s 1302692391.095 localhost_12311 KPAV 27 1 00000000 
r 1302692411.742 localhost_12311 KPAV 27 1 00000000 
s 1302692412.098 localhost_12311 KPAV 27 1 00000000 
r 1302692432.745 localhost_12311 KPAV 27 1 00000000 
s 1302692433.102 localhost_12311 KPAV 27 1 00000000 
r 1302692453.748 localhost_12311 KPAV 27 1 00000000 
s 1302692454.105 localhost_12311 KPAV 27 1 00000000 
r 1302692474.750 localhost_12311 KPAV 27 1 00000000 
s 1302692475.108 localhost_12311 KPAV 27 1 00000000 
r 1302692495.754 localhost_12311 KPAV 27 1 00000000 
s 1302692496.112 localhost_12311 KPAV 27 1 00000000 
r 1302692516.757 localhost_12311 KPAV 27 1 00000000 
s 1302692517.114 localhost_12311 KPAV 27 1 00000000 
r 1302692537.760 localhost_12311 KPAV 27 1 00000000 
s 1302692538.117 localhost_12311 KPAV 27 1 00000000 
r 1302692558.763 localhost_12311 KPAV 27 1 00000000 
s 1302692559.120 localhost_12311 KPAV 27 1 00000000 
r 1302692579.766 localhost_12311 KPAV 27 1 00000000 
s 1302692580.123 localhost_12311 KPAV 27 1 00000000 
r 1302692600.769 localhost_12311 KPAV 27 1 00000000 
s 1302692601.126 localhost_12311 KPAV 27 1 00000000 
r 1302692621.771 localhost_12311 KPAV 27 1 00000000 
s 1302692622.128 localhost_12311 KPAV 27 1 00000000 
r 1302692642.774 localhost_12311 KPAV 27 1 00000000 
s 1302692643.131 localhost_12311 KPAV 27 1 00000000 
r 1302692663.777 localhost_12311 KPAV 27 1 00000000 
s 1302692664.134 localhost_12311 KPAV 27 1 00000000 
r 1302692684.780 localhost_12311 KPAV 27 1 00000000 
s 1302692685.136 localhost_12311 KPAV 27 1 00000000 
r 1302692705.783 localhost_12311 KPAV 27 1 00000000 
s 1302692706.139 localhost_12311 KPAV 27 1 00000000 
r 1302692726.785 localhost_12311 KPAV 27 1 00000000 
s 1302692727.142 localhost_12311 KPAV 27 1 00000000 
r 1302692747.789 localhost_12311 KPAV 27 1 00000000 
s 1302692748.144 localhost_12311 KPAV 27 1 00000000 
r 1302692768.792 localhost_12311 KPAV 27 1 00000000 
s 1302692769.147 localhost_12311 KPAV 27 1 00000000 
r 1302692789.794 localhost_12311 KPAV 27 1 00000000 
s 1302692790.150 localhost_12311 KPAV 27 1 00000000 
r 1302692810.797 localhost_12311 KPAV 27 1 00000000 
s 1302692811.153 localhost_12311 KPAV 27 1 00000000 
r 1302692831.799 localhost_12311 KPAV 27 1 00000000 
s 1302692832.156 localhost_12311 KPAV 27 1 00000000 
r 1302692852.802 localhost_12311 KPAV 27 1 00000000 
s 1302692853.159 localhost_12311 KPAV 27 1 00000000 
r 1302692873.804 localhost_12311 KPAV 27 1 00000000 
s 1302692874.162 localhost_12311 KPAV 27 1 00000000 
r 1302692894.806 localhost_12311 KPAV 27 1 00000000 
s 1302692895.164 localhost_12311 KPAV 27 1 00000000 
r 1302692915.809 localhost_12311 KPAV 27 1 00000000 
s 1302692916.167 localhost_12311 KPAV 27 1 00000000 
r 1302692936.812 localhost_12311 KPAV 27 1 00000000 
s 1302692937.170 localhost_12311 KPAV 27 1 00000000 
r 1302692957.815 localhost_12311 KPAV 27 1 00000000 
s 1302692958.173 localhost_12311 KPAV 27 1 00000000 
r 1302692978.817 localhost_12311 KPAV 27 1 00000000 
s 1302692979.176 localhost_12311 KPAV 27 1 00000000 
r 1302692999.821 localhost_12311 KPAV 27 1 00000000 
s 1302693000.179 localhost_12311 KPAV 27 1 00000000 
r 1302693020.824 localhost_12311 KPAV 27 1 00000000 
s 1302693021.182 localhost_12311 KPAV 27 1 00000000 
r 1302693041.827 localhost_12311 KPAV 27 1 00000000 
s 1302693042.186 localhost_12311 KPAV 27 1 00000000 
r 1302693062.830 localhost_12311 KPAV 27 1 00000000 
s 1302693063.189 localhost_12311 KPAV 27 1 00000000 
r 1302693083.833 localhost_12311 KPAV 27 1 00000000 
s 1302693084.192 localhost_12311 KPAV 27 1 00000000 
r 1302693104.836 localhost_12311 KPAV 27 1 00000000 
s 1302693105.194 localhost_12311 KPAV 27 1 00000000 
r 1302693125.839 localhost_12311 KPAV 27 1 00000000 
s 1302693126.197 localhost_12311 KPAV 27 1 00000000 
r 1302693146.842 localhost_12311 KPAV 27 1 00000000 
s 1302693147.199 localhost_12311 KPAV 27 1 00000000 
r 1302693167.845 localhost_12311 KPAV 27 1 00000000 
s 1302693168.202 localhost_12311 KPAV 27 1 00000000 
r 1302693188.848 localhost_12311 KPAV 27 1 00000000 
s 1302693189.204 localhost_12311 KPAV 27 1 00000000 
r 1302693209.851 localhost_12311 KPAV 27 1 00000000 
s 1302693210.207 localhost_12311 KPAV 27 1 00000000 
r 1302693230.854 localhost_12311 KPAV 27 1 00000000 
s 1302693231.210 localhost_12311 KPAV 27 1 00000000 
r 1302693251.857 localhost_12311 KPAV 27 1 00000000 
s 1302693252.213 localhost_12311 KPAV 27 1 00000000 
r 1302693272.859 localhost_12311 KPAV 27 1 00000000 
s 1302693273.215 localhost_12311 KPAV 27 1 00000000 
r 1302693293.863 localhost_12311 KPAV 27 1 00000000 
s 1302693294.218 localhost_12311 KPAV 27 1 00000000 
r 1302693314.866 localhost_12311 KPAV 27 1 00000000 
s 1302693315.220 localhost_12311 KPAV 27 1 00000000 
r 1302693335.868 localhost_12311 KPAV 27 1 00000000 
s 1302693336.223 localhost_12311 KPAV 27 1 00000000 
r 1302693356.871 localhost_12311 KPAV 27 1 00000000 
s 1302693357.226 localhost_12311 KPAV 27 1 00000000 
r 1302693377.873 localhost_12311 KPAV 27 1 00000000 
s 1302693378.229 localhost_12311 KPAV 27 1 00000000 
r 1302693398.876 localhost_12311 KPAV 27 1 00000000 
s 1302693399.232 localhost_12311 KPAV 27 1 00000000 
r 1302693419.879 localhost_12311 KPAV 27 1 00000000 
s 1302693420.235 localhost_12311 KPAV 27 1 00000000 
r 1302693440.881 localhost_12311 KPAV 27 1 00000000 
s 1302693441.238 localhost_12311 KPAV 27 1 00000000 
r 1302693461.884 localhost_12311 KPAV 27 1 00000000 
s 1302693462.241 localhost_12311 KPAV 27 1 00000000 
r 1302693482.887 localhost_12311 KPAV 27 1 00000000 
s 1302693483.243 localhost_12311 KPAV 27 1 00000000 
r 1302693503.890 localhost_12311 KPAV 27 1 00000000 
s 1302693504.246 localhost_12311 KPAV 27 1 00000000 
r 1302693524.892 localhost_12311 KPAV 27 1 00000000 
s 1302693525.249 localhost_12311 KPAV 27 1 00000000 
r 1302693545.895 localhost_12311 KPAV 27 1 00000000 
s 1302693546.252 localhost_12311 KPAV 27 1 00000000 
r 1302693566.898 localhost_12311 KPAV 27 1 00000000 
s 1302693567.254 localhost_12311 KPAV 27 1 00000000 
r 1302693587.901 localhost_12311 KPAV 27 1 00000000 
s 1302693588.257 localhost_12311 KPAV 27 1 00000000 
r 1302693608.904 localhost_12311 KPAV 27 1 00000000 
s 1302693609.260 localhost_12311 KPAV 27 1 00000000 
r 1302693629.907 localhost_12311 KPAV 27 1 00000000 
s 1302693630.263 localhost_12311 KPAV 27 1 00000000 
r 1302693650.910 localhost_12311 KPAV 27 1 00000000 
s 1302693651.265 localhost_12311 KPAV 27 1 00000000 
r 1302693671.912 localhost_12311 KPAV 27 1 00000000 
s 1302693672.268 localhost_12311 KPAV 27 1 00000000 
r 1302693692.915 localhost_12311 KPAV 27 1 00000000 
s 1302693693.270 localhost_12311 KPAV 27 1 00000000 
r 1302693713.917 localhost_12311 KPAV 27 1 00000000 
s 1302693714.273 localhost_12311 KPAV 27 1 00000000 
r 1302693734.920 localhost_12311 KPAV 27 1 00000000 
s 1302693735.276 localhost_12311 KPAV 27 1 00000000 
r 1302693755.923 localhost_12311 KPAV 27 1 00000000 
s 1302693756.279 localhost_12311 KPAV 27 1 00000000 
r 1302693776.926 localhost_12311 KPAV 27 1 00000000 
s 1302693777.281 localhost_12311 KPAV 27 1 00000000 
r 1302693797.928 localhost_12311 KPAV 27 1 00000000 
s 1302693798.284 localhost_12311 KPAV 27 1 00000000 
r 1302693818.931 localhost_12311 KPAV 27 1 00000000 
s 1302693819.286 localhost_12311 KPAV 27 1 00000000 
r 1302693839.934 localhost_12311 KPAV 27 1 00000000 
s 1302693840.289 localhost_12311 KPAV 27 1 00000000 
r 1302693860.936 localhost_12311 KPAV 27 1 00000000 
s 1302693861.292 localhost_12311 KPAV 27 1 00000000 
r 1302693881.939 localhost_12311 KPAV 27 1 00000000 
s 1302693882.294 localhost_12311 KPAV 27 1 00000000 
// 1302725221.816 : Logging Started
s 1302725221.833 localhost_12311 HLLO 38 1 00000000 12312 localhost
r 1302725222.833 localhost_12311 HLLO 38 1 00000000 12311 localhost
r 1302725243.262 localhost_12311 KPAV 27 1 00000000 
s 1302725243.835 localhost_12311 KPAV 27 1 00000000 
r 1302725251.658 localhost_12311 SHRQ 37 19 2089eca9 
s 1302725252.005 localhost_12311 SHRS 511 1 00000000 
r 1302725272.267 localhost_12311 KPAV 27 1 00000000 
s 1302725272.839 localhost_12311 KPAV 27 1 00000000 
s 1302725290.608 localhost_12311 SHRQ 37 255 6db6706d 
// 1302725346.602 : Logging Started
s 1302725346.603 localhost_12311 HLLO 38 1 00000000 12312 localhost
r 1302725347.603 localhost_12311 HLLO 38 1 00000000 12311 localhost
s 1302725354.268 localhost_12311 SHRQ 38 255 b5f0634c 
r 1302725368.305 localhost_12311 KPAV 27 1 00000000 
// 1302725557.298 : Logging Started
s 1302725557.300 localhost_12311 HLLO 38 1 00000000 12312 localhost
r 1302725558.300 localhost_12311 HLLO 38 1 00000000 12311 localhost
s 1302725569.588 localhost_12311 SHRQ 37 255 b6418945 
// 1302725582.592 : Logging Started
s 1302725582.593 localhost_12311 HLLO 38 1 00000000 12312 localhost
r 1302725583.593 localhost_12311 HLLO 38 1 00000000 12311 localhost
s 1302725592.078 localhost_12311 SHRQ 37 255 deacc868 
r 1302725592.078 localhost_12311 SHRS 511 1 00000000 
s 1302725612.596 localhost_12311 KPAV 27 1 00000000 
r 1302725612.686 localhost_12311 KPAV 27 1 00000000 
s 1302725633.599 localhost_12311 KPAV 27 1 00000000 
r 1302725633.689 localhost_12311 KPAV 27 1 00000000 
r 1302725637.757 localhost_12311 SHRQ 37 19 3184af64 
s 1302725637.757 localhost_12311 SHRS 511 1 00000000 
r 1302725644.578 localhost_12311 SHRQ 39 19 b3b7796a 
s 1302725658.602 localhost_12311 KPAV 27 1 00000000 
r 1302725664.693 localhost_12311 KPAV 27 1 00000000 
s 1302725679.605 localhost_12311 KPAV 27 1 00000000 
r 1302725685.696 localhost_12311 KPAV 27 1 00000000 
s 1302725700.607 localhost_12311 KPAV 27 1 00000000 
r 1302725706.698 localhost_12311 KPAV 27 1 00000000 
s 1302725721.610 localhost_12311 KPAV 27 1 00000000 
r 1302725727.701 localhost_12311 KPAV 27 1 00000000 
s 1302725742.612 localhost_12311 KPAV 27 1 00000000 
r 1302725748.704 localhost_12311 KPAV 27 1 00000000 
s 1302725763.615 localhost_12311 KPAV 27 1 00000000 
r 1302725769.707 localhost_12311 KPAV 27 1 00000000 
s 1302725784.618 localhost_12311 KPAV 27 1 00000000 
r 1302725790.709 localhost_12311 KPAV 27 1 00000000 
s 1302725805.621 localhost_12311 KPAV 27 1 00000000 
r 1302725811.712 localhost_12311 KPAV 27 1 00000000 
s 1302725826.624 localhost_12311 KPAV 27 1 00000000 
r 1302725832.715 localhost_12311 KPAV 27 1 00000000 
s 1302725847.626 localhost_12311 KPAV 27 1 00000000 
r 1302725853.718 localhost_12311 KPAV 27 1 00000000 
s 1302725868.629 localhost_12311 KPAV 27 1 00000000 
r 1302725874.720 localhost_12311 KPAV 27 1 00000000 
s 1302725889.631 localhost_12311 KPAV 27 1 00000000 
r 1302725895.723 localhost_12311 KPAV 27 1 00000000 
s 1302725910.634 localhost_12311 KPAV 27 1 00000000 
r 1302725916.725 localhost_12311 KPAV 27 1 00000000 
s 1302725931.637 localhost_12311 KPAV 27 1 00000000 
r 1302725937.728 localhost_12311 KPAV 27 1 00000000 
s 1302725952.640 localhost_12311 KPAV 27 1 00000000 
r 1302725958.731 localhost_12311 KPAV 27 1 00000000 
s 1302725973.643 localhost_12311 KPAV 27 1 00000000 
r 1302725979.734 localhost_12311 KPAV 27 1 00000000 
s 1302725994.646 localhost_12311 KPAV 27 1 00000000 
r 1302726000.737 localhost_12311 KPAV 27 1 00000000 
// 1302726019.182 : Logging Started
s 1302726019.183 localhost_12311 HLLO 38 1 00000000 12312 localhost
r 1302726020.183 localhost_12311 HLLO 38 1 00000000 12311 localhost
s 1302726029.308 localhost_12311 SHRQ 37 255 fc908bd9 
r 1302726029.308 localhost_12311 SHRS 511 1 00000000 
r 1302726050.057 localhost_12311 KPAV 27 1 00000000 
s 1302726050.186 localhost_12311 KPAV 27 1 00000000 
r 1302726055.847 localhost_12311 SHRQ 37 19 77977965 
s 1302726055.847 localhost_12311 SHRS 511 1 00000000 
s 1302726067.435 localhost_12311 SHRQ 37 255 cf0e3eef 
r 1302726067.478 localhost_12311 SHRS 511 1 00000000 
r 1302726088.062 localhost_12311 KPAV 27 1 00000000 
s 1302726088.191 localhost_12311 KPAV 27 1 00000000 
r 1302726109.065 localhost_12311 KPAV 27 1 00000000 
s 1302726109.194 localhost_12311 KPAV 27 1 00000000 
r 1302726130.068 localhost_12311 KPAV 27 1 00000000 
s 1302726130.197 localhost_12311 KPAV 27 1 00000000 
r 1302726151.071 localhost_12311 KPAV 27 1 00000000 
s 1302726151.199 localhost_12311 KPAV 27 1 00000000 
r 1302726172.073 localhost_12311 KPAV 27 1 00000000 
s 1302726172.202 localhost_12311 KPAV 27 1 00000000 
r 1302726193.076 localhost_12311 KPAV 27 1 00000000 
s 1302726193.205 localhost_12311 KPAV 27 1 00000000 
r 1302726214.082 localhost_12311 KPAV 27 1 00000000 
s 1302726214.207 localhost_12311 KPAV 27 1 00000000 
r 1302726235.085 localhost_12311 KPAV 27 1 00000000 
s 1302726235.210 localhost_12311 KPAV 27 1 00000000 
r 1302726256.087 localhost_12311 KPAV 27 1 00000000 
s 1302726256.213 localhost_12311 KPAV 27 1 00000000 
// 1302726383.992 : Logging Started
s 1302726383.993 localhost_12311 HLLO 38 1 00000000 12312 localhost
r 1302726384.993 localhost_12311 HLLO 38 1 00000000 12311 localhost
s 1302726392.697 localhost_12311 SHRQ 37 255 00f9ef47 
r 1302726402.697 localhost_12311 SHRS 511 1 00000000 
s 1302726412.996 localhost_12311 KPAV 27 1 00000000 
r 1302726422.738 localhost_12311 KPAV 27 1 00000000 
s 1302726433.999 localhost_12311 KPAV 27 1 00000000 
// 1302726445.962 : Logging Started
s 1302726445.963 localhost_12311 HLLO 38 1 00000000 12312 localhost
r 1302726446.963 localhost_12311 HLLO 38 1 00000000 12311 localhost
s 1302726453.475 localhost_12311 SHRQ 37 255 fb685477 
Search response received after user hit CTR+C
r 1302726463.476 localhost_12311 SHRS 511 1 00000000 
s 1302726473.966 localhost_12311 KPAV 27 1 00000000 
r 1302726475.828 localhost_12311 NTFY 28 1 00000000 1
// 1302726478.968 : Logging Stopped
// 1302726514.061 : Logging Started
s 1302726514.062 localhost_12311 HLLO 38 1 00000000 12312 localhost
r 1302726515.062 localhost_12311 HLLO 38 1 00000000 12311 localhost
s 1302726521.257 localhost_12311 SHRQ 37 255 9be0f6e3 
// Search response received after user hit CTR+C
r 1302726531.257 localhost_12311 SHRS 511 1 00000000 
s 1302726542.065 localhost_12311 KPAV 27 1 00000000 
r 1302726551.337 localhost_12311 KPAV 27 1 00000000 
s 1302726554.427 localhost_12311 NTFY 28 1 00000000 1
// 1302726555.427 : Logging Stopped
// 1302726594.302 : Logging Started
s 1302726594.304 localhost_12311 HLLO 38 1 00000000 12312 localhost
r 1302726595.304 localhost_12311 HLLO 38 1 00000000 12311 localhost
r 1302726615.532 localhost_12311 KPAV 27 1 00000000 
s 1302726616.306 localhost_12311 KPAV 27 1 00000000 
r 1302726636.535 localhost_12311 KPAV 27 1 00000000 
s 1302726637.309 localhost_12311 KPAV 27 1 00000000 
s 1302726651.688 localhost_12311 SHRQ 37 255 c9a6ea2f 
// Search response received after user hit CTR+C
r 1302726661.689 localhost_12311 SHRS 511 1 00000000 
r 1302726661.689 localhost_12311 KPAV 27 1 00000000 
r 1302726661.689 localhost_12311 KPAV 27 1 00000000 
r 1302726661.689 localhost_12311 KPAV 27 1 00000000 
r 1302726661.689 localhost_12311 KPAV 27 1 00000000 
r 1302726661.689 localhost_12311 KPAV 27 1 00000000 
s 1302726672.313 localhost_12311 KPAV 27 1 00000000 
r 1302726682.541 localhost_12311 KPAV 27 1 00000000 
// 1302726699.232 : Logging Started
s 1302726699.233 localhost_12311 HLLO 38 1 00000000 12312 localhost
r 1302726700.233 localhost_12311 HLLO 38 1 00000000 12311 localhost
s 1302726716.235 localhost_12311 SHRQ 37 255 441fb554 
r 1302726716.235 localhost_12311 SHRS 511 1 00000000 
r 1302726727.108 localhost_12311 SHRQ 37 19 0e5a2c75 
s 1302726727.108 localhost_12311 SHRS 511 1 00000000 
// 1302729295.368 : Logging Started
s 1302729295.380 localhost_12311 HLLO 38 1 00000000 12312 localhost
r 1302729296.380 localhost_12311 HLLO 38 1 00000000 12311 localhost
s 1302729308.146 localhost_12311 SHRQ 37 255 3b06d97b 
r 1302729308.423 localhost_12311 SHRS 511 1 00000000 
s 1302729315.402 localhost_12311 SHRQ 37 255 5c939273 
// 1302729377.016 : Logging Started
s 1302729377.055 localhost_12311 HLLO 38 1 00000000 12312 localhost
r 1302729378.053 localhost_12311 HLLO 38 1 00000000 12311 localhost
s 1302729382.793 localhost_12311 SHRQ 37 255 9e24e1f8 
r 1302729382.794 localhost_12311 SHRS 511 1 00000000 
// 1302729418.399 : Logging Started
s 1302729418.401 localhost_12311 HLLO 38 1 00000000 12312 localhost
r 1302729419.401 localhost_12311 HLLO 38 1 00000000 12311 localhost
s 1302729427.206 localhost_12311 SHRQ 37 255 e9630eb9 
r 1302729427.206 localhost_12311 SHRS 511 1 00000000 
s 1302729437.243 localhost_12311 STRQ 28 255 04680421 neighbors
r 1302729437.282 localhost_12311 STRS 75 1 00000000 04680421
s 1302729457.406 localhost_12311 KPAV 27 1 00000000 
r 1302729458.145 localhost_12311 KPAV 27 1 00000000 
s 1302729478.409 localhost_12311 KPAV 27 1 00000000 
r 1302729479.148 localhost_12311 KPAV 27 1 00000000 
s 1302729499.412 localhost_12311 KPAV 27 1 00000000 
r 1302729500.151 localhost_12311 KPAV 27 1 00000000 
s 1302729520.414 localhost_12311 KPAV 27 1 00000000 
r 1302729521.154 localhost_12311 KPAV 27 1 00000000 
s 1302729541.417 localhost_12311 KPAV 27 1 00000000 
r 1302729542.157 localhost_12311 KPAV 27 1 00000000 
s 1302729562.420 localhost_12311 KPAV 27 1 00000000 
r 1302729563.160 localhost_12311 KPAV 27 1 00000000 
s 1302729583.422 localhost_12311 KPAV 27 1 00000000 
r 1302729584.163 localhost_12311 KPAV 27 1 00000000 
// 1302729612.132 : Logging Stopped
// 1302729657.160 : Logging Started
s 1302729657.161 localhost_12311 HLLO 38 1 00000000 12312 localhost
r 1302729658.161 localhost_12311 HLLO 38 1 00000000 12311 localhost
s 1302729666.536 localhost_12311 SHRQ 37 255 155ad63d 
r 1302729666.536 localhost_12311 SHRS 511 1 00000000 
s 1302729673.396 localhost_12311 SHRQ 37 255 34d96407 
r 1302729673.432 localhost_12311 SHRS 511 1 00000000 
r 1302729693.455 localhost_12311 KPAV 27 1 00000000 
s 1302729694.165 localhost_12311 KPAV 27 1 00000000 
r 1302729714.457 localhost_12311 KPAV 27 1 00000000 
s 1302729715.168 localhost_12311 KPAV 27 1 00000000 
r 1302729735.460 localhost_12311 KPAV 27 1 00000000 
s 1302729736.171 localhost_12311 KPAV 27 1 00000000 
// 1302729745.712 : Logging Stopped
// 1302729851.628 : Logging Started
s 1302729851.630 localhost_12311 HLLO 38 1 00000000 12312 localhost
r 1302729852.630 localhost_12311 HLLO 38 1 00000000 12311 localhost
s 1302729857.624 localhost_12311 SHRQ 37 255 43c9bdae 
r 1302729857.625 localhost_12311 SHRS 511 1 00000000 
s 1302729863.324 localhost_12311 SHRQ 37 255 f4bc0f07 
r 1302729863.362 localhost_12311 SHRS 511 1 00000000 
s 1302729871.952 localhost_12311 NTFY 28 1 00000000 1
// 1302729872.952 : Logging Stopped
// 1302729901.806 : Logging Started
s 1302729901.808 localhost_12311 HLLO 38 1 00000000 12312 localhost
r 1302729902.808 localhost_12311 HLLO 38 1 00000000 12311 localhost
r 1302729923.492 localhost_12311 KPAV 27 1 00000000 
s 1302729923.810 localhost_12311 KPAV 27 1 00000000 
r 1302729925.282 localhost_12311 SHRQ 37 255 b8b83238 
s 1302729925.567 localhost_12311 SHRS 511 1 00000000 
r 1302729932.242 localhost_12311 SHRQ 37 255 d7de88f1 
s 1302729932.242 localhost_12311 SHRS 511 1 00000000 
r 1302729952.495 localhost_12311 KPAV 27 1 00000000 
s 1302729952.813 localhost_12311 KPAV 27 1 00000000 
r 1302729973.498 localhost_12311 KPAV 27 1 00000000 
s 1302729973.816 localhost_12311 KPAV 27 1 00000000 
r 1302729994.500 localhost_12311 KPAV 27 1 00000000 
s 1302729994.819 localhost_12311 KPAV 27 1 00000000 
r 1302730015.503 localhost_12311 KPAV 27 1 00000000 
s 1302730015.822 localhost_12311 KPAV 27 1 00000000 
r 1302730036.506 localhost_12311 KPAV 27 1 00000000 
s 1302730036.824 localhost_12311 KPAV 27 1 00000000 
r 1302730057.509 localhost_12311 KPAV 27 1 00000000 
s 1302730057.827 localhost_12311 KPAV 27 1 00000000 
r 1302730078.512 localhost_12311 KPAV 27 1 00000000 
s 1302730078.831 localhost_12311 KPAV 27 1 00000000 
r 1302730099.515 localhost_12311 KPAV 27 1 00000000 
s 1302730099.834 localhost_12311 KPAV 27 1 00000000 
r 1302730120.518 localhost_12311 KPAV 27 1 00000000 
s 1302730120.836 localhost_12311 KPAV 27 1 00000000 
r 1302730141.521 localhost_12311 KPAV 27 1 00000000 
s 1302730141.840 localhost_12311 KPAV 27 1 00000000 
r 1302730162.524 localhost_12311 KPAV 27 1 00000000 
s 1302730162.843 localhost_12311 KPAV 27 1 00000000 
r 1302730183.527 localhost_12311 KPAV 27 1 00000000 
s 1302730183.846 localhost_12311 KPAV 27 1 00000000 
r 1302730204.529 localhost_12311 KPAV 27 1 00000000 
s 1302730204.850 localhost_12311 KPAV 27 1 00000000 
r 1302730225.532 localhost_12311 KPAV 27 1 00000000 
s 1302730225.852 localhost_12311 KPAV 27 1 00000000 
r 1302730246.535 localhost_12311 KPAV 27 1 00000000 
s 1302730246.855 localhost_12311 KPAV 27 1 00000000 
r 1302730267.543 localhost_12311 KPAV 27 1 00000000 
s 1302730267.858 localhost_12311 KPAV 27 1 00000000 
r 1302730288.546 localhost_12311 KPAV 27 1 00000000 
s 1302730288.861 localhost_12311 KPAV 27 1 00000000 
r 1302730309.549 localhost_12311 KPAV 27 1 00000000 
s 1302730309.864 localhost_12311 KPAV 27 1 00000000 
r 1302730330.552 localhost_12311 KPAV 27 1 00000000 
s 1302730330.867 localhost_12311 KPAV 27 1 00000000 
r 1302730351.556 localhost_12311 KPAV 27 1 00000000 
s 1302730351.870 localhost_12311 KPAV 27 1 00000000 
r 1302730372.559 localhost_12311 KPAV 27 1 00000000 
s 1302730372.873 localhost_12311 KPAV 27 1 00000000 
r 1302730393.562 localhost_12311 KPAV 27 1 00000000 
s 1302730393.876 localhost_12311 KPAV 27 1 00000000 
r 1302730414.565 localhost_12311 KPAV 27 1 00000000 
s 1302730414.880 localhost_12311 KPAV 27 1 00000000 
r 1302730435.568 localhost_12311 KPAV 27 1 00000000 
s 1302730435.883 localhost_12311 KPAV 27 1 00000000 
r 1302730456.570 localhost_12311 KPAV 27 1 00000000 
s 1302730456.886 localhost_12311 KPAV 27 1 00000000 
r 1302730477.573 localhost_12311 KPAV 27 1 00000000 
s 1302730477.890 localhost_12311 KPAV 27 1 00000000 
r 1302730498.576 localhost_12311 KPAV 27 1 00000000 
s 1302730498.893 localhost_12311 KPAV 27 1 00000000 
r 1302730519.578 localhost_12311 KPAV 27 1 00000000 
s 1302730519.895 localhost_12311 KPAV 27 1 00000000 
r 1302730540.581 localhost_12311 KPAV 27 1 00000000 
s 1302730540.898 localhost_12311 KPAV 27 1 00000000 
r 1302730561.584 localhost_12311 KPAV 27 1 00000000 
s 1302730561.899 localhost_12311 KPAV 27 1 00000000 
r 1302730582.586 localhost_12311 KPAV 27 1 00000000 
s 1302730582.901 localhost_12311 KPAV 27 1 00000000 
r 1302730603.589 localhost_12311 KPAV 27 1 00000000 
s 1302730603.904 localhost_12311 KPAV 27 1 00000000 
r 1302730624.591 localhost_12311 KPAV 27 1 00000000 
s 1302730624.908 localhost_12311 KPAV 27 1 00000000 
r 1302730645.593 localhost_12311 KPAV 27 1 00000000 
s 1302730645.911 localhost_12311 KPAV 27 1 00000000 
r 1302730666.596 localhost_12311 KPAV 27 1 00000000 
s 1302730666.915 localhost_12311 KPAV 27 1 00000000 
r 1302730687.599 localhost_12311 KPAV 27 1 00000000 
s 1302730687.919 localhost_12311 KPAV 27 1 00000000 
r 1302730708.602 localhost_12311 KPAV 27 1 00000000 
s 1302730708.923 localhost_12311 KPAV 27 1 00000000 
r 1302730729.605 localhost_12311 KPAV 27 1 00000000 
s 1302730729.926 localhost_12311 KPAV 27 1 00000000 
r 1302730750.608 localhost_12311 KPAV 27 1 00000000 
s 1302730750.929 localhost_12311 KPAV 27 1 00000000 
r 1302730771.610 localhost_12311 KPAV 27 1 00000000 
s 1302730771.931 localhost_12311 KPAV 27 1 00000000 
r 1302730792.613 localhost_12311 KPAV 27 1 00000000 
s 1302730792.934 localhost_12311 KPAV 27 1 00000000 
r 1302730813.616 localhost_12311 KPAV 27 1 00000000 
s 1302730813.937 localhost_12311 KPAV 27 1 00000000 
r 1302730834.618 localhost_12311 KPAV 27 1 00000000 
s 1302730834.940 localhost_12311 KPAV 27 1 00000000 
r 1302730855.621 localhost_12311 KPAV 27 1 00000000 
s 1302730855.943 localhost_12311 KPAV 27 1 00000000 
r 1302730876.624 localhost_12311 KPAV 27 1 00000000 
s 1302730876.946 localhost_12311 KPAV 27 1 00000000 
r 1302730897.627 localhost_12311 KPAV 27 1 00000000 
s 1302730897.949 localhost_12311 KPAV 27 1 00000000 
r 1302730918.630 localhost_12311 KPAV 27 1 00000000 
s 1302730918.952 localhost_12311 KPAV 27 1 00000000 
// 1302730922.712 : Logging Stopped
// 1302731290.332 : Logging Started
s 1302731290.333 localhost_12311 HLLO 38 1 00000000 12312 localhost
r 1302731291.333 localhost_12311 HLLO 38 1 00000000 12311 localhost
r 1302731311.469 localhost_12311 KPAV 27 1 00000000 
s 1302731312.335 localhost_12311 KPAV 27 1 00000000 
s 1302731314.160 localhost_12311 SHRQ 37 255 2831429d 
r 1302731314.167 localhost_12311 SHRS 511 1 00000000 
s 1302731327.872 localhost_12311 NTFY 28 1 00000000 1
// 1302731328.872 : Logging Stopped
// 1302731948.236 : Logging Started
s 1302731948.238 localhost_12311 HLLO 38 1 00000000 12312 localhost
r 1302731949.238 localhost_12311 HLLO 38 1 00000000 12311 localhost
s 1302731955.852 localhost_12311 SHRQ 30 255 03dffbc1 
r 1302731955.853 localhost_12311 SHRS 511 1 00000000 
s 1302731976.240 localhost_12311 KPAV 27 1 00000000 
s 1302731976.322 localhost_12311 SHRQ 30 255 318cde65 
r 1302731976.322 localhost_12311 SHRS 511 1 00000000 
r 1302731996.344 localhost_12311 KPAV 27 1 00000000 
s 1302731997.243 localhost_12311 KPAV 27 1 00000000 
r 1302732017.350 localhost_12311 KPAV 27 1 00000000 
s 1302732018.246 localhost_12311 KPAV 27 1 00000000 
r 1302732038.352 localhost_12311 KPAV 27 1 00000000 
s 1302732039.249 localhost_12311 KPAV 27 1 00000000 
r 1302732059.355 localhost_12311 KPAV 27 1 00000000 
s 1302732060.252 localhost_12311 KPAV 27 1 00000000 
r 1302732080.358 localhost_12311 KPAV 27 1 00000000 
s 1302732081.255 localhost_12311 KPAV 27 1 00000000 
r 1302732101.361 localhost_12311 KPAV 27 1 00000000 
s 1302732102.257 localhost_12311 KPAV 27 1 00000000 
r 1302732122.363 localhost_12311 KPAV 27 1 00000000 
s 1302732123.260 localhost_12311 KPAV 27 1 00000000 
r 1302732143.366 localhost_12311 KPAV 27 1 00000000 
s 1302732144.263 localhost_12311 KPAV 27 1 00000000 
s 1302732151.622 localhost_12311 SHRQ 54 255 6f502b01 
r 1302732151.622 localhost_12311 SHRS 511 1 00000000 
s 1302732172.267 localhost_12311 KPAV 27 1 00000000 
r 1302732172.370 localhost_12311 KPAV 27 1 00000000 
s 1302732193.270 localhost_12311 KPAV 27 1 00000000 
r 1302732193.373 localhost_12311 KPAV 27 1 00000000 
s 1302732214.273 localhost_12311 KPAV 27 1 00000000 
r 1302732214.375 localhost_12311 KPAV 27 1 00000000 
r 1302732217.054 localhost_12311 NTFY 28 1 00000000 1
// 1302732220.405 : Logging Stopped
// 1302735780.557 : Logging Started
s 1302735780.558 localhost_12311 HLLO 38 1 00000000 12312 localhost
r 1302735781.558 localhost_12311 HLLO 38 1 00000000 12311 localhost
r 1302735801.580 localhost_12311 KPAV 27 1 00000000 
s 1302735802.560 localhost_12311 KPAV 27 1 00000000 
s 1302735813.954 localhost_12311 STRQ 28 255 7079e333 neighbors
r 1302735813.954 localhost_12311 STRS 75 1 00000000 7079e333
s 1302735818.902 localhost_12311 NTFY 28 1 00000000 1
// 1302735819.902 : Logging Stopped
// 1302740469.610 : Logging Started
s 1302740469.611 localhost_12311 HLLO 38 1 00000000 12312 localhost
r 1302740470.612 localhost_12311 HLLO 38 1 00000000 12311 localhost
s 1302740480.673 localhost_12311 STRQ 28 255 2f96f9e7 files
r 1302740480.674 localhost_12311 STRS 60 1 00000000 2f96f9e7
s 1302740488.402 localhost_12311 NTFY 28 1 00000000 1
// 1302740489.402 : Logging Stopped
// 1302740669.209 : Logging Started
s 1302740669.211 localhost_12311 HLLO 38 1 00000000 12312 localhost
r 1302740670.211 localhost_12311 HLLO 38 1 00000000 12311 localhost
s 1302740682.376 localhost_12311 STRQ 28 255 fcaecf0b files
r 1302740682.376 localhost_12311 STRS 60 1 00000000 fcaecf0b
s 1302740687.482 localhost_12311 NTFY 28 1 00000000 1
// 1302740688.482 : Logging Stopped
// 1302740815.498 : Logging Started
s 1302740815.499 localhost_12311 HLLO 38 1 00000000 12312 localhost
r 1302740816.500 localhost_12311 HLLO 38 1 00000000 12311 localhost
s 1302740828.633 localhost_12311 STRQ 28 255 8ea5fad9 files
r 1302740828.634 localhost_12311 STRS 60 1 00000000 8ea5fad9
// 1302740844.183 : Logging Stopped
// 1302741076.899 : Logging Started
s 1302741076.900 localhost_12311 HLLO 38 1 00000000 12312 localhost
r 1302741077.900 localhost_12311 HLLO 38 1 00000000 12311 localhost
s 1302741084.992 localhost_12311 STRQ 28 255 90a5c976 files
r 1302741085.002 localhost_12311 STRS 1403 1 00000000 90a5c976
s 1302741090.114 localhost_12311 NTFY 28 1 00000000 1
// 1302741091.114 : Logging Stopped
// 1302741350.027 : Logging Started
s 1302741350.028 localhost_12311 HLLO 38 1 00000000 12312 localhost
r 1302741351.028 localhost_12311 HLLO 38 1 00000000 12311 localhost
r 1302741371.920 localhost_12311 KPAV 27 1 00000000 
s 1302741372.030 localhost_12311 KPAV 27 1 00000000 
r 1302741392.923 localhost_12311 KPAV 27 1 00000000 
s 1302741393.033 localhost_12311 KPAV 27 1 00000000 
r 1302741413.926 localhost_12311 KPAV 27 1 00000000 
s 1302741414.036 localhost_12311 KPAV 27 1 00000000 
r 1302741434.928 localhost_12311 KPAV 27 1 00000000 
s 1302741435.039 localhost_12311 KPAV 27 1 00000000 
r 1302741455.931 localhost_12311 KPAV 27 1 00000000 
s 1302741456.042 localhost_12311 KPAV 27 1 00000000 
r 1302741476.934 localhost_12311 KPAV 27 1 00000000 
s 1302741477.045 localhost_12311 KPAV 27 1 00000000 
r 1302741497.937 localhost_12311 KPAV 27 1 00000000 
s 1302741498.048 localhost_12311 KPAV 27 1 00000000 
s 1302741503.726 localhost_12311 NTFY 28 1 00000000 1
// 1302741504.726 : Logging Stopped
// 1302741658.247 : Logging Started
s 1302741658.248 localhost_12311 HLLO 38 1 00000000 12312 localhost
r 1302741659.248 localhost_12311 HLLO 38 1 00000000 12311 localhost
r 1302741680.123 localhost_12311 KPAV 27 1 00000000 
s 1302741680.251 localhost_12311 KPAV 27 1 00000000 
s 1302741681.693 localhost_12311 STRQ 28 255 caacdab5 files
r 1302741681.694 localhost_12311 STRS 1403 1 00000000 caacdab5
s 1302741685.896 localhost_12311 NTFY 28 1 00000000 1
// 1302741686.896 : Logging Stopped
// 1302741709.887 : Logging Started
s 1302741709.888 localhost_12311 HLLO 38 1 00000000 12312 localhost
r 1302741710.888 localhost_12311 HLLO 38 1 00000000 12311 localhost
s 1302741729.726 localhost_12311 STRQ 28 255 cd8ffd59 files
r 1302741729.727 localhost_12311 STRS 1403 1 00000000 cd8ffd59
r 1302741729.727 localhost_12311 STRS 60 1 00000000 cd8ffd59
s 1302741738.004 localhost_12311 NTFY 28 1 00000000 1
// 1302741739.005 : Logging Stopped
// 1302741827.085 : Logging Started
s 1302741827.086 localhost_12311 HLLO 38 1 00000000 12312 localhost
r 1302741828.087 localhost_12311 HLLO 38 1 00000000 12311 localhost
r 1302741848.524 localhost_12311 KPAV 27 1 00000000 
s 1302741849.089 localhost_12311 KPAV 27 1 00000000 
r 1302741869.527 localhost_12311 KPAV 27 1 00000000 
s 1302741870.092 localhost_12311 KPAV 27 1 00000000 
r 1302741890.530 localhost_12311 KPAV 27 1 00000000 
s 1302741891.095 localhost_12311 KPAV 27 1 00000000 
r 1302741911.533 localhost_12311 KPAV 27 1 00000000 
s 1302741912.097 localhost_12311 KPAV 27 1 00000000 
r 1302741932.536 localhost_12311 KPAV 27 1 00000000 
s 1302741933.100 localhost_12311 KPAV 27 1 00000000 
r 1302741934.600 localhost_12318 JNRQ 42 19 00000000 12318 localhost
s 1302741934.600 localhost_12318 JNRS 62 1 00000000 00000000 -1163719302 12312 localhost
s 1302741955.103 localhost_12318 KPAV 27 1 00000000 
s 1302741955.233 localhost_12318 STRQ 28 255 8560d66b files
r 1302741955.273 localhost_12318 STRS 1403 1 00000000 8560d66b
r 1302741955.273 localhost_12318 STRS 60 1 00000000 8560d66b
s 1302741961.622 localhost_12318 NTFY 28 1 00000000 1
// 1302741962.622 : Logging Stopped
// 1302742012.058 : Logging Started
s 1302742012.059 localhost_12311 HLLO 38 1 00000000 12312 localhost
r 1302742013.059 localhost_12311 HLLO 38 1 00000000 12311 localhost
s 1302742020.673 localhost_12311 STRQ 28 255 ab33e223 files
r 1302742020.674 localhost_12311 STRS 1403 1 00000000 ab33e223
r 1302742020.674 localhost_12311 STRS 60 1 00000000 ab33e223
s 1302742041.062 localhost_12311 KPAV 27 1 00000000 
r 1302742041.382 localhost_12311 KPAV 27 1 00000000 
s 1302742062.065 localhost_12311 KPAV 27 1 00000000 
r 1302742062.385 localhost_12311 KPAV 27 1 00000000 
s 1302742083.068 localhost_12311 KPAV 27 1 00000000 
r 1302742083.387 localhost_12311 KPAV 27 1 00000000 
s 1302742104.071 localhost_12311 KPAV 27 1 00000000 
r 1302742104.391 localhost_12311 KPAV 27 1 00000000 
// 1302742257.278 : Logging Started
s 1302742257.279 localhost_12311 HLLO 38 1 00000000 12312 localhost
r 1302742258.280 localhost_12311 HLLO 38 1 00000000 12311 localhost
s 1302742268.606 localhost_12311 STRQ 28 255 5bdde104 files
r 1302742268.607 localhost_12311 STRS 1403 1 00000000 5bdde104
r 1302742268.607 localhost_12311 STRS 60 1 00000000 5bdde104
s 1302742272.633 localhost_12311 NTFY 28 1 00000000 1
// 1302742273.633 : Logging Stopped
// 1302742745.698 : Logging Started
s 1302742745.699 localhost_12311 HLLO 38 1 00000000 12312 localhost
r 1302742746.699 localhost_12311 HLLO 38 1 00000000 12311 localhost
s 1302742754.822 localhost_12311 STRQ 28 255 a4e6eee3 files
r 1302742754.823 localhost_12311 STRS 1403 1 00000000 a4e6eee3
r 1302742754.823 localhost_12311 STRS 60 1 00000000 a4e6eee3
s 1302742759.776 localhost_12311 NTFY 28 1 00000000 1
// 1302742760.776 : Logging Stopped
