r 1300855032.212 localhost_12312 HLLO 38 1 6bca8bf4 12312 localhost
s 1300855032.212 localhost_12312 HLLO 38 1 901a0df4 12311 localhost
r 1300855034.435 localhost_12313 HLLO 38 1 81446937 12313 localhost
r 1300855036.573 localhost_12318 HLLO 38 1 1bcadbcc 12318 localhost
r 1300855046.390 localhost_12318 NTFY 28 1 e4be5586 1
s 1300855063.094 localhost_12312 KPAV 27 1 ed758bea 
r 1300855064.215 localhost_12312 KPAV 27 1 e711a862 
s 1300855065.095 localhost_12313 KPAV 27 1 3b5461bf 
r 1300855066.439 localhost_12313 KPAV 27 1 08f0538c 
s 1300855094.098 localhost_12312 KPAV 27 1 2a712e71 
r 1300855095.219 localhost_12312 KPAV 27 1 c8a9b8d5 
s 1300855096.098 localhost_12313 KPAV 27 1 606203b9 
r 1300855097.442 localhost_12313 KPAV 27 1 88250713 
s 1300855125.101 localhost_12312 KPAV 27 1 05865843 
r 1300855126.226 localhost_12312 KPAV 27 1 8d98bbc2 
s 1300855127.101 localhost_12313 KPAV 27 1 620ced23 
r 1300855128.446 localhost_12313 KPAV 27 1 eb3b60da 
s 1300855156.105 localhost_12312 KPAV 27 1 bfb9ab23 
r 1300855157.230 localhost_12312 KPAV 27 1 e28214fb 
s 1300855158.105 localhost_12313 KPAV 27 1 d0802776 
r 1300855159.449 localhost_12313 KPAV 27 1 a096f38a 
s 1300855187.117 localhost_12312 KPAV 27 1 51d08e7c 
r 1300855188.234 localhost_12312 KPAV 27 1 6939ac22 
s 1300855189.117 localhost_12313 KPAV 27 1 84968c6f 
r 1300855190.453 localhost_12313 KPAV 27 1 1b9ab8fc 
s 1300855218.120 localhost_12312 KPAV 27 1 5f01cf5d 
r 1300855219.237 localhost_12312 KPAV 27 1 bdcc9bba 
s 1300855220.120 localhost_12313 KPAV 27 1 fbf3d7eb 
r 1300855221.459 localhost_12313 KPAV 27 1 139db137 
s 1300855249.124 localhost_12312 KPAV 27 1 998b903f 
r 1300855250.240 localhost_12312 KPAV 27 1 941aec14 
s 1300855251.125 localhost_12313 KPAV 27 1 74e48e0b 
r 1300855252.465 localhost_12313 KPAV 27 1 be83f568 
s 1300855280.130 localhost_12312 KPAV 27 1 3954046c 
r 1300855281.244 localhost_12312 KPAV 27 1 6c39c251 
s 1300855282.131 localhost_12313 KPAV 27 1 81efda70 
r 1300855283.470 localhost_12313 KPAV 27 1 e0b864ce 
s 1300855311.134 localhost_12312 KPAV 27 1 be396ffa 
r 1300855312.248 localhost_12312 KPAV 27 1 8dbc9c15 
s 1300855313.134 localhost_12313 KPAV 27 1 eaa73567 
r 1300855314.474 localhost_12313 KPAV 27 1 3388b388 
s 1300855342.139 localhost_12312 KPAV 27 1 c9a2815e 
r 1300855343.253 localhost_12312 KPAV 27 1 bccf3e51 
s 1300855344.139 localhost_12313 KPAV 27 1 16721bf4 
r 1300855345.479 localhost_12313 KPAV 27 1 aa4b1959 
s 1300855373.142 localhost_12312 KPAV 27 1 81b743b2 
r 1300855374.257 localhost_12312 KPAV 27 1 ec282b94 
s 1300855375.142 localhost_12313 KPAV 27 1 097cbf67 
r 1300855376.482 localhost_12313 KPAV 27 1 d20b36e1 
s 1300855404.148 localhost_12312 KPAV 27 1 7bfc9ce8 
r 1300855405.264 localhost_12312 KPAV 27 1 39b25107 
s 1300855406.148 localhost_12313 KPAV 27 1 3e7e627f 
r 1300855407.489 localhost_12313 KPAV 27 1 e523e577 
s 1300855435.155 localhost_12312 KPAV 27 1 4cbe774b 
r 1300855436.268 localhost_12312 KPAV 27 1 5d47bac6 
s 1300855437.156 localhost_12313 KPAV 27 1 2138a9c9 
r 1300855438.495 localhost_12313 KPAV 27 1 322717a5 
s 1300855466.159 localhost_12312 KPAV 27 1 7be21924 
r 1300855467.274 localhost_12312 KPAV 27 1 2cd5c737 
s 1300855468.160 localhost_12313 KPAV 27 1 58b3c1f4 
r 1300855469.500 localhost_12313 KPAV 27 1 f157647a 
s 1300855497.165 localhost_12312 KPAV 27 1 8f7608b0 
r 1300855498.279 localhost_12312 KPAV 27 1 d4c862f0 
s 1300855499.165 localhost_12313 KPAV 27 1 8ef1982d 
r 1300855500.506 localhost_12313 KPAV 27 1 6b838fad 
s 1300855528.167 localhost_12312 KPAV 27 1 0f9153d7 
r 1300855529.287 localhost_12312 KPAV 27 1 3c2a6019 
s 1300855530.168 localhost_12313 KPAV 27 1 20210eb2 
r 1300855531.512 localhost_12313 KPAV 27 1 c0508ad9 
s 1300855559.172 localhost_12312 KPAV 27 1 7bde8b06 
r 1300855560.290 localhost_12312 KPAV 27 1 edabe43c 
s 1300855561.172 localhost_12313 KPAV 27 1 6f4f131f 
r 1300855562.516 localhost_12313 KPAV 27 1 942d2b50 
s 1300855590.178 localhost_12312 KPAV 27 1 fc1f5dc7 
r 1300855591.294 localhost_12312 KPAV 27 1 c4d4f9b3 
s 1300855592.178 localhost_12313 KPAV 27 1 88925070 
r 1300855593.520 localhost_12313 KPAV 27 1 47a0298d 
s 1300855621.181 localhost_12312 KPAV 27 1 7897450a 
r 1300855622.299 localhost_12312 KPAV 27 1 c52eb9d1 
s 1300855623.181 localhost_12313 KPAV 27 1 f29003a6 
r 1300855624.525 localhost_12313 KPAV 27 1 b4359bd8 
s 1300855652.187 localhost_12312 KPAV 27 1 985969c7 
r 1300855653.306 localhost_12312 KPAV 27 1 28bb3ab1 
s 1300855654.187 localhost_12313 KPAV 27 1 50f6cab6 
r 1300855655.532 localhost_12313 KPAV 27 1 37a557b8 
s 1300855683.190 localhost_12312 KPAV 27 1 176f53d0 
r 1300855684.309 localhost_12312 KPAV 27 1 6fd14957 
s 1300855685.190 localhost_12313 KPAV 27 1 70ca4140 
r 1300855686.537 localhost_12313 KPAV 27 1 d888b7e7 
s 1300855714.193 localhost_12312 KPAV 27 1 4a068891 
r 1300855715.317 localhost_12312 KPAV 27 1 9d204128 
s 1300855716.194 localhost_12313 KPAV 27 1 a48fbaa8 
r 1300855717.541 localhost_12313 KPAV 27 1 9db6fee2 
s 1300855745.197 localhost_12312 KPAV 27 1 25a3122f 
r 1300855746.321 localhost_12312 KPAV 27 1 dfbf480d 
s 1300855747.197 localhost_12313 KPAV 27 1 2f218f3f 
r 1300855748.545 localhost_12313 KPAV 27 1 63aa2c06 
s 1300855776.201 localhost_12312 KPAV 27 1 619def60 
r 1300855777.325 localhost_12312 KPAV 27 1 8804ed64 
s 1300855778.201 localhost_12313 KPAV 27 1 0fbbe67b 
r 1300855779.548 localhost_12313 KPAV 27 1 6292338b 
s 1300855807.205 localhost_12312 KPAV 27 1 20b7f560 
r 1300855808.329 localhost_12312 KPAV 27 1 95fe8935 
s 1300855809.205 localhost_12313 KPAV 27 1 15a8f753 
r 1300855810.552 localhost_12313 KPAV 27 1 2b387281 
s 1300855838.209 localhost_12312 KPAV 27 1 4e8e5c46 
r 1300855839.333 localhost_12312 KPAV 27 1 895f73d4 
s 1300855840.210 localhost_12313 KPAV 27 1 04163982 
r 1300855841.557 localhost_12313 KPAV 27 1 6148e2da 
s 1300855869.214 localhost_12312 KPAV 27 1 4b23b587 
r 1300855870.337 localhost_12312 KPAV 27 1 b3d3695f 
s 1300855871.214 localhost_12313 KPAV 27 1 fab89b19 
r 1300855872.561 localhost_12313 KPAV 27 1 831d7bd1 
s 1300855900.218 localhost_12312 KPAV 27 1 9dd1bb6f 
r 1300855901.341 localhost_12312 KPAV 27 1 306ceb04 
s 1300855902.218 localhost_12313 KPAV 27 1 5a4d4282 
r 1300855903.565 localhost_12313 KPAV 27 1 61472a2b 
s 1300855931.222 localhost_12312 KPAV 27 1 e743a754 
r 1300855932.345 localhost_12312 KPAV 27 1 6aadffc3 
s 1300855933.222 localhost_12313 KPAV 27 1 6d8f39a0 
r 1300855934.569 localhost_12313 KPAV 27 1 d83e99ec 
s 1300855962.226 localhost_12312 KPAV 27 1 38665a53 
r 1300855963.350 localhost_12312 KPAV 27 1 fc1a9627 
s 1300855964.226 localhost_12313 KPAV 27 1 0f6abb1e 
r 1300855965.573 localhost_12313 KPAV 27 1 ebdb59e1 
s 1300855993.229 localhost_12312 KPAV 27 1 acab2b64 
r 1300855994.354 localhost_12312 KPAV 27 1 2fb7d22c 
s 1300855995.230 localhost_12313 KPAV 27 1 97e4e6d7 
r 1300855996.577 localhost_12313 KPAV 27 1 df821033 
s 1300856024.234 localhost_12312 KPAV 27 1 594595af 
r 1300856025.358 localhost_12312 KPAV 27 1 aa2b212d 
s 1300856026.234 localhost_12313 KPAV 27 1 b6f82209 
r 1300856027.581 localhost_12313 KPAV 27 1 111a692c 
s 1300856055.238 localhost_12312 KPAV 27 1 d44c019c 
r 1300856056.363 localhost_12312 KPAV 27 1 7d85fbef 
s 1300856057.238 localhost_12313 KPAV 27 1 67b588f1 
r 1300856058.584 localhost_12313 KPAV 27 1 7b842450 
s 1300856086.241 localhost_12312 KPAV 27 1 46a59685 
r 1300856087.367 localhost_12312 KPAV 27 1 4feb2092 
s 1300856088.241 localhost_12313 KPAV 27 1 2120db1e 
r 1300856089.588 localhost_12313 KPAV 27 1 51bfdc06 
s 1300856117.245 localhost_12312 KPAV 27 1 586cc70d 
r 1300856118.371 localhost_12312 KPAV 27 1 cd8c5a7d 
s 1300856119.245 localhost_12313 KPAV 27 1 ebaac747 
r 1300856120.591 localhost_12313 KPAV 27 1 5edd75b1 
s 1300856148.248 localhost_12312 KPAV 27 1 3aab2949 
r 1300856149.375 localhost_12312 KPAV 27 1 78c38d82 
s 1300856150.249 localhost_12313 KPAV 27 1 4f480577 
r 1300856151.595 localhost_12313 KPAV 27 1 32fb4941 
s 1300856179.252 localhost_12312 KPAV 27 1 0c9dbd3e 
r 1300856180.380 localhost_12312 KPAV 27 1 a8b43b63 
s 1300856181.252 localhost_12313 KPAV 27 1 d9d1507c 
r 1300856182.599 localhost_12313 KPAV 27 1 1a991a0b 
s 1300856210.256 localhost_12312 KPAV 27 1 d2768176 
r 1300856211.384 localhost_12312 KPAV 27 1 2015741d 
s 1300856212.256 localhost_12313 KPAV 27 1 f5caac80 
r 1300856213.602 localhost_12313 KPAV 27 1 09f89e31 
s 1300856241.260 localhost_12312 KPAV 27 1 5fef3f61 
r 1300856242.388 localhost_12312 KPAV 27 1 57021a09 
s 1300856243.260 localhost_12313 KPAV 27 1 d283622c 
r 1300856244.606 localhost_12313 KPAV 27 1 954ce71d 
s 1300856272.263 localhost_12312 KPAV 27 1 0ddd730f 
r 1300856273.392 localhost_12312 KPAV 27 1 f42a86b9 
s 1300856274.264 localhost_12313 KPAV 27 1 70733e5a 
r 1300856275.610 localhost_12313 KPAV 27 1 24b6bac9 
s 1300856303.267 localhost_12312 KPAV 27 1 db96f993 
r 1300856304.396 localhost_12312 KPAV 27 1 700a57a0 
s 1300856305.267 localhost_12313 KPAV 27 1 c48bbe3f 
r 1300856306.613 localhost_12313 KPAV 27 1 f745ab62 
s 1300856334.271 localhost_12312 KPAV 27 1 632b9077 
r 1300856335.400 localhost_12312 KPAV 27 1 6493c15d 
s 1300856336.272 localhost_12313 KPAV 27 1 24c19156 
r 1300856337.617 localhost_12313 KPAV 27 1 25e35e23 
s 1300856365.275 localhost_12312 KPAV 27 1 cdca6d12 
r 1300856366.404 localhost_12312 KPAV 27 1 d8b3eade 
s 1300856367.276 localhost_12313 KPAV 27 1 87300861 
r 1300856368.621 localhost_12313 KPAV 27 1 adc7176c 
s 1300856396.279 localhost_12312 KPAV 27 1 5bff3778 
r 1300856397.407 localhost_12312 KPAV 27 1 0e977a23 
s 1300856398.280 localhost_12313 KPAV 27 1 2705310f 
r 1300856399.625 localhost_12313 KPAV 27 1 46247201 
s 1300856427.283 localhost_12312 KPAV 27 1 a7c1a78b 
r 1300856428.411 localhost_12312 KPAV 27 1 693bca18 
s 1300856429.283 localhost_12313 KPAV 27 1 1a9d9601 
r 1300856430.628 localhost_12313 KPAV 27 1 5051f0b4 
s 1300856458.287 localhost_12312 KPAV 27 1 a8c465dc 
r 1300856459.415 localhost_12312 KPAV 27 1 a9f7d0a5 
s 1300856460.287 localhost_12313 KPAV 27 1 9c85c5d3 
r 1300856461.632 localhost_12313 KPAV 27 1 54eab1cd 
s 1300856489.291 localhost_12312 KPAV 27 1 25bb8d2c 
r 1300856490.418 localhost_12312 KPAV 27 1 c3ecdd5f 
s 1300856491.291 localhost_12313 KPAV 27 1 26b5348c 
r 1300856492.636 localhost_12313 KPAV 27 1 693df283 
s 1300856520.295 localhost_12312 KPAV 27 1 5236e54f 
r 1300856521.422 localhost_12312 KPAV 27 1 b9197cc6 
s 1300856522.295 localhost_12313 KPAV 27 1 eb498355 
r 1300856523.640 localhost_12313 KPAV 27 1 9efd13d4 
s 1300856551.299 localhost_12312 KPAV 27 1 3dac62c8 
r 1300856552.426 localhost_12312 KPAV 27 1 84fa4fc5 
s 1300856553.299 localhost_12313 KPAV 27 1 deb8f4c6 
r 1300856554.643 localhost_12313 KPAV 27 1 142db629 
s 1300856582.302 localhost_12312 KPAV 27 1 80e3f447 
r 1300856583.430 localhost_12312 KPAV 27 1 0e3d28e4 
s 1300856584.303 localhost_12313 KPAV 27 1 ab284370 
r 1300856585.646 localhost_12313 KPAV 27 1 641f86d3 
s 1300856613.306 localhost_12312 KPAV 27 1 7fc7c53e 
r 1300856614.434 localhost_12312 KPAV 27 1 002fb8b0 
s 1300856615.306 localhost_12313 KPAV 27 1 9083cc30 
r 1300856616.650 localhost_12313 KPAV 27 1 10fcbbab 
s 1300856644.310 localhost_12312 KPAV 27 1 ca45345c 
r 1300856645.438 localhost_12312 KPAV 27 1 2028dfd2 
s 1300856646.310 localhost_12313 KPAV 27 1 5e5fe5c6 
r 1300856647.654 localhost_12313 KPAV 27 1 60ec28d8 
s 1300856675.314 localhost_12312 KPAV 27 1 21fa1ca7 
r 1300856676.441 localhost_12312 KPAV 27 1 674a46a9 
s 1300856677.314 localhost_12313 KPAV 27 1 bf1d0eec 
r 1300856678.658 localhost_12313 KPAV 27 1 6962c55b 
s 1300856706.317 localhost_12312 KPAV 27 1 dde6ca39 
r 1300856707.445 localhost_12312 KPAV 27 1 1d393234 
s 1300856708.317 localhost_12313 KPAV 27 1 7985da4b 
r 1300856709.662 localhost_12313 KPAV 27 1 a5404f78 
s 1300856737.321 localhost_12312 KPAV 27 1 2b5ae2c0 
r 1300856738.449 localhost_12312 KPAV 27 1 f4fa038d 
s 1300856739.321 localhost_12313 KPAV 27 1 7dd642e1 
r 1300856740.666 localhost_12313 KPAV 27 1 8e532f7f 
s 1300856768.325 localhost_12312 KPAV 27 1 ae15c6d3 
r 1300856769.453 localhost_12312 KPAV 27 1 d4364ead 
s 1300856770.325 localhost_12313 KPAV 27 1 2cbb82e5 
r 1300856771.671 localhost_12313 KPAV 27 1 5850bf1d 
s 1300856799.328 localhost_12312 KPAV 27 1 5b08dc09 
r 1300856800.456 localhost_12312 KPAV 27 1 354d2064 
s 1300856801.329 localhost_12313 KPAV 27 1 feb23d54 
r 1300856802.675 localhost_12313 KPAV 27 1 c9107009 
s 1300856830.332 localhost_12312 KPAV 27 1 fd6f7da6 
r 1300856831.460 localhost_12312 KPAV 27 1 89973d31 
s 1300856832.332 localhost_12313 KPAV 27 1 06d6f0ea 
r 1300856833.679 localhost_12313 KPAV 27 1 54c6b36c 
s 1300856861.336 localhost_12312 KPAV 27 1 0e7693c7 
r 1300856862.463 localhost_12312 KPAV 27 1 85b32347 
s 1300856863.336 localhost_12313 KPAV 27 1 54078956 
r 1300856864.683 localhost_12313 KPAV 27 1 fcd7ed31 
s 1300856892.340 localhost_12312 KPAV 27 1 2780c81e 
r 1300856893.467 localhost_12312 KPAV 27 1 f99b15a3 
s 1300856894.340 localhost_12313 KPAV 27 1 2b10e476 
r 1300856895.688 localhost_12313 KPAV 27 1 a28ee337 
s 1300856923.343 localhost_12312 KPAV 27 1 1c50efd1 
r 1300856924.470 localhost_12312 KPAV 27 1 9d6df719 
s 1300856925.344 localhost_12313 KPAV 27 1 31e620f7 
r 1300856926.691 localhost_12313 KPAV 27 1 bc6c6682 
s 1300856954.347 localhost_12312 KPAV 27 1 72ac1315 
r 1300856955.473 localhost_12312 KPAV 27 1 0b004342 
s 1300856956.347 localhost_12313 KPAV 27 1 879d47ff 
r 1300856957.695 localhost_12313 KPAV 27 1 dd4e18f4 
s 1300856985.351 localhost_12312 KPAV 27 1 db51bb72 
r 1300856986.477 localhost_12312 KPAV 27 1 2cea0218 
s 1300856987.351 localhost_12313 KPAV 27 1 c290d64b 
r 1300856988.699 localhost_12313 KPAV 27 1 29d1d12c 
s 1300857016.354 localhost_12312 KPAV 27 1 09bdd29b 
r 1300857017.481 localhost_12312 KPAV 27 1 072ecd3f 
s 1300857018.355 localhost_12313 KPAV 27 1 31ce156c 
r 1300857019.702 localhost_12313 KPAV 27 1 b5859b06 
s 1300857047.358 localhost_12312 KPAV 27 1 ca84a75e 
r 1300857048.485 localhost_12312 KPAV 27 1 c75f8f16 
s 1300857049.358 localhost_12313 KPAV 27 1 2ca0566b 
r 1300857050.706 localhost_12313 KPAV 27 1 ab8f6ecb 
s 1300857078.362 localhost_12312 KPAV 27 1 a3812c86 
r 1300857079.489 localhost_12312 KPAV 27 1 298ac668 
s 1300857080.362 localhost_12313 KPAV 27 1 10bf17fd 
r 1300857081.709 localhost_12313 KPAV 27 1 1295fab3 
s 1300857109.365 localhost_12312 KPAV 27 1 21d6aba8 
r 1300857110.494 localhost_12312 KPAV 27 1 338ac490 
s 1300857111.365 localhost_12313 KPAV 27 1 791469d7 
r 1300857112.713 localhost_12313 KPAV 27 1 539f5ded 
s 1300857140.368 localhost_12312 KPAV 27 1 8017e9f4 
r 1300857141.498 localhost_12312 KPAV 27 1 d978dc55 
s 1300857142.369 localhost_12313 KPAV 27 1 2760ba63 
r 1300857143.717 localhost_12313 KPAV 27 1 057bd25c 
s 1300857171.372 localhost_12312 KPAV 27 1 c4b2cc51 
r 1300857172.502 localhost_12312 KPAV 27 1 d9e12e9d 
s 1300857173.372 localhost_12313 KPAV 27 1 1b3f66c8 
r 1300857174.720 localhost_12313 KPAV 27 1 dab5140c 
s 1300857202.375 localhost_12312 KPAV 27 1 a04a46cb 
r 1300857203.506 localhost_12312 KPAV 27 1 84f80e59 
s 1300857204.376 localhost_12313 KPAV 27 1 12211ee6 
r 1300857205.724 localhost_12313 KPAV 27 1 c2d04796 
s 1300857233.379 localhost_12312 KPAV 27 1 8fd7fcc9 
r 1300857234.509 localhost_12312 KPAV 27 1 d078228e 
s 1300857235.379 localhost_12313 KPAV 27 1 d867e26d 
r 1300857236.727 localhost_12313 KPAV 27 1 7a905198 
s 1300857264.382 localhost_12312 KPAV 27 1 fbfa3a70 
r 1300857265.513 localhost_12312 KPAV 27 1 4990f726 
s 1300857266.383 localhost_12313 KPAV 27 1 dca8d53c 
r 1300857267.730 localhost_12313 KPAV 27 1 b47ebbef 
s 1300857295.386 localhost_12312 KPAV 27 1 045c72e9 
r 1300857296.517 localhost_12312 KPAV 27 1 a93d510c 
s 1300857297.386 localhost_12313 KPAV 27 1 a096cc91 
r 1300857298.734 localhost_12313 KPAV 27 1 861d5e54 
s 1300857326.389 localhost_12312 KPAV 27 1 c238bfcc 
r 1300857327.521 localhost_12312 KPAV 27 1 0cdac192 
s 1300857328.389 localhost_12313 KPAV 27 1 00932cd0 
r 1300857329.737 localhost_12313 KPAV 27 1 7f6a60b5 
s 1300857357.392 localhost_12312 KPAV 27 1 566b3e11 
r 1300857358.524 localhost_12312 KPAV 27 1 b80b0ccb 
s 1300857359.392 localhost_12313 KPAV 27 1 a08bbc5c 
r 1300857360.741 localhost_12313 KPAV 27 1 744f088a 
s 1300857388.396 localhost_12312 KPAV 27 1 d7f5f9e4 
r 1300857389.528 localhost_12312 KPAV 27 1 034305a3 
s 1300857390.396 localhost_12313 KPAV 27 1 d76dbacb 
r 1300857391.745 localhost_12313 KPAV 27 1 f3630e4a 
