// 1303472253.468 : Logging Started
s 1303472253.470 localhost_12312 HLLO 38 1 00000000 12313 localhost
r 1303472254.235 localhost_12311 HLLO 38 1 00000000 12311 localhost
r 1303472254.470 localhost_12312 HLLO 38 1 00000000 12312 localhost
s 1303472255.235 localhost_12311 HLLO 38 1 00000000 12313 localhost
r 1303472274.905 localhost_12312 KPAV 27 1 00000000 
r 1303472276.237 localhost_12311 KPAV 27 1 00000000 
s 1303472276.473 localhost_12312 KPAV 27 1 00000000 
s 1303472276.473 localhost_12311 KPAV 27 1 00000000 
s 1303472283.768 localhost_12312 SHRQ 40 255 5da0c120 filename faceFoto.jpgð
s 1303472283.768 localhost_12311 SHRQ 40 255 5da0c120 filename faceFoto.jpgg
r 1303472283.768 localhost_12311 SHRQ 40 253 5da0c120 filename faceFoto.jpgg
r 1303472294.516 localhost_12311 HLLO 38 1 00000000 12311 localhost
s 1303472295.516 localhost_12311 HLLO 38 1 00000000 12313 localhost
s 1303472309.398 localhost_12311 SHRQ 40 255 2c2937d9 filename faceFoto.jpgð
r 1303472331.766 localhost_12311 HLLO 38 1 00000000 12311 localhost
s 1303472332.766 localhost_12311 HLLO 38 1 00000000 12313 localhost
r 1303472332.922 localhost_12312 HLLO 38 1 00000000 12312 localhost
s 1303472333.922 localhost_12312 HLLO 38 1 00000000 12313 localhost
s 1303472353.484 localhost_12311 KPAV 27 1 00000000 
s 1303472354.485 localhost_12312 KPAV 27 1 00000000 
r 1303472354.771 localhost_12311 KPAV 27 1 00000000 
r 1303472355.926 localhost_12312 KPAV 27 1 00000000 
s 1303472374.488 localhost_12311 KPAV 27 1 00000000 
s 1303472375.489 localhost_12312 KPAV 27 1 00000000 
r 1303472375.774 localhost_12311 KPAV 27 1 00000000 
r 1303472376.928 localhost_12312 KPAV 27 1 00000000 
s 1303472395.491 localhost_12311 KPAV 27 1 00000000 
s 1303472396.491 localhost_12312 KPAV 27 1 00000000 
r 1303472396.776 localhost_12311 KPAV 27 1 00000000 
r 1303472397.930 localhost_12312 KPAV 27 1 00000000 
s 1303472416.494 localhost_12311 KPAV 27 1 00000000 
s 1303472417.494 localhost_12312 KPAV 27 1 00000000 
r 1303472417.778 localhost_12311 KPAV 27 1 00000000 
r 1303472418.932 localhost_12312 KPAV 27 1 00000000 
s 1303472437.497 localhost_12311 KPAV 27 1 00000000 
s 1303472438.497 localhost_12312 KPAV 27 1 00000000 
r 1303472438.782 localhost_12311 KPAV 27 1 00000000 
r 1303472439.934 localhost_12312 KPAV 27 1 00000000 
s 1303472458.499 localhost_12311 KPAV 27 1 00000000 
s 1303472459.500 localhost_12312 KPAV 27 1 00000000 
r 1303472459.785 localhost_12311 KPAV 27 1 00000000 
r 1303472460.937 localhost_12312 KPAV 27 1 00000000 
r 1303472473.602 localhost_12311 STOR 210365 1 9bc58361 
s 1303472479.502 localhost_12311 KPAV 27 1 00000000 
r 1303472493.789 localhost_12311 KPAV 27 1 00000000 
s 1303472500.506 localhost_12311 KPAV 27 1 00000000 
r 1303472514.792 localhost_12311 KPAV 27 1 00000000 
s 1303472521.508 localhost_12311 KPAV 27 1 00000000 
r 1303472535.794 localhost_12311 KPAV 27 1 00000000 
s 1303472542.511 localhost_12311 KPAV 27 1 00000000 
r 1303472542.798 localhost_12311 NTFY 28 1 00000000 1
// 1303472852.731 : Logging Stopped
// 1303472881.011 : Logging Started
s 1303472881.012 localhost_12312 HLLO 38 1 00000000 12313 localhost
r 1303472881.526 localhost_12311 HLLO 38 1 00000000 12311 localhost
r 1303472882.013 localhost_12312 HLLO 38 1 00000000 12312 localhost
s 1303472882.526 localhost_12311 HLLO 38 1 00000000 12313 localhost
r 1303472893.110 localhost_12311 STOR 210366 1 2fc0b7d3 
s 1303472904.015 localhost_12311 KPAV 27 1 00000000 
r 1303472913.529 localhost_12311 KPAV 27 1 00000000 
s 1303472925.018 localhost_12311 KPAV 27 1 00000000 
r 1303472934.531 localhost_12311 KPAV 27 1 00000000 
s 1303472941.331 localhost_12311 NTFY 28 1 00000000 1
// 1303472942.332 : Logging Stopped
// 1303472973.774 : Logging Started
s 1303472973.775 localhost_12312 HLLO 38 1 00000000 12313 localhost
r 1303472974.336 localhost_12311 HLLO 38 1 00000000 12311 localhost
r 1303472974.775 localhost_12312 HLLO 38 1 00000000 12312 localhost
s 1303472975.337 localhost_12311 HLLO 38 1 00000000 12313 localhost
r 1303472987.190 localhost_12311 STOR 210367 2 cd0aa0f2 
s 1303472996.776 localhost_12311 KPAV 27 1 00000000 
s 1303473001.519 localhost_12311 NTFY 28 1 00000000 1
// 1303473002.519 : Logging Stopped
// 1303473284.525 : Logging Started
s 1303473284.526 localhost_12312 HLLO 38 1 00000000 12313 localhost
r 1303473285.526 localhost_12312 HLLO 38 1 00000000 12312 localhost
s 1303473285.527 localhost_12311 HLLO 38 1 00000000 12313 localhost
r 1303473286.527 localhost_12311 HLLO 38 1 00000000 12311 localhost
r 1303473294.654 localhost_12311 STOR 210367 2 69d67514 
s 1303473304.888 localhost_12311 NTFY 28 1 00000000 1
// 1303473305.888 : Logging Stopped
